<?xml version="1.0" encoding="utf-8"?>
<TestRun id="8c5c59dd-096c-4cc6-adc5-eea77d5eebdc" name="@wangdingyudeMacBook-Pro 2026-06-04 12:04:38" xmlns="http://microsoft.com/schemas/VisualStudio/TeamTest/2010">
  <Times creation="2026-06-04T12:04:39.6156300+08:00" queuing="2026-06-04T12:04:39.6156300+08:00" start="2026-06-04T12:04:35.3207590+08:00" finish="2026-06-04T12:04:44.9612100+08:00" />
  <TestSettings name="default" id="c00b2b59-1807-4237-925a-32913501ed98">
    <Deployment runDeploymentRoot="_wangdingyudeMacBook-Pro_2026-06-04_12_04_38" />
  </TestSettings>
  <Results>
    <UnitTestResult executionId="c9a87209-0147-46e1-a0d1-137cd5399cbd" testId="8132f474-b32e-b83a-ed1e-20e61415bdca" testName="ProtocolGateway.Tests.MessageIntentTests.TagWrite_RecordProperties_AreCorrect" computerName="wangdingyudeMacBook-Pro" duration="00:00:00.0062068" startTime="2026-06-04T12:04:38.6384420+08:00" endTime="2026-06-04T12:04:38.6384420+08:00" testType="13cdc9d9-ddb5-4fa4-a97d-d965ccfc6d4b" outcome="Passed" testListId="8c84fa94-04c1-424b-9868-57a2d4851a1d" relativeResultsDirectory="c9a87209-0147-46e1-a0d1-137cd5399cbd" />
    <UnitTestResult executionId="2eeba5cb-b623-4f29-8abe-4c3e6bd456d6" testId="393af03b-041e-d2b9-dc44-df0f48c7e384" testName="ProtocolGateway.Tests.Pipeline.PipelineDeadLetterManagerTests.Add_WithoutStore_NoException" computerName="wangdingyudeMacBook-Pro" duration="00:00:00.0011346" startTime="2026-06-04T12:04:38.5872390+08:00" endTime="2026-06-04T12:04:38.5872390+08:00" testType="13cdc9d9-ddb5-4fa4-a97d-d965ccfc6d4b" outcome="Passed" testListId="8c84fa94-04c1-424b-9868-57a2d4851a1d" relativeResultsDirectory="2eeba5cb-b623-4f29-8abe-4c3e6bd456d6" />
    <UnitTestResult executionId="8b09353f-b904-4be4-a643-80975c4c613f" testId="7f5a8abc-be0a-9354-03ec-fe05c9cf641a" testName="ProtocolGateway.Tests.CancellationOnlyShutdownTests.IndustrialOutputPluginBase_OnStop_OnlyUsesCancellationToken" computerName="wangdingyudeMacBook-Pro" duration="00:00:00.0025664" startTime="2026-06-04T12:04:38.9055600+08:00" endTime="2026-06-04T12:04:38.9055600+08:00" testType="13cdc9d9-ddb5-4fa4-a97d-d965ccfc6d4b" outcome="Passed" testListId="8c84fa94-04c1-424b-9868-57a2d4851a1d" relativeResultsDirectory="8b09353f-b904-4be4-a643-80975c4c613f" />
    <UnitTestResult executionId="a8d915f0-f19e-425f-96d4-af28c9d67d1b" testId="aac5d47c-6e08-688e-3b79-c82f3233f54d" testName="ProtocolGateway.Tests.PipelineConcurrencyTests.Pipeline_ProcessAsync_AfterStop_IsIgnored" computerName="wangdingyudeMacBook-Pro" duration="00:00:00.0038029" startTime="2026-06-04T12:04:43.2781020+08:00" endTime="2026-06-04T12:04:43.2781020+08:00" testType="13cdc9d9-ddb5-4fa4-a97d-d965ccfc6d4b" outcome="Failed" testListId="8c84fa94-04c1-424b-9868-57a2d4851a1d" relativeResultsDirectory="a8d915f0-f19e-425f-96d4-af28c9d67d1b">
      <Output>
        <ErrorInfo>
          <Message>System.NullReferenceException : Object reference not set to an instance of an object.</Message>
          <StackTrace>   at ProtocolGateway.ResilientMessagePipeline.&lt;StartAsync&gt;b__64_0() in /Users/dingyuwang/0-X/ZL.PlcSimulator/src/ProtocolGateway/src/ProtocolGateway/Pipeline/ResilientMessagePipeline.cs:line 220
   at System.Threading.Tasks.Task`1.InnerInvoke()
   at System.Threading.ExecutionContext.RunFromThreadPoolDispatchLoop(Thread threadPoolThread, ExecutionContext executionContext, ContextCallback callback, Object state)
--- End of stack trace from previous location ---
   at System.Threading.ExecutionContext.RunFromThreadPoolDispatchLoop(Thread threadPoolThread, ExecutionContext executionContext, ContextCallback callback, Object state)
   at System.Threading.Tasks.Task.ExecuteWithThreadLocal(Task&amp; currentTaskSlot, Thread threadPoolThread)
--- End of stack trace from previous location ---
   at ProtocolGateway.ResilientMessagePipeline.StopAsync() in /Users/dingyuwang/0-X/ZL.PlcSimulator/src/ProtocolGateway/src/ProtocolGateway/Pipeline/ResilientMessagePipeline.cs:line 261
   at ProtocolGateway.Tests.PipelineConcurrencyTests.Pipeline_ProcessAsync_AfterStop_IsIgnored() in /Users/dingyuwang/0-X/ZL.PlcSimulator/src/ProtocolGateway/tests/ProtocolGateway.Tests/PipelineConcurrencyTests.cs:line 173
--- End of stack trace from previous location ---</StackTrace>
        </ErrorInfo>
      </Output>
    </UnitTestResult>
    <UnitTestResult executionId="79502c08-e6a5-4b38-b273-bb49edc83a12" testId="bd443eb5-7e73-85bd-5405-26c9216d2ac7" testName="ProtocolGateway.Tests.Pipeline.PipelineDeadLetterManagerTests.Add_QueueFullWithStore_PersistsEvicted" computerName="wangdingyudeMacBook-Pro" duration="00:00:00.1306402" startTime="2026-06-04T12:04:39.1013050+08:00" endTime="2026-06-04T12:04:39.1013060+08:00" testType="13cdc9d9-ddb5-4fa4-a97d-d965ccfc6d4b" outcome="Passed" testListId="8c84fa94-04c1-424b-9868-57a2d4851a1d" relativeResultsDirectory="79502c08-e6a5-4b38-b273-bb49edc83a12" />
    <UnitTestResult executionId="55ee7aba-b88a-42df-8aef-4643fd324b4f" testId="3715234b-0028-b241-c305-789c1af7801f" testName="ProtocolGateway.Tests.MessageTests.SetTextContent_ShouldSetPayloadAndContentType" computerName="wangdingyudeMacBook-Pro" duration="00:00:00.0003143" startTime="2026-06-04T12:04:38.6367380+08:00" endTime="2026-06-04T12:04:38.6367380+08:00" testType="13cdc9d9-ddb5-4fa4-a97d-d965ccfc6d4b" outcome="Passed" testListId="8c84fa94-04c1-424b-9868-57a2d4851a1d" relativeResultsDirectory="55ee7aba-b88a-42df-8aef-4643fd324b4f" />
    <UnitTestResult executionId="732bfed1-fd89-4d4f-b045-2a911d420e43" testId="78417720-bb1c-8b75-15b9-1d63d1d67e73" testName="ProtocolGateway.Tests.Transformers.TimeBasedSamplingTransformerTests.Build_ZeroInterval_Throws" computerName="wangdingyudeMacBook-Pro" duration="00:00:00.0044025" startTime="2026-06-04T12:04:38.5876330+08:00" endTime="2026-06-04T12:04:38.5876330+08:00" testType="13cdc9d9-ddb5-4fa4-a97d-d965ccfc6d4b" outcome="Passed" testListId="8c84fa94-04c1-424b-9868-57a2d4851a1d" relativeResultsDirectory="732bfed1-fd89-4d4f-b045-2a911d420e43" />
    <UnitTestResult executionId="7ab44ea4-ab42-43ce-b2c4-84f2d4726d1e" testId="044b1a6b-3f6d-6be0-ddc1-25677d1cfcfa" testName="ProtocolGateway.Tests.ResilientPipelineTests.ProcessAsync_OutputFails_MessageGoesToDeadLetterQueue" computerName="wangdingyudeMacBook-Pro" duration="00:00:00.7087068" startTime="2026-06-04T12:04:40.2882540+08:00" endTime="2026-06-04T12:04:40.2882540+08:00" testType="13cdc9d9-ddb5-4fa4-a97d-d965ccfc6d4b" outcome="Passed" testListId="8c84fa94-04c1-424b-9868-57a2d4851a1d" relativeResultsDirectory="7ab44ea4-ab42-43ce-b2c4-84f2d4726d1e" />
    <UnitTestResult executionId="2f427cc4-0dbe-48ba-8875-59999b391bc2" testId="ef026896-0323-cb4d-ea75-8e1cdd6f82b5" testName="ProtocolGateway.Tests.MessageTests.Constructor_ShouldInitializeWithDefaults" computerName="wangdingyudeMacBook-Pro" duration="00:00:00.0014804" startTime="2026-06-04T12:04:38.6365380+08:00" endTime="2026-06-04T12:04:38.6365380+08:00" testType="13cdc9d9-ddb5-4fa4-a97d-d965ccfc6d4b" outcome="Passed" testListId="8c84fa94-04c1-424b-9868-57a2d4851a1d" relativeResultsDirectory="2f427cc4-0dbe-48ba-8875-59999b391bc2" />
    <UnitTestResult executionId="5109f1c7-16a0-4b02-a845-8f9fe16779b2" testId="b378ce77-3467-d92b-cbae-8d9ed9756951" testName="ProtocolGateway.Tests.MessageIntentTests.MessageIntent_EnumValues_AreCorrect" computerName="wangdingyudeMacBook-Pro" duration="00:00:00.0099033" startTime="2026-06-04T12:04:38.6389120+08:00" endTime="2026-06-04T12:04:38.6389120+08:00" testType="13cdc9d9-ddb5-4fa4-a97d-d965ccfc6d4b" outcome="Passed" testListId="8c84fa94-04c1-424b-9868-57a2d4851a1d" relativeResultsDirectory="5109f1c7-16a0-4b02-a845-8f9fe16779b2" />
    <UnitTestResult executionId="ac1e8ba3-4d5d-4b9c-a59f-9fcfaa4341c1" testId="509eaf16-bfd1-1bb2-db2c-93c1f7dc874c" testName="ProtocolGateway.Tests.Pipeline.PipelineSendStrategyTests.ResolveSource_NullMessage_ReturnsEmpty" computerName="wangdingyudeMacBook-Pro" duration="00:00:00.0002653" startTime="2026-06-04T12:04:43.5707800+08:00" endTime="2026-06-04T12:04:43.5707800+08:00" testType="13cdc9d9-ddb5-4fa4-a97d-d965ccfc6d4b" outcome="Passed" testListId="8c84fa94-04c1-424b-9868-57a2d4851a1d" relativeResultsDirectory="ac1e8ba3-4d5d-4b9c-a59f-9fcfaa4341c1" />
    <UnitTestResult executionId="8a7935c9-33f2-4180-b874-8290727c6d04" testId="aeb16337-ea77-f0b9-3f93-6eaee18f919c" testName="ProtocolGateway.Tests.Transformers.TransformerConcurrencyTests.SamplingTransformer_ConcurrentAccess_NoCounterLoss" computerName="wangdingyudeMacBook-Pro" duration="00:00:00.0222820" startTime="2026-06-04T12:04:38.6693330+08:00" endTime="2026-06-04T12:04:38.6693330+08:00" testType="13cdc9d9-ddb5-4fa4-a97d-d965ccfc6d4b" outcome="Passed" testListId="8c84fa94-04c1-424b-9868-57a2d4851a1d" relativeResultsDirectory="8a7935c9-33f2-4180-b874-8290727c6d04" />
    <UnitTestResult executionId="91e4f408-d42d-4dae-99e7-06b9db33d248" testId="db81e8dd-6146-9f0f-9f28-dfc4873166d8" testName="ProtocolGateway.Tests.CircuitBreakerTests.CircuitBreaker_HalfOpen_RecordSuccess_BecomesClosed" computerName="wangdingyudeMacBook-Pro" duration="00:00:00.0717726" startTime="2026-06-04T12:04:38.5861500+08:00" endTime="2026-06-04T12:04:38.5861500+08:00" testType="13cdc9d9-ddb5-4fa4-a97d-d965ccfc6d4b" outcome="Passed" testListId="8c84fa94-04c1-424b-9868-57a2d4851a1d" relativeResultsDirectory="91e4f408-d42d-4dae-99e7-06b9db33d248" />
    <UnitTestResult executionId="5cc5c326-f661-4578-9ae9-64835ac8f9e5" testId="655c5309-7e8d-971c-8e4a-e758420a4fb2" testName="ProtocolGateway.Tests.Pipeline.PipelineDeadLetterManagerTests.Add_ExceedsMaxRetries_DoesNotEnqueue" computerName="wangdingyudeMacBook-Pro" duration="00:00:00.0008718" startTime="2026-06-04T12:04:38.5856690+08:00" endTime="2026-06-04T12:04:38.5856690+08:00" testType="13cdc9d9-ddb5-4fa4-a97d-d965ccfc6d4b" outcome="Passed" testListId="8c84fa94-04c1-424b-9868-57a2d4851a1d" relativeResultsDirectory="5cc5c326-f661-4578-9ae9-64835ac8f9e5" />
    <UnitTestResult executionId="b50615dc-8fb4-4b42-b58b-ddfd4d84ff78" testId="39702ef0-4d5a-d203-b243-a28b4d1f7640" testName="ProtocolGateway.Tests.PipelineConcurrencyTests.Pipeline_ProcessesMultipleConcurrentMessages" computerName="wangdingyudeMacBook-Pro" duration="00:00:00.5043536" startTime="2026-06-04T12:04:39.6126280+08:00" endTime="2026-06-04T12:04:39.6126290+08:00" testType="13cdc9d9-ddb5-4fa4-a97d-d965ccfc6d4b" outcome="Passed" testListId="8c84fa94-04c1-424b-9868-57a2d4851a1d" relativeResultsDirectory="b50615dc-8fb4-4b42-b58b-ddfd4d84ff78" />
    <UnitTestResult executionId="200eb6be-94b4-43f4-a5c9-23275498d9b9" testId="bd991887-587a-69d5-3654-7689101faeb4" testName="ProtocolGateway.Tests.CircuitBreakerRecoveryTests.CircuitBreaker_HalfOpen_Success_ResetsToClosed" computerName="wangdingyudeMacBook-Pro" duration="00:00:01.5682870" startTime="2026-06-04T12:04:41.9129290+08:00" endTime="2026-06-04T12:04:41.9129290+08:00" testType="13cdc9d9-ddb5-4fa4-a97d-d965ccfc6d4b" outcome="Passed" testListId="8c84fa94-04c1-424b-9868-57a2d4851a1d" relativeResultsDirectory="200eb6be-94b4-43f4-a5c9-23275498d9b9" />
    <UnitTestResult executionId="d981f6a9-e08d-40c2-be2d-b2b761e0d58f" testId="b374cbf4-f79f-1c76-5f0b-9cee1d1e979c" testName="ProtocolGateway.Tests.Transformers.TimeBasedSamplingTransformerTests.Reset_RestartsTimer" computerName="wangdingyudeMacBook-Pro" duration="00:00:00.0041999" startTime="2026-06-04T12:04:38.5853420+08:00" endTime="2026-06-04T12:04:38.5853420+08:00" testType="13cdc9d9-ddb5-4fa4-a97d-d965ccfc6d4b" outcome="Passed" testListId="8c84fa94-04c1-424b-9868-57a2d4851a1d" relativeResultsDirectory="d981f6a9-e08d-40c2-be2d-b2b761e0d58f" />
    <UnitTestResult executionId="9a55a052-9116-4c83-9956-c11c72a61cb2" testId="9f2a1e77-4b5b-4b42-440e-55a18d582d9a" testName="ProtocolGateway.Tests.ResilientPipelineTests.Filter_RemovesFilteredMessages" computerName="wangdingyudeMacBook-Pro" duration="00:00:00.1030568" startTime="2026-06-04T12:04:44.0773400+08:00" endTime="2026-06-04T12:04:44.0773410+08:00" testType="13cdc9d9-ddb5-4fa4-a97d-d965ccfc6d4b" outcome="Passed" testListId="8c84fa94-04c1-424b-9868-57a2d4851a1d" relativeResultsDirectory="9a55a052-9116-4c83-9956-c11c72a61cb2" />
    <UnitTestResult executionId="690a4d75-4e7a-4062-a2a9-423f14892da9" testId="9f06f760-84b6-83ba-6fd9-081506e7104d" testName="ProtocolGateway.Tests.Pipeline.PipelineDeadLetterManagerTests.Clear_EmptiesQueue" computerName="wangdingyudeMacBook-Pro" duration="00:00:00.0019414" startTime="2026-06-04T12:04:38.5853690+08:00" endTime="2026-06-04T12:04:38.5853690+08:00" testType="13cdc9d9-ddb5-4fa4-a97d-d965ccfc6d4b" outcome="Passed" testListId="8c84fa94-04c1-424b-9868-57a2d4851a1d" relativeResultsDirectory="690a4d75-4e7a-4062-a2a9-423f14892da9" />
    <UnitTestResult executionId="0e81d3d2-1c93-4de6-89bc-3e11d9344f04" testId="45a627d8-9a92-9dcc-d546-36b22acb7fad" testName="ProtocolGateway.Tests.Pipeline.MessageRouterTests.Route_DeduplicatesOutputNames" computerName="wangdingyudeMacBook-Pro" duration="00:00:00.0011911" startTime="2026-06-04T12:04:38.5815950+08:00" endTime="2026-06-04T12:04:38.5815950+08:00" testType="13cdc9d9-ddb5-4fa4-a97d-d965ccfc6d4b" outcome="Passed" testListId="8c84fa94-04c1-424b-9868-57a2d4851a1d" relativeResultsDirectory="0e81d3d2-1c93-4de6-89bc-3e11d9344f04" />
    <UnitTestResult executionId="aed435d7-8b59-494f-acc7-452f516ba83d" testId="bde92b0d-d929-c7b4-ad46-9d4c1fb46810" testName="ProtocolGateway.Tests.MessageImmutabilityTests.TraceId_Property_ReadsAndWritesMetadata" computerName="wangdingyudeMacBook-Pro" duration="00:00:00.0008295" startTime="2026-06-04T12:04:38.5746650+08:00" endTime="2026-06-04T12:04:38.5746650+08:00" testType="13cdc9d9-ddb5-4fa4-a97d-d965ccfc6d4b" outcome="Passed" testListId="8c84fa94-04c1-424b-9868-57a2d4851a1d" relativeResultsDirectory="aed435d7-8b59-494f-acc7-452f516ba83d" />
    <UnitTestResult executionId="1460fe91-1f1b-4669-8d0c-268c3d4b2f25" testId="e2f8a39e-4bfd-708a-5980-7a7e34aaf267" testName="ProtocolGateway.Tests.PipelineConcurrencyTests.Pipeline_ProcessAsync_NullMessage_IsIgnored" computerName="wangdingyudeMacBook-Pro" duration="00:00:00.0031975" startTime="2026-06-04T12:04:39.6163120+08:00" endTime="2026-06-04T12:04:39.6163130+08:00" testType="13cdc9d9-ddb5-4fa4-a97d-d965ccfc6d4b" outcome="Passed" testListId="8c84fa94-04c1-424b-9868-57a2d4851a1d" relativeResultsDirectory="1460fe91-1f1b-4669-8d0c-268c3d4b2f25" />
    <UnitTestResult executionId="787c604c-941b-4479-84c2-31f0f93a8762" testId="82c9fbd2-abb8-f316-4bfd-dc7c9305d535" testName="ProtocolGateway.Tests.GatewayMetricsSnapshotIntegrationTests.GatewayMetricsSnapshot_HasPipelineMetricsProperty" computerName="wangdingyudeMacBook-Pro" duration="00:00:00.0598442" startTime="2026-06-04T12:04:38.5330590+08:00" endTime="2026-06-04T12:04:38.5330590+08:00" testType="13cdc9d9-ddb5-4fa4-a97d-d965ccfc6d4b" outcome="Passed" testListId="8c84fa94-04c1-424b-9868-57a2d4851a1d" relativeResultsDirectory="787c604c-941b-4479-84c2-31f0f93a8762" />
    <UnitTestResult executionId="d51aa071-9ae9-46af-a572-7253c0c40d49" testId="488e52ed-f7a6-eb18-29e6-ae29ce43b803" testName="ProtocolGateway.Tests.Pipeline.MessageRouterTests.Route_NonMatchingRule_ReturnsEmpty" computerName="wangdingyudeMacBook-Pro" duration="00:00:00.0012480" startTime="2026-06-04T12:04:38.5756000+08:00" endTime="2026-06-04T12:04:38.5756000+08:00" testType="13cdc9d9-ddb5-4fa4-a97d-d965ccfc6d4b" outcome="Passed" testListId="8c84fa94-04c1-424b-9868-57a2d4851a1d" relativeResultsDirectory="d51aa071-9ae9-46af-a572-7253c0c40d49" />
    <UnitTestResult executionId="8f7e3058-3ab6-4368-af2d-04df71a785aa" testId="948339be-8929-c19f-8d39-7cdae7c83fe9" testName="ProtocolGateway.Tests.Transformers.DeadbandTransformerTests.Build_RelativeDeadband_SmallPercentChange_Filtered" computerName="wangdingyudeMacBook-Pro" duration="00:00:00.0106841" startTime="2026-06-04T12:04:38.6346640+08:00" endTime="2026-06-04T12:04:38.6346640+08:00" testType="13cdc9d9-ddb5-4fa4-a97d-d965ccfc6d4b" outcome="Passed" testListId="8c84fa94-04c1-424b-9868-57a2d4851a1d" relativeResultsDirectory="8f7e3058-3ab6-4368-af2d-04df71a785aa" />
    <UnitTestResult executionId="b4f96ab8-07f0-47ab-a6fa-f4df1f151d95" testId="b30654af-908d-120b-eaa6-aef606f0ccf6" testName="ProtocolGateway.Tests.Transformers.TimeBasedSamplingTransformerTests.Build_OneSecondInterval_PassesAfterInterval" computerName="wangdingyudeMacBook-Pro" duration="00:00:00.0063116" startTime="2026-06-04T12:04:38.5849470+08:00" endTime="2026-06-04T12:04:38.5849470+08:00" testType="13cdc9d9-ddb5-4fa4-a97d-d965ccfc6d4b" outcome="Passed" testListId="8c84fa94-04c1-424b-9868-57a2d4851a1d" relativeResultsDirectory="b4f96ab8-07f0-47ab-a6fa-f4df1f151d95" />
    <UnitTestResult executionId="e6b592e2-f4d9-4ec4-8744-db76e3be07a4" testId="4dd1acd4-dd7e-7e61-f0b5-af889a32c0fb" testName="ProtocolGateway.Tests.Pipeline.PipelineDeadLetterManagerTests.Add_QueueFull_DropsOldest" computerName="wangdingyudeMacBook-Pro" duration="00:00:00.0391106" startTime="2026-06-04T12:04:38.5851960+08:00" endTime="2026-06-04T12:04:38.5851960+08:00" testType="13cdc9d9-ddb5-4fa4-a97d-d965ccfc6d4b" outcome="Passed" testListId="8c84fa94-04c1-424b-9868-57a2d4851a1d" relativeResultsDirectory="e6b592e2-f4d9-4ec4-8744-db76e3be07a4" />
    <UnitTestResult executionId="1a28a3db-9955-4e0f-8a78-12d9e1fff4ff" testId="8e04802b-9eda-9f5d-d7cf-1164ec3b2b28" testName="ProtocolGateway.Tests.Transformers.DeadbandTransformerTests.Build_AbsoluteDeadband_LargeChange_Passes" computerName="wangdingyudeMacBook-Pro" duration="00:00:00.0103550" startTime="2026-06-04T12:04:38.6382120+08:00" endTime="2026-06-04T12:04:38.6382120+08:00" testType="13cdc9d9-ddb5-4fa4-a97d-d965ccfc6d4b" outcome="Passed" testListId="8c84fa94-04c1-424b-9868-57a2d4851a1d" relativeResultsDirectory="1a28a3db-9955-4e0f-8a78-12d9e1fff4ff" />
    <UnitTestResult executionId="b7f2e719-91d6-4e85-9b26-b831e661e720" testId="232065f1-d75b-9a2d-3698-1607ee5b875b" testName="ProtocolGateway.Tests.MessageTests.ContentConversion_ShouldHandleVariousInputs(content: &quot;&quot;, contentType: &quot;json&quot;)" computerName="wangdingyudeMacBook-Pro" duration="00:00:00.0003601" startTime="2026-06-04T12:04:38.6316830+08:00" endTime="2026-06-04T12:04:38.6316830+08:00" testType="13cdc9d9-ddb5-4fa4-a97d-d965ccfc6d4b" outcome="Passed" testListId="8c84fa94-04c1-424b-9868-57a2d4851a1d" relativeResultsDirectory="b7f2e719-91d6-4e85-9b26-b831e661e720" />
    <UnitTestResult executionId="4d18c2c0-46d7-4270-86e3-b607f571a00f" testId="076b1e36-501c-6632-c152-1b2329fedfed" testName="ProtocolGateway.Tests.DeadLetterStoreAsyncTests.AddAsync_NullEntry_IsIgnored" computerName="wangdingyudeMacBook-Pro" duration="00:00:00.2499670" startTime="2026-06-04T12:04:38.8049700+08:00" endTime="2026-06-04T12:04:38.8049710+08:00" testType="13cdc9d9-ddb5-4fa4-a97d-d965ccfc6d4b" outcome="Passed" testListId="8c84fa94-04c1-424b-9868-57a2d4851a1d" relativeResultsDirectory="4d18c2c0-46d7-4270-86e3-b607f571a00f" />
    <UnitTestResult executionId="f806e51f-3da6-46a6-ad18-5cc2a1f2b59c" testId="f587e777-ec0f-1c50-c314-0ae77267d1dc" testName="ProtocolGateway.Tests.PipelineMetricsCollectorTests.RecordFailure_ShouldTrackErrorRate" computerName="wangdingyudeMacBook-Pro" duration="00:00:00.0003562" startTime="2026-06-04T12:04:38.6362360+08:00" endTime="2026-06-04T12:04:38.6362370+08:00" testType="13cdc9d9-ddb5-4fa4-a97d-d965ccfc6d4b" outcome="Passed" testListId="8c84fa94-04c1-424b-9868-57a2d4851a1d" relativeResultsDirectory="f806e51f-3da6-46a6-ad18-5cc2a1f2b59c" />
    <UnitTestResult executionId="39382c27-a637-4c8f-879c-ec9c653d2bfa" testId="066fa46e-4ff9-2acb-397b-427678b0d091" testName="ProtocolGateway.Tests.MessageIntentTests.Message_Writes_DefaultEmptyList" computerName="wangdingyudeMacBook-Pro" duration="00:00:00.0007769" startTime="2026-06-04T12:04:38.5832060+08:00" endTime="2026-06-04T12:04:38.5832070+08:00" testType="13cdc9d9-ddb5-4fa4-a97d-d965ccfc6d4b" outcome="Passed" testListId="8c84fa94-04c1-424b-9868-57a2d4851a1d" relativeResultsDirectory="39382c27-a637-4c8f-879c-ec9c653d2bfa" />
    <UnitTestResult executionId="875a9461-effb-48e9-a695-b137c0cbf35d" testId="6f2b8d0a-a542-8a1f-d8ec-692be5d706c8" testName="ProtocolGateway.Tests.ResilientPipelineTests.MultipleOutputs_OneFails_OtherSucceeds" computerName="wangdingyudeMacBook-Pro" duration="00:00:00.7766670" startTime="2026-06-04T12:04:39.5791720+08:00" endTime="2026-06-04T12:04:39.5791720+08:00" testType="13cdc9d9-ddb5-4fa4-a97d-d965ccfc6d4b" outcome="Passed" testListId="8c84fa94-04c1-424b-9868-57a2d4851a1d" relativeResultsDirectory="875a9461-effb-48e9-a695-b137c0cbf35d" />
    <UnitTestResult executionId="49e93cf6-2b5a-4581-ae2b-99d35a1e3208" testId="f9eb5695-ab43-65d9-36fb-001488c7f2d5" testName="ProtocolGateway.Tests.Pipeline.PipelineSendStrategyTests.SendAsync_Timeout_FailsWithTimeoutException" computerName="wangdingyudeMacBook-Pro" duration="00:00:05.0184007" startTime="2026-06-04T12:04:43.5186520+08:00" endTime="2026-06-04T12:04:43.5186520+08:00" testType="13cdc9d9-ddb5-4fa4-a97d-d965ccfc6d4b" outcome="Passed" testListId="8c84fa94-04c1-424b-9868-57a2d4851a1d" relativeResultsDirectory="49e93cf6-2b5a-4581-ae2b-99d35a1e3208" />
    <UnitTestResult executionId="7d6f23ee-5151-44fa-918c-b024fc9b80c2" testId="6696108c-e892-cebc-26ea-6ccd79e6cb1a" testName="ProtocolGateway.Tests.Pipeline.MessageRouterTests.Route_NullCondition_ReturnsFalse" computerName="wangdingyudeMacBook-Pro" duration="00:00:00.0119939" startTime="2026-06-04T12:04:38.5754540+08:00" endTime="2026-06-04T12:04:38.5754550+08:00" testType="13cdc9d9-ddb5-4fa4-a97d-d965ccfc6d4b" outcome="Passed" testListId="8c84fa94-04c1-424b-9868-57a2d4851a1d" relativeResultsDirectory="7d6f23ee-5151-44fa-918c-b024fc9b80c2" />
    <UnitTestResult executionId="9b935a94-0603-40d8-9785-23e577fca161" testId="e22bad8a-dfb9-183b-8a09-93e35281450a" testName="ProtocolGateway.Tests.CircuitBreakerTests.CircuitBreaker_ConcurrentRecordFailure_ThreadSafe" computerName="wangdingyudeMacBook-Pro" duration="00:00:00.0024709" startTime="2026-06-04T12:04:38.8716250+08:00" endTime="2026-06-04T12:04:38.8716250+08:00" testType="13cdc9d9-ddb5-4fa4-a97d-d965ccfc6d4b" outcome="Passed" testListId="8c84fa94-04c1-424b-9868-57a2d4851a1d" relativeResultsDirectory="9b935a94-0603-40d8-9785-23e577fca161" />
    <UnitTestResult executionId="83cde490-661c-40f3-b7d0-1a1c05735102" testId="aa0fa90a-abd1-c43c-cd08-64dc98016979" testName="ProtocolGateway.Tests.DeadLetterStoreAsyncTests.AddAsync_ExceedsMaxRows_TrimsOldest" computerName="wangdingyudeMacBook-Pro" duration="00:00:00.0492402" startTime="2026-06-04T12:04:39.0436980+08:00" endTime="2026-06-04T12:04:39.0436980+08:00" testType="13cdc9d9-ddb5-4fa4-a97d-d965ccfc6d4b" outcome="Passed" testListId="8c84fa94-04c1-424b-9868-57a2d4851a1d" relativeResultsDirectory="83cde490-661c-40f3-b7d0-1a1c05735102" />
    <UnitTestResult executionId="8172ba34-e672-455d-9d7a-e4fa7b4ca4c5" testId="954ad5a2-3e7d-b4dc-fe52-616a04cd5b8e" testName="ProtocolGateway.Tests.CircuitBreakerTests.CircuitBreaker_RecordFailure_ReachesThreshold_BecomesOpen" computerName="wangdingyudeMacBook-Pro" duration="00:00:00.0005118" startTime="2026-06-04T12:04:38.5874870+08:00" endTime="2026-06-04T12:04:38.5874870+08:00" testType="13cdc9d9-ddb5-4fa4-a97d-d965ccfc6d4b" outcome="Passed" testListId="8c84fa94-04c1-424b-9868-57a2d4851a1d" relativeResultsDirectory="8172ba34-e672-455d-9d7a-e4fa7b4ca4c5" />
    <UnitTestResult executionId="6d91b768-74d9-4858-bceb-9865ecc5dae1" testId="b458286c-abca-e73c-a296-ac819d8aa648" testName="ProtocolGateway.Tests.MessageTests.Metadata_ShouldBeModifiable" computerName="wangdingyudeMacBook-Pro" duration="00:00:00.0026118" startTime="2026-06-04T12:04:38.6366390+08:00" endTime="2026-06-04T12:04:38.6366390+08:00" testType="13cdc9d9-ddb5-4fa4-a97d-d965ccfc6d4b" outcome="Passed" testListId="8c84fa94-04c1-424b-9868-57a2d4851a1d" relativeResultsDirectory="6d91b768-74d9-4858-bceb-9865ecc5dae1" />
    <UnitTestResult executionId="51a6f1d2-86e4-4041-9664-18bbed80b363" testId="c579c723-9313-4e82-2a3d-394cf1d55f61" testName="ProtocolGateway.Tests.PipelineConcurrencyTests.Pipeline_BackpressureBlocksWhenChannelFull" computerName="wangdingyudeMacBook-Pro" duration="00:00:02.0040296" startTime="2026-06-04T12:04:42.6260820+08:00" endTime="2026-06-04T12:04:42.6260820+08:00" testType="13cdc9d9-ddb5-4fa4-a97d-d965ccfc6d4b" outcome="Passed" testListId="8c84fa94-04c1-424b-9868-57a2d4851a1d" relativeResultsDirectory="51a6f1d2-86e4-4041-9664-18bbed80b363" />
    <UnitTestResult executionId="5eba2bb6-e224-48c9-864b-2201722f1071" testId="15504c97-8083-b43d-5939-d5bac077aa93" testName="ProtocolGateway.Tests.PipelineConcurrencyTests.Pipeline_NoMessagesLostUnderLoad" computerName="wangdingyudeMacBook-Pro" duration="00:00:01.0046492" startTime="2026-06-04T12:04:44.2670380+08:00" endTime="2026-06-04T12:04:44.2670380+08:00" testType="13cdc9d9-ddb5-4fa4-a97d-d965ccfc6d4b" outcome="Passed" testListId="8c84fa94-04c1-424b-9868-57a2d4851a1d" relativeResultsDirectory="5eba2bb6-e224-48c9-864b-2201722f1071" />
    <UnitTestResult executionId="b0d69fa7-8982-4166-b469-b5ac859d8c54" testId="f80da1a3-c7b6-320c-9779-08b4e73dfa95" testName="ProtocolGateway.Tests.Pipeline.PipelineSendStrategyTests.CreateCircuitOpenResult_HasCorrectStatus" computerName="wangdingyudeMacBook-Pro" duration="00:00:00.0004161" startTime="2026-06-04T12:04:43.5335520+08:00" endTime="2026-06-04T12:04:43.5335520+08:00" testType="13cdc9d9-ddb5-4fa4-a97d-d965ccfc6d4b" outcome="Passed" testListId="8c84fa94-04c1-424b-9868-57a2d4851a1d" relativeResultsDirectory="b0d69fa7-8982-4166-b469-b5ac859d8c54" />
    <UnitTestResult executionId="438c4f09-23c3-41a7-b124-603908bc84f3" testId="8e83b613-e3c3-4c75-e9dd-57169717b40c" testName="ProtocolGateway.Tests.Pipeline.MessageRouterTests.Route_NoRules_ReturnsEmpty" computerName="wangdingyudeMacBook-Pro" duration="00:00:00.0003467" startTime="2026-06-04T12:04:38.5804280+08:00" endTime="2026-06-04T12:04:38.5804280+08:00" testType="13cdc9d9-ddb5-4fa4-a97d-d965ccfc6d4b" outcome="Passed" testListId="8c84fa94-04c1-424b-9868-57a2d4851a1d" relativeResultsDirectory="438c4f09-23c3-41a7-b124-603908bc84f3" />
    <UnitTestResult executionId="43e0bdb0-3f10-4e1f-9b7e-ac1f9c313a87" testId="c2525f5c-0647-e15c-fa15-83f810e2b94b" testName="ProtocolGateway.Tests.MessageTests.ContentConversion_ShouldHandleVariousInputs(content: &quot;not-json&quot;, contentType: &quot;json&quot;)" computerName="wangdingyudeMacBook-Pro" duration="00:00:00.0000397" startTime="2026-06-04T12:04:38.6320470+08:00" endTime="2026-06-04T12:04:38.6320470+08:00" testType="13cdc9d9-ddb5-4fa4-a97d-d965ccfc6d4b" outcome="Passed" testListId="8c84fa94-04c1-424b-9868-57a2d4851a1d" relativeResultsDirectory="43e0bdb0-3f10-4e1f-9b7e-ac1f9c313a87" />
    <UnitTestResult executionId="0caa9d70-c24b-491e-a8c8-ebc2131d5e99" testId="2875f3c6-d9b0-2c39-ff70-d0a55da853c8" testName="ProtocolGateway.Tests.Pipeline.PipelineDeadLetterManagerTests.Add_IncrementsRetryCount" computerName="wangdingyudeMacBook-Pro" duration="00:00:00.0009327" startTime="2026-06-04T12:04:39.1037180+08:00" endTime="2026-06-04T12:04:39.1037180+08:00" testType="13cdc9d9-ddb5-4fa4-a97d-d965ccfc6d4b" outcome="Passed" testListId="8c84fa94-04c1-424b-9868-57a2d4851a1d" relativeResultsDirectory="0caa9d70-c24b-491e-a8c8-ebc2131d5e99" />
    <UnitTestResult executionId="20b570c8-aa82-480d-9037-c1ad4c844b36" testId="b8627ddc-2aba-a406-0407-dfbd52ff4072" testName="ProtocolGateway.Tests.DeadLetterStoreAsyncTests.ClearAsync_ShouldRemoveAllEntries" computerName="wangdingyudeMacBook-Pro" duration="00:00:00.0239126" startTime="2026-06-04T12:04:38.9717270+08:00" endTime="2026-06-04T12:04:38.9717280+08:00" testType="13cdc9d9-ddb5-4fa4-a97d-d965ccfc6d4b" outcome="Passed" testListId="8c84fa94-04c1-424b-9868-57a2d4851a1d" relativeResultsDirectory="20b570c8-aa82-480d-9037-c1ad4c844b36" />
    <UnitTestResult executionId="ccccdca1-3594-42cc-b9f7-73387b0f2aaa" testId="5a46be3a-0a0f-c19f-ee8a-eaaf28efe6fa" testName="ProtocolGateway.Tests.Pipeline.PipelineSendStrategyTests.CreateSuccessResult_PopulatesAllFields" computerName="wangdingyudeMacBook-Pro" duration="00:00:00.0074131" startTime="2026-06-04T12:04:43.5262940+08:00" endTime="2026-06-04T12:04:43.5262940+08:00" testType="13cdc9d9-ddb5-4fa4-a97d-d965ccfc6d4b" outcome="Passed" testListId="8c84fa94-04c1-424b-9868-57a2d4851a1d" relativeResultsDirectory="ccccdca1-3594-42cc-b9f7-73387b0f2aaa" />
    <UnitTestResult executionId="a9dd7fe3-896c-4136-aa75-73c14816c3da" testId="168a0ed7-51d8-662e-5971-e02aa9068302" testName="ProtocolGateway.Tests.PipelineConcurrencyTests.Pipeline_ProcessesMessagesFromMultipleThreads" computerName="wangdingyudeMacBook-Pro" duration="00:00:00.6722425" startTime="2026-06-04T12:04:39.1079210+08:00" endTime="2026-06-04T12:04:39.1079210+08:00" testType="13cdc9d9-ddb5-4fa4-a97d-d965ccfc6d4b" outcome="Passed" testListId="8c84fa94-04c1-424b-9868-57a2d4851a1d" relativeResultsDirectory="a9dd7fe3-896c-4136-aa75-73c14816c3da" />
    <UnitTestResult executionId="fd568715-eae7-402d-8504-b0e570006342" testId="d345d68a-d2dd-8f5b-9f89-286b8ea8c578" testName="ProtocolGateway.Tests.CircuitBreakerTests.CircuitBreaker_Reset_FromOpen_BecomesClosed" computerName="wangdingyudeMacBook-Pro" duration="00:00:00.0007249" startTime="2026-06-04T12:04:38.5877200+08:00" endTime="2026-06-04T12:04:38.5877200+08:00" testType="13cdc9d9-ddb5-4fa4-a97d-d965ccfc6d4b" outcome="Passed" testListId="8c84fa94-04c1-424b-9868-57a2d4851a1d" relativeResultsDirectory="fd568715-eae7-402d-8504-b0e570006342" />
    <UnitTestResult executionId="78452f2b-b952-4cfb-991d-e37264fe1df5" testId="27ded398-0f10-743f-bbe6-2ff170cef024" testName="ProtocolGateway.Tests.Transformers.SamplingTransformerTests.Reset_RestartsCounting" computerName="wangdingyudeMacBook-Pro" duration="00:00:00.0063798" startTime="2026-06-04T12:04:38.5881250+08:00" endTime="2026-06-04T12:04:38.5881250+08:00" testType="13cdc9d9-ddb5-4fa4-a97d-d965ccfc6d4b" outcome="Passed" testListId="8c84fa94-04c1-424b-9868-57a2d4851a1d" relativeResultsDirectory="78452f2b-b952-4cfb-991d-e37264fe1df5" />
    <UnitTestResult executionId="e92d58e9-c153-49d5-8652-1bb1a8d10740" testId="e5aea07c-ebdf-4dd1-536f-aabaa98b3a58" testName="ProtocolGateway.Tests.MessageIntentTests.Message_TagWriteIntent_WithWrites" computerName="wangdingyudeMacBook-Pro" duration="00:00:00.0010330" startTime="2026-06-04T12:04:38.6424090+08:00" endTime="2026-06-04T12:04:38.6424090+08:00" testType="13cdc9d9-ddb5-4fa4-a97d-d965ccfc6d4b" outcome="Passed" testListId="8c84fa94-04c1-424b-9868-57a2d4851a1d" relativeResultsDirectory="e92d58e9-c153-49d5-8652-1bb1a8d10740" />
    <UnitTestResult executionId="0f8c46b8-ef8a-4356-8a1e-3ea5f6d047c5" testId="225767d5-8f47-a3fe-85f7-4ebc0d2c458a" testName="ProtocolGateway.Tests.MessageImmutabilityTests.Clone_ShouldCreateIndependentCopy" computerName="wangdingyudeMacBook-Pro" duration="00:00:00.0096971" startTime="2026-06-04T12:04:38.5751460+08:00" endTime="2026-06-04T12:04:38.5751460+08:00" testType="13cdc9d9-ddb5-4fa4-a97d-d965ccfc6d4b" outcome="Passed" testListId="8c84fa94-04c1-424b-9868-57a2d4851a1d" relativeResultsDirectory="0f8c46b8-ef8a-4356-8a1e-3ea5f6d047c5" />
    <UnitTestResult executionId="6a85662f-1c69-42f8-b6a1-fab80c37e7a2" testId="cee08d1e-f664-14b9-1bd7-e4f541b849ae" testName="ProtocolGateway.Tests.Pipeline.PipelineSendStrategyTests.CreateSkippedResult_HasCorrectStatus" computerName="wangdingyudeMacBook-Pro" duration="00:00:00.0497888" startTime="2026-06-04T12:04:38.5258750+08:00" endTime="2026-06-04T12:04:38.5258750+08:00" testType="13cdc9d9-ddb5-4fa4-a97d-d965ccfc6d4b" outcome="Passed" testListId="8c84fa94-04c1-424b-9868-57a2d4851a1d" relativeResultsDirectory="6a85662f-1c69-42f8-b6a1-fab80c37e7a2" />
    <UnitTestResult executionId="2b586f7a-c467-4084-8266-df129cbcbef1" testId="e83756e1-d532-a908-00ae-1977fe9ff134" testName="ProtocolGateway.Tests.PipelineMetricsCollectorTests.RecordSuccess_Multiple_ShouldTrackTotal" computerName="wangdingyudeMacBook-Pro" duration="00:00:00.0005971" startTime="2026-06-04T12:04:38.6344010+08:00" endTime="2026-06-04T12:04:38.6344010+08:00" testType="13cdc9d9-ddb5-4fa4-a97d-d965ccfc6d4b" outcome="Passed" testListId="8c84fa94-04c1-424b-9868-57a2d4851a1d" relativeResultsDirectory="2b586f7a-c467-4084-8266-df129cbcbef1" />
    <UnitTestResult executionId="81737e72-e3ac-4356-ac91-2bbcdce952a6" testId="83a1fb63-5d70-db38-87d5-794288994847" testName="ProtocolGateway.Tests.PipelineConcurrencyTests.Pipeline_TransformerModifiesMessage" computerName="wangdingyudeMacBook-Pro" duration="00:00:00.3083329" startTime="2026-06-04T12:04:44.5756750+08:00" endTime="2026-06-04T12:04:44.5756760+08:00" testType="13cdc9d9-ddb5-4fa4-a97d-d965ccfc6d4b" outcome="Passed" testListId="8c84fa94-04c1-424b-9868-57a2d4851a1d" relativeResultsDirectory="81737e72-e3ac-4356-ac91-2bbcdce952a6" />
    <UnitTestResult executionId="471997a0-49f8-47c5-8bd9-d4812f9f6db5" testId="d859fbca-b992-3740-6f65-0baee1abbbd0" testName="ProtocolGateway.Tests.Transformers.TimeBasedSamplingTransformerTests.Build_100MsInterval_RateLimiting" computerName="wangdingyudeMacBook-Pro" duration="00:00:00.0022693" startTime="2026-06-04T12:04:38.5858830+08:00" endTime="2026-06-04T12:04:38.5858840+08:00" testType="13cdc9d9-ddb5-4fa4-a97d-d965ccfc6d4b" outcome="Passed" testListId="8c84fa94-04c1-424b-9868-57a2d4851a1d" relativeResultsDirectory="471997a0-49f8-47c5-8bd9-d4812f9f6db5" />
    <UnitTestResult executionId="230ec253-d3c2-4551-a211-2903bee70e18" testId="d139e6db-ef81-9fa5-2bb2-3704cff888db" testName="ProtocolGateway.Tests.Pipeline.MessageRouterTests.Route_ShortCircuit_StopsAtFirstMatch" computerName="wangdingyudeMacBook-Pro" duration="00:00:00.0033284" startTime="2026-06-04T12:04:38.5830730+08:00" endTime="2026-06-04T12:04:38.5830730+08:00" testType="13cdc9d9-ddb5-4fa4-a97d-d965ccfc6d4b" outcome="Passed" testListId="8c84fa94-04c1-424b-9868-57a2d4851a1d" relativeResultsDirectory="230ec253-d3c2-4551-a211-2903bee70e18" />
    <UnitTestResult executionId="911ed606-88a1-46ef-b313-20aa890571fc" testId="c2bd94e4-84ee-3ef5-77be-902992e023d7" testName="ProtocolGateway.Tests.Pipeline.MessageRouterTests.Route_NonShortCircuit_MatchesAllRules" computerName="wangdingyudeMacBook-Pro" duration="00:00:00.0028733" startTime="2026-06-04T12:04:38.5812530+08:00" endTime="2026-06-04T12:04:38.5812530+08:00" testType="13cdc9d9-ddb5-4fa4-a97d-d965ccfc6d4b" outcome="Passed" testListId="8c84fa94-04c1-424b-9868-57a2d4851a1d" relativeResultsDirectory="911ed606-88a1-46ef-b313-20aa890571fc" />
    <UnitTestResult executionId="00e23f37-4a32-4d3e-b6ce-75b54d7d892a" testId="a01946d0-53b9-f8e8-2b29-2807f714eee2" testName="ProtocolGateway.Tests.ResilientPipelineTests.Transformer_ModifiesMessageBeforeRouting" computerName="wangdingyudeMacBook-Pro" duration="00:00:00.1044529" startTime="2026-06-04T12:04:43.2611970+08:00" endTime="2026-06-04T12:04:43.2611970+08:00" testType="13cdc9d9-ddb5-4fa4-a97d-d965ccfc6d4b" outcome="Passed" testListId="8c84fa94-04c1-424b-9868-57a2d4851a1d" relativeResultsDirectory="00e23f37-4a32-4d3e-b6ce-75b54d7d892a" />
    <UnitTestResult executionId="973b0b48-c10f-4447-b8a0-a5b368109262" testId="a6a13f88-8be5-cbbf-3be6-c8ebf484e045" testName="ProtocolGateway.Tests.Pipeline.PipelineSendStrategyTests.SendAsync_RepeatedFailures_OpensCircuitBreaker" computerName="wangdingyudeMacBook-Pro" duration="00:00:00.0046618" startTime="2026-06-04T12:04:43.5329800+08:00" endTime="2026-06-04T12:04:43.5329810+08:00" testType="13cdc9d9-ddb5-4fa4-a97d-d965ccfc6d4b" outcome="Passed" testListId="8c84fa94-04c1-424b-9868-57a2d4851a1d" relativeResultsDirectory="973b0b48-c10f-4447-b8a0-a5b368109262" />
    <UnitTestResult executionId="8b17b21d-bdb6-4760-a43c-8f7c97b00d50" testId="6945abed-96dd-b229-7812-dde0de8bbf12" testName="ProtocolGateway.Tests.Transformers.SamplingTransformerTests.Build_Interval5_PassesEveryFifth" computerName="wangdingyudeMacBook-Pro" duration="00:00:00.0017603" startTime="2026-06-04T12:04:38.6295590+08:00" endTime="2026-06-04T12:04:38.6295590+08:00" testType="13cdc9d9-ddb5-4fa4-a97d-d965ccfc6d4b" outcome="Passed" testListId="8c84fa94-04c1-424b-9868-57a2d4851a1d" relativeResultsDirectory="8b17b21d-bdb6-4760-a43c-8f7c97b00d50" />
    <UnitTestResult executionId="a3ff4b02-b898-4380-9f75-2e0ffac33e1c" testId="c3401d53-47b1-c490-5672-8ba19292fb4d" testName="ProtocolGateway.Tests.PipelineMetricsCollectorTests.RecordFilteredAndDeadLetter_ShouldTrackCounts" computerName="wangdingyudeMacBook-Pro" duration="00:00:00.0005372" startTime="2026-06-04T12:04:38.6349420+08:00" endTime="2026-06-04T12:04:38.6349420+08:00" testType="13cdc9d9-ddb5-4fa4-a97d-d965ccfc6d4b" outcome="Passed" testListId="8c84fa94-04c1-424b-9868-57a2d4851a1d" relativeResultsDirectory="a3ff4b02-b898-4380-9f75-2e0ffac33e1c" />
    <UnitTestResult executionId="bbefec0d-dc48-438b-991e-11cd83959a95" testId="2f807b45-b474-715f-78d3-2ea552b40e6e" testName="ProtocolGateway.Tests.MessageTests.ContentConversion_ShouldHandleVariousInputs(content: &quot;{}&quot;, contentType: &quot;text&quot;)" computerName="wangdingyudeMacBook-Pro" duration="00:00:00.0006854" startTime="2026-06-04T12:04:38.6317880+08:00" endTime="2026-06-04T12:04:38.6317880+08:00" testType="13cdc9d9-ddb5-4fa4-a97d-d965ccfc6d4b" outcome="Passed" testListId="8c84fa94-04c1-424b-9868-57a2d4851a1d" relativeResultsDirectory="bbefec0d-dc48-438b-991e-11cd83959a95" />
    <UnitTestResult executionId="57baead0-7a9f-41df-bc0e-a749a70684bd" testId="bab64762-8f2e-f4c9-8754-7f0b3a11dd81" testName="ProtocolGateway.Tests.CircuitBreakerTests.CircuitBreaker_InitialState_IsClosed" computerName="wangdingyudeMacBook-Pro" duration="00:00:00.0006321" startTime="2026-06-04T12:04:38.5878910+08:00" endTime="2026-06-04T12:04:38.5878910+08:00" testType="13cdc9d9-ddb5-4fa4-a97d-d965ccfc6d4b" outcome="Passed" testListId="8c84fa94-04c1-424b-9868-57a2d4851a1d" relativeResultsDirectory="57baead0-7a9f-41df-bc0e-a749a70684bd" />
    <UnitTestResult executionId="c7f01169-ce13-44c9-a20d-bb403725a522" testId="715875a1-9530-b11c-76e7-40ac4a66ae53" testName="ProtocolGateway.Tests.Transformers.SamplingTransformerTests.Build_Interval10_FirstPassAtTenth" computerName="wangdingyudeMacBook-Pro" duration="00:00:00.0017561" startTime="2026-06-04T12:04:38.5895210+08:00" endTime="2026-06-04T12:04:38.5895210+08:00" testType="13cdc9d9-ddb5-4fa4-a97d-d965ccfc6d4b" outcome="Passed" testListId="8c84fa94-04c1-424b-9868-57a2d4851a1d" relativeResultsDirectory="c7f01169-ce13-44c9-a20d-bb403725a522" />
    <UnitTestResult executionId="8c85bf75-3255-41fa-9810-60f8c79b0876" testId="4b750073-16f2-f913-bb16-44768bfa2f3c" testName="ProtocolGateway.Tests.MessageTests.GetJsonContent_ShouldThrowOnWrongContentType" computerName="wangdingyudeMacBook-Pro" duration="00:00:00.0051713" startTime="2026-06-04T12:04:38.6364350+08:00" endTime="2026-06-04T12:04:38.6364350+08:00" testType="13cdc9d9-ddb5-4fa4-a97d-d965ccfc6d4b" outcome="Passed" testListId="8c84fa94-04c1-424b-9868-57a2d4851a1d" relativeResultsDirectory="8c85bf75-3255-41fa-9810-60f8c79b0876" />
    <UnitTestResult executionId="b404e912-75a7-4d21-942c-5a6f3c7d0a40" testId="182f94f8-c121-1109-024d-9212e8ba1f49" testName="ProtocolGateway.Tests.Transformers.SamplingTransformerTests.Build_IntervalZero_Throws" computerName="wangdingyudeMacBook-Pro" duration="00:00:00.0009282" startTime="2026-06-04T12:04:38.6296910+08:00" endTime="2026-06-04T12:04:38.6296910+08:00" testType="13cdc9d9-ddb5-4fa4-a97d-d965ccfc6d4b" outcome="Passed" testListId="8c84fa94-04c1-424b-9868-57a2d4851a1d" relativeResultsDirectory="b404e912-75a7-4d21-942c-5a6f3c7d0a40" />
    <UnitTestResult executionId="bd739226-ea99-4599-85a3-acad0847f0d6" testId="18655c62-87be-7d7c-f182-fae079e54043" testName="ProtocolGateway.Tests.MessageTests.ToString_ShouldReturnFormattedString" computerName="wangdingyudeMacBook-Pro" duration="00:00:00.0363451" startTime="2026-06-04T12:04:38.6298530+08:00" endTime="2026-06-04T12:04:38.6298530+08:00" testType="13cdc9d9-ddb5-4fa4-a97d-d965ccfc6d4b" outcome="Passed" testListId="8c84fa94-04c1-424b-9868-57a2d4851a1d" relativeResultsDirectory="bd739226-ea99-4599-85a3-acad0847f0d6" />
    <UnitTestResult executionId="1c367e9a-055f-4114-b791-89251c6b76dc" testId="3fb199ce-61eb-05e7-2fa2-c3281041a7e6" testName="ProtocolGateway.Tests.Transformers.DeadbandTransformerTests.Build_RelativeDeadband_LargePercentChange_Passes" computerName="wangdingyudeMacBook-Pro" duration="00:00:00.0116864" startTime="2026-06-04T12:04:38.7142220+08:00" endTime="2026-06-04T12:04:38.7142230+08:00" testType="13cdc9d9-ddb5-4fa4-a97d-d965ccfc6d4b" outcome="Passed" testListId="8c84fa94-04c1-424b-9868-57a2d4851a1d" relativeResultsDirectory="1c367e9a-055f-4114-b791-89251c6b76dc" />
    <UnitTestResult executionId="933d5b39-2bbd-4870-ab2b-b088fb985cac" testId="28d7b0fe-c591-1274-738b-a4a5c2aafbf7" testName="ProtocolGateway.Tests.PipelineMetricsCollectorTests.Reset_ShouldClearAllCounters" computerName="wangdingyudeMacBook-Pro" duration="00:00:00.0018572" startTime="2026-06-04T12:04:38.6342700+08:00" endTime="2026-06-04T12:04:38.6342700+08:00" testType="13cdc9d9-ddb5-4fa4-a97d-d965ccfc6d4b" outcome="Passed" testListId="8c84fa94-04c1-424b-9868-57a2d4851a1d" relativeResultsDirectory="933d5b39-2bbd-4870-ab2b-b088fb985cac" />
    <UnitTestResult executionId="a978b7e9-346a-48c7-92f7-625729879cdc" testId="522cf160-2583-f5bd-b5fa-1560a2c464bb" testName="ProtocolGateway.Tests.Pipeline.PipelineSendStrategyTests.ResolveSource_UsesMetadataSource" computerName="wangdingyudeMacBook-Pro" duration="00:00:00.0041267" startTime="2026-06-04T12:04:38.5743890+08:00" endTime="2026-06-04T12:04:38.5743900+08:00" testType="13cdc9d9-ddb5-4fa4-a97d-d965ccfc6d4b" outcome="Passed" testListId="8c84fa94-04c1-424b-9868-57a2d4851a1d" relativeResultsDirectory="a978b7e9-346a-48c7-92f7-625729879cdc" />
    <UnitTestResult executionId="31bbe6cf-8603-4056-8e27-67705a2244be" testId="55882243-e6a7-4276-dbc6-004264789563" testName="ProtocolGateway.Tests.MessageIntentTests.TagWrite_NullAlias_Allowed" computerName="wangdingyudeMacBook-Pro" duration="00:00:00.0005656" startTime="2026-06-04T12:04:38.5832970+08:00" endTime="2026-06-04T12:04:38.5832970+08:00" testType="13cdc9d9-ddb5-4fa4-a97d-d965ccfc6d4b" outcome="Passed" testListId="8c84fa94-04c1-424b-9868-57a2d4851a1d" relativeResultsDirectory="31bbe6cf-8603-4056-8e27-67705a2244be" />
    <UnitTestResult executionId="1d595b0f-81dc-4976-a208-1605fa99311c" testId="e7dc4b9f-46d4-b56a-a30b-59f968f3a61c" testName="ProtocolGateway.Tests.MessageImmutabilityTests.SetJsonContent_ShouldSetPayloadAndContentType" computerName="wangdingyudeMacBook-Pro" duration="00:00:00.0183674" startTime="2026-06-04T12:04:38.5240790+08:00" endTime="2026-06-04T12:04:38.5240790+08:00" testType="13cdc9d9-ddb5-4fa4-a97d-d965ccfc6d4b" outcome="Passed" testListId="8c84fa94-04c1-424b-9868-57a2d4851a1d" relativeResultsDirectory="1d595b0f-81dc-4976-a208-1605fa99311c" />
    <UnitTestResult executionId="fa007a7b-f907-446c-bab2-512ce562fa07" testId="be5de011-fae7-bbe4-dc16-b436c60ce461" testName="ProtocolGateway.Tests.ResilientPipelineTests.StartAsync_StopsAsync_LifecycleCompletes" computerName="wangdingyudeMacBook-Pro" duration="00:00:00.0248251" startTime="2026-06-04T12:04:38.5893840+08:00" endTime="2026-06-04T12:04:38.5893840+08:00" testType="13cdc9d9-ddb5-4fa4-a97d-d965ccfc6d4b" outcome="Passed" testListId="8c84fa94-04c1-424b-9868-57a2d4851a1d" relativeResultsDirectory="fa007a7b-f907-446c-bab2-512ce562fa07" />
    <UnitTestResult executionId="206a681b-4124-41f4-abff-66d80707ab77" testId="f2678454-c848-9df9-3e3a-55eb1659ddd9" testName="ProtocolGateway.Tests.PipelineConcurrencyTests.Pipeline_RouteRuleDirectsToSpecificOutput" computerName="wangdingyudeMacBook-Pro" duration="00:00:00.3044967" startTime="2026-06-04T12:04:42.9306800+08:00" endTime="2026-06-04T12:04:42.9306800+08:00" testType="13cdc9d9-ddb5-4fa4-a97d-d965ccfc6d4b" outcome="Passed" testListId="8c84fa94-04c1-424b-9868-57a2d4851a1d" relativeResultsDirectory="206a681b-4124-41f4-abff-66d80707ab77" />
    <UnitTestResult executionId="e5ca1398-0394-4004-b57e-1dce85cdc09d" testId="d70dcf6e-68fb-074a-f890-16fae4d4f7df" testName="ProtocolGateway.Tests.MessageImmutabilityTests.Metadata_IsAlwaysInitialized" computerName="wangdingyudeMacBook-Pro" duration="00:00:00.0073538" startTime="2026-06-04T12:04:38.5810460+08:00" endTime="2026-06-04T12:04:38.5810460+08:00" testType="13cdc9d9-ddb5-4fa4-a97d-d965ccfc6d4b" outcome="Passed" testListId="8c84fa94-04c1-424b-9868-57a2d4851a1d" relativeResultsDirectory="e5ca1398-0394-4004-b57e-1dce85cdc09d" />
    <UnitTestResult executionId="b1b649e7-c8c3-4ffb-b5b6-03ff8ed6d43f" testId="064de0ce-9fe3-84df-6d62-eba5804f8d04" testName="ProtocolGateway.Tests.Transformers.TransformerConcurrencyTests.DeadbandTransformer_ConcurrentDifferentAddresses_IndependentTracking" computerName="wangdingyudeMacBook-Pro" duration="00:00:00.0187324" startTime="2026-06-04T12:04:38.7123210+08:00" endTime="2026-06-04T12:04:38.7123210+08:00" testType="13cdc9d9-ddb5-4fa4-a97d-d965ccfc6d4b" outcome="Passed" testListId="8c84fa94-04c1-424b-9868-57a2d4851a1d" relativeResultsDirectory="b1b649e7-c8c3-4ffb-b5b6-03ff8ed6d43f" />
    <UnitTestResult executionId="ba019f4d-7e3d-4768-b1a7-22be023319c0" testId="ec431d29-9632-63f2-2d91-94683d1873ab" testName="ProtocolGateway.Tests.Transformers.DeadbandTransformerTests.Build_FirstValue_NeverFiltered" computerName="wangdingyudeMacBook-Pro" duration="00:00:00.0013764" startTime="2026-06-04T12:04:38.6363360+08:00" endTime="2026-06-04T12:04:38.6363360+08:00" testType="13cdc9d9-ddb5-4fa4-a97d-d965ccfc6d4b" outcome="Passed" testListId="8c84fa94-04c1-424b-9868-57a2d4851a1d" relativeResultsDirectory="ba019f4d-7e3d-4768-b1a7-22be023319c0" />
    <UnitTestResult executionId="1e9d0f07-6844-453d-9f96-3f6bb3fb8ba1" testId="fc617297-2800-1ab2-8fc8-26f2e16ef426" testName="ProtocolGateway.Tests.Pipeline.PipelineDeadLetterManagerTests.Add_WithStore_PersistsOnce" computerName="wangdingyudeMacBook-Pro" duration="00:00:00.4004144" startTime="2026-06-04T12:04:38.9703720+08:00" endTime="2026-06-04T12:04:38.9703720+08:00" testType="13cdc9d9-ddb5-4fa4-a97d-d965ccfc6d4b" outcome="Passed" testListId="8c84fa94-04c1-424b-9868-57a2d4851a1d" relativeResultsDirectory="1e9d0f07-6844-453d-9f96-3f6bb3fb8ba1" />
    <UnitTestResult executionId="558f5f9e-e541-478e-8a86-c666707e61e7" testId="35c3fa8a-35ab-d1f3-38aa-ae6f325f275b" testName="ProtocolGateway.Tests.Transformers.DeadbandTransformerTests.Build_StringType_NeverFiltered" computerName="wangdingyudeMacBook-Pro" duration="00:00:00.0252089" startTime="2026-06-04T12:04:38.6426320+08:00" endTime="2026-06-04T12:04:38.6426330+08:00" testType="13cdc9d9-ddb5-4fa4-a97d-d965ccfc6d4b" outcome="Passed" testListId="8c84fa94-04c1-424b-9868-57a2d4851a1d" relativeResultsDirectory="558f5f9e-e541-478e-8a86-c666707e61e7" />
    <UnitTestResult executionId="11d8fe93-52c0-4286-9026-291946444e87" testId="630b6d43-297c-ddf4-3f42-dd443f759a81" testName="ProtocolGateway.Tests.Pipeline.PipelineSendStrategyTests.ResolveSource_FallsBackToTopic" computerName="wangdingyudeMacBook-Pro" duration="00:00:00.0004286" startTime="2026-06-04T12:04:43.5694330+08:00" endTime="2026-06-04T12:04:43.5694330+08:00" testType="13cdc9d9-ddb5-4fa4-a97d-d965ccfc6d4b" outcome="Passed" testListId="8c84fa94-04c1-424b-9868-57a2d4851a1d" relativeResultsDirectory="11d8fe93-52c0-4286-9026-291946444e87" />
    <UnitTestResult executionId="86b59032-f6d8-47f6-8315-2b4201cfdccd" testId="0c5784a2-a381-064e-1701-e2696e8c2ad6" testName="ProtocolGateway.Tests.Pipeline.MessageRouterTests.Route_ContinueMatching_MergesOutputs" computerName="wangdingyudeMacBook-Pro" duration="00:00:00.0021368" startTime="2026-06-04T12:04:38.5829440+08:00" endTime="2026-06-04T12:04:38.5829440+08:00" testType="13cdc9d9-ddb5-4fa4-a97d-d965ccfc6d4b" outcome="Passed" testListId="8c84fa94-04c1-424b-9868-57a2d4851a1d" relativeResultsDirectory="86b59032-f6d8-47f6-8315-2b4201cfdccd" />
    <UnitTestResult executionId="3a445ee5-4843-4ec7-b972-7d6b1dfaa9a8" testId="e0f17777-6fba-f510-ba9b-f3b107a4bab8" testName="ProtocolGateway.Tests.ResilientPipelineTests.ProcessAsync_NullMessage_IsNoOp" computerName="wangdingyudeMacBook-Pro" duration="00:00:00.0024463" startTime="2026-06-04T12:04:44.1840200+08:00" endTime="2026-06-04T12:04:44.1840200+08:00" testType="13cdc9d9-ddb5-4fa4-a97d-d965ccfc6d4b" outcome="Passed" testListId="8c84fa94-04c1-424b-9868-57a2d4851a1d" relativeResultsDirectory="3a445ee5-4843-4ec7-b972-7d6b1dfaa9a8" />
    <UnitTestResult executionId="4e014949-d661-4359-a858-f6e8e6d197fe" testId="d832b40e-84df-072a-db1c-d2b6ffe0686d" testName="ProtocolGateway.Tests.MessageTests.Clone_WithNullPayload_ShouldHandleCorrectly" computerName="wangdingyudeMacBook-Pro" duration="00:00:00.0002553" startTime="2026-06-04T12:04:38.6325740+08:00" endTime="2026-06-04T12:04:38.6325740+08:00" testType="13cdc9d9-ddb5-4fa4-a97d-d965ccfc6d4b" outcome="Passed" testListId="8c84fa94-04c1-424b-9868-57a2d4851a1d" relativeResultsDirectory="4e014949-d661-4359-a858-f6e8e6d197fe" />
    <UnitTestResult executionId="032602e3-bfa1-4ff3-b749-4e74d0e32cc0" testId="acbae9b5-196a-d40e-0ae0-fd3f5c06963b" testName="ProtocolGateway.Tests.PipelineConcurrencyTests.Pipeline_FilterBlocksMatchingMessages" computerName="wangdingyudeMacBook-Pro" duration="00:00:00.3050787" startTime="2026-06-04T12:04:43.2364830+08:00" endTime="2026-06-04T12:04:43.2364840+08:00" testType="13cdc9d9-ddb5-4fa4-a97d-d965ccfc6d4b" outcome="Passed" testListId="8c84fa94-04c1-424b-9868-57a2d4851a1d" relativeResultsDirectory="032602e3-bfa1-4ff3-b749-4e74d0e32cc0" />
    <UnitTestResult executionId="34569c8c-f9ee-48e9-bed8-5473e2cd81b5" testId="208ff53a-47f0-2661-1b10-7336d13d80d4" testName="ProtocolGateway.Tests.ResilientPipelineTests.CircuitBreaker_OpensAfterRepeatedFailures" computerName="wangdingyudeMacBook-Pro" duration="00:00:01.4319036" startTime="2026-06-04T12:04:43.1562590+08:00" endTime="2026-06-04T12:04:43.1562590+08:00" testType="13cdc9d9-ddb5-4fa4-a97d-d965ccfc6d4b" outcome="Passed" testListId="8c84fa94-04c1-424b-9868-57a2d4851a1d" relativeResultsDirectory="34569c8c-f9ee-48e9-bed8-5473e2cd81b5" />
    <UnitTestResult executionId="8cc43e36-1de6-4ec4-aea7-33e6898025d5" testId="7fac5fd6-3f60-6bdf-a3a9-1a3559164655" testName="ProtocolGateway.Tests.ResilientPipelineTests.Transformer_ReturningNull_DropsMessage" computerName="wangdingyudeMacBook-Pro" duration="00:00:00.1037272" startTime="2026-06-04T12:04:44.1813380+08:00" endTime="2026-06-04T12:04:44.1813380+08:00" testType="13cdc9d9-ddb5-4fa4-a97d-d965ccfc6d4b" outcome="Passed" testListId="8c84fa94-04c1-424b-9868-57a2d4851a1d" relativeResultsDirectory="8cc43e36-1de6-4ec4-aea7-33e6898025d5" />
    <UnitTestResult executionId="edb8830a-ad68-44e9-97dc-1b7b356c218d" testId="c4607461-f44f-341e-e2d2-ed1ef7e1ad90" testName="ProtocolGateway.Tests.MessageTests.Clone_ShouldCreateDeepCopy" computerName="wangdingyudeMacBook-Pro" duration="00:00:00.0021741" startTime="2026-06-04T12:04:38.6368370+08:00" endTime="2026-06-04T12:04:38.6368370+08:00" testType="13cdc9d9-ddb5-4fa4-a97d-d965ccfc6d4b" outcome="Passed" testListId="8c84fa94-04c1-424b-9868-57a2d4851a1d" relativeResultsDirectory="edb8830a-ad68-44e9-97dc-1b7b356c218d" />
    <UnitTestResult executionId="0030983b-b3fa-4bcc-84b4-0a4aa8e61ea6" testId="1730e4c2-1ced-f143-b993-01a69291c1f9" testName="ProtocolGateway.Tests.CircuitBreakerTests.CircuitBreaker_HalfOpen_RecordFailure_StaysHalfOpenOrOpens" computerName="wangdingyudeMacBook-Pro" duration="00:00:00.0613406" startTime="2026-06-04T12:04:38.8689100+08:00" endTime="2026-06-04T12:04:38.8689110+08:00" testType="13cdc9d9-ddb5-4fa4-a97d-d965ccfc6d4b" outcome="Passed" testListId="8c84fa94-04c1-424b-9868-57a2d4851a1d" relativeResultsDirectory="0030983b-b3fa-4bcc-84b4-0a4aa8e61ea6" />
    <UnitTestResult executionId="a7c2232e-a867-48f4-a8cf-edb07deb6b62" testId="cd987268-3c1e-309b-83e8-6ff339432026" testName="ProtocolGateway.Tests.CircuitBreakerRecoveryTests.CircuitBreaker_Open_RejectsImmediately" computerName="wangdingyudeMacBook-Pro" duration="00:00:01.9073726" startTime="2026-06-04T12:04:40.3443430+08:00" endTime="2026-06-04T12:04:40.3443430+08:00" testType="13cdc9d9-ddb5-4fa4-a97d-d965ccfc6d4b" outcome="Passed" testListId="8c84fa94-04c1-424b-9868-57a2d4851a1d" relativeResultsDirectory="a7c2232e-a867-48f4-a8cf-edb07deb6b62" />
    <UnitTestResult executionId="2a09cd06-2451-4ff3-a6a9-b507a8bfafb8" testId="a655ed0f-641f-7844-309f-5c85e649f606" testName="ProtocolGateway.Tests.Pipeline.PipelineSendStrategyTests.SendAsync_Success_FirstAttempt" computerName="wangdingyudeMacBook-Pro" duration="00:00:00.0015878" startTime="2026-06-04T12:04:43.5280450+08:00" endTime="2026-06-04T12:04:43.5280450+08:00" testType="13cdc9d9-ddb5-4fa4-a97d-d965ccfc6d4b" outcome="Passed" testListId="8c84fa94-04c1-424b-9868-57a2d4851a1d" relativeResultsDirectory="2a09cd06-2451-4ff3-a6a9-b507a8bfafb8" />
    <UnitTestResult executionId="c3bab2df-7dcb-4aaf-98c2-386490d236da" testId="f582f7e3-b9f0-af99-e6c7-f291cd628df2" testName="ProtocolGateway.Tests.Pipeline.PipelineSendStrategyTests.SendAsync_Failure_RetriesThenDeadLetters" computerName="wangdingyudeMacBook-Pro" duration="00:00:00.0350935" startTime="2026-06-04T12:04:43.5688480+08:00" endTime="2026-06-04T12:04:43.5688480+08:00" testType="13cdc9d9-ddb5-4fa4-a97d-d965ccfc6d4b" outcome="Passed" testListId="8c84fa94-04c1-424b-9868-57a2d4851a1d" relativeResultsDirectory="c3bab2df-7dcb-4aaf-98c2-386490d236da" />
    <UnitTestResult executionId="d26bacfb-9ec6-40ef-b9b2-ba254734be85" testId="40e6aaa1-b11f-58d4-87aa-9f519150c531" testName="ProtocolGateway.Tests.PipelineMetricsCollectorTests.GetSnapshot_Empty_ReturnsZeroes" computerName="wangdingyudeMacBook-Pro" duration="00:00:00.0124077" startTime="2026-06-04T12:04:38.6321580+08:00" endTime="2026-06-04T12:04:38.6321580+08:00" testType="13cdc9d9-ddb5-4fa4-a97d-d965ccfc6d4b" outcome="Passed" testListId="8c84fa94-04c1-424b-9868-57a2d4851a1d" relativeResultsDirectory="d26bacfb-9ec6-40ef-b9b2-ba254734be85" />
    <UnitTestResult executionId="ea933a4f-8146-4382-b076-bb274cfe270c" testId="1492fabc-120d-1da8-ea5d-050adfa2c853" testName="ProtocolGateway.Tests.CircuitBreakerTests.CircuitBreaker_Reset_ClearsFailureCount" computerName="wangdingyudeMacBook-Pro" duration="00:00:00.0007972" startTime="2026-06-04T12:04:38.5880160+08:00" endTime="2026-06-04T12:04:38.5880160+08:00" testType="13cdc9d9-ddb5-4fa4-a97d-d965ccfc6d4b" outcome="Passed" testListId="8c84fa94-04c1-424b-9868-57a2d4851a1d" relativeResultsDirectory="ea933a4f-8146-4382-b076-bb274cfe270c" />
    <UnitTestResult executionId="46b870dc-4522-4822-b475-83cfb9896fa6" testId="e5b1c9d3-f25a-5587-e1d8-861459b526ce" testName="ProtocolGateway.Tests.ResilientPipelineTests.GetCircuitBreakerState_UnknownOutput_ReturnsClosed" computerName="wangdingyudeMacBook-Pro" duration="00:00:00.0050088" startTime="2026-06-04T12:04:38.8019860+08:00" endTime="2026-06-04T12:04:38.8019860+08:00" testType="13cdc9d9-ddb5-4fa4-a97d-d965ccfc6d4b" outcome="Passed" testListId="8c84fa94-04c1-424b-9868-57a2d4851a1d" relativeResultsDirectory="46b870dc-4522-4822-b475-83cfb9896fa6" />
    <UnitTestResult executionId="6119d66e-16e0-40fd-ac10-94d5c9919185" testId="610d3f42-88b8-be71-378d-a26fc85f1477" testName="ProtocolGateway.Tests.Transformers.DeadbandTransformerTests.Build_AbsoluteDeadband_SmallChange_Filtered" computerName="wangdingyudeMacBook-Pro" duration="00:00:00.0023019" startTime="2026-06-04T12:04:38.7167660+08:00" endTime="2026-06-04T12:04:38.7167660+08:00" testType="13cdc9d9-ddb5-4fa4-a97d-d965ccfc6d4b" outcome="Passed" testListId="8c84fa94-04c1-424b-9868-57a2d4851a1d" relativeResultsDirectory="6119d66e-16e0-40fd-ac10-94d5c9919185" />
    <UnitTestResult executionId="f856e933-e0b8-4977-8dd3-2467560d379c" testId="f2a8ba2f-a2ab-ac2f-2e4b-58e945ebfba1" testName="ProtocolGateway.Tests.Transformers.DeadbandTransformerTests.Build_ZeroDeadband_PassesAllMessagesThrough" computerName="wangdingyudeMacBook-Pro" duration="00:00:00.0012799" startTime="2026-06-04T12:04:38.6360050+08:00" endTime="2026-06-04T12:04:38.6360050+08:00" testType="13cdc9d9-ddb5-4fa4-a97d-d965ccfc6d4b" outcome="Passed" testListId="8c84fa94-04c1-424b-9868-57a2d4851a1d" relativeResultsDirectory="f856e933-e0b8-4977-8dd3-2467560d379c" />
    <UnitTestResult executionId="aec099d8-c819-4fa7-943b-f7a6184b94b2" testId="578dd05a-2825-35dc-dfb6-fe0ad64a5ad7" testName="ProtocolGateway.Tests.PipelineConcurrencyTests.Pipeline_TestSendAsync_WaitsForSlowMessage" computerName="wangdingyudeMacBook-Pro" duration="00:00:00.2028944" startTime="2026-06-04T12:04:44.7787800+08:00" endTime="2026-06-04T12:04:44.7787800+08:00" testType="13cdc9d9-ddb5-4fa4-a97d-d965ccfc6d4b" outcome="Passed" testListId="8c84fa94-04c1-424b-9868-57a2d4851a1d" relativeResultsDirectory="aec099d8-c819-4fa7-943b-f7a6184b94b2" />
    <UnitTestResult executionId="de608d4d-44bc-4999-b42b-4bf79ea7e2ad" testId="6fbf95a1-7053-6c02-dbef-744d50608c83" testName="ProtocolGateway.Tests.Transformers.DeadbandTransformerTests.Build_BoolType_NeverFiltered" computerName="wangdingyudeMacBook-Pro" duration="00:00:00.0061445" startTime="2026-06-04T12:04:38.6641550+08:00" endTime="2026-06-04T12:04:38.6641550+08:00" testType="13cdc9d9-ddb5-4fa4-a97d-d965ccfc6d4b" outcome="Passed" testListId="8c84fa94-04c1-424b-9868-57a2d4851a1d" relativeResultsDirectory="de608d4d-44bc-4999-b42b-4bf79ea7e2ad" />
    <UnitTestResult executionId="27cd30b8-3746-49e2-88a0-a5c4b86a77c1" testId="58353b85-7c54-46eb-24c8-22509f7451e9" testName="ProtocolGateway.Tests.MessageIntentTests.Message_ToString_ContainsIntent" computerName="wangdingyudeMacBook-Pro" duration="00:00:00.0005122" startTime="2026-06-04T12:04:38.6390200+08:00" endTime="2026-06-04T12:04:38.6390210+08:00" testType="13cdc9d9-ddb5-4fa4-a97d-d965ccfc6d4b" outcome="Passed" testListId="8c84fa94-04c1-424b-9868-57a2d4851a1d" relativeResultsDirectory="27cd30b8-3746-49e2-88a0-a5c4b86a77c1" />
    <UnitTestResult executionId="46b9a394-d04f-4114-b072-53aeeed9fc6a" testId="cc097caa-20f8-33ac-aad1-e5d068946a2d" testName="ProtocolGateway.Tests.Pipeline.PipelineSendStrategyTests.CreateFailureResult_ContainsDiagnosticInfo" computerName="wangdingyudeMacBook-Pro" duration="00:00:00.0007299" startTime="2026-06-04T12:04:43.5703580+08:00" endTime="2026-06-04T12:04:43.5703580+08:00" testType="13cdc9d9-ddb5-4fa4-a97d-d965ccfc6d4b" outcome="Passed" testListId="8c84fa94-04c1-424b-9868-57a2d4851a1d" relativeResultsDirectory="46b9a394-d04f-4114-b072-53aeeed9fc6a" />
    <UnitTestResult executionId="d3c7e891-8fa2-4011-ba3c-bf1733234aeb" testId="8b9fa237-cd59-18dd-dfbb-a754316d9cc0" testName="ProtocolGateway.Tests.MessageTests.SetHexContent_ShouldThrowOnOddLength" computerName="wangdingyudeMacBook-Pro" duration="00:00:00.0026633" startTime="2026-06-04T12:04:38.6347820+08:00" endTime="2026-06-04T12:04:38.6347820+08:00" testType="13cdc9d9-ddb5-4fa4-a97d-d965ccfc6d4b" outcome="Passed" testListId="8c84fa94-04c1-424b-9868-57a2d4851a1d" relativeResultsDirectory="d3c7e891-8fa2-4011-ba3c-bf1733234aeb" />
    <UnitTestResult executionId="25e27cb4-2b27-418a-8bf4-533951e96084" testId="6311bbdc-8fb0-537b-7420-493f9a01826a" testName="ProtocolGateway.Tests.MessageTests.SetJsonContent_ShouldSetPayloadAndContentType" computerName="wangdingyudeMacBook-Pro" duration="00:00:00.0003962" startTime="2026-06-04T12:04:38.6315480+08:00" endTime="2026-06-04T12:04:38.6315480+08:00" testType="13cdc9d9-ddb5-4fa4-a97d-d965ccfc6d4b" outcome="Passed" testListId="8c84fa94-04c1-424b-9868-57a2d4851a1d" relativeResultsDirectory="25e27cb4-2b27-418a-8bf4-533951e96084" />
    <UnitTestResult executionId="0bf41d13-5afe-4ccc-a8a1-4e1003abf38f" testId="9581ffdf-916b-3d8f-fd5e-24a3d0a0786d" testName="ProtocolGateway.Tests.CircuitBreakerTests.CircuitBreaker_Open_BeforeRecoveryTime_RemainsOpen" computerName="wangdingyudeMacBook-Pro" duration="00:00:00.1012841" startTime="2026-06-04T12:04:38.6747190+08:00" endTime="2026-06-04T12:04:38.6747200+08:00" testType="13cdc9d9-ddb5-4fa4-a97d-d965ccfc6d4b" outcome="Passed" testListId="8c84fa94-04c1-424b-9868-57a2d4851a1d" relativeResultsDirectory="0bf41d13-5afe-4ccc-a8a1-4e1003abf38f" />
    <UnitTestResult executionId="fff73086-3e7d-4bda-b10b-51133ba00161" testId="1f8af55f-478f-cb59-f6b2-c6f449c195a2" testName="ProtocolGateway.Tests.DeadLetterStoreAsyncTests.AddAsync_ShouldPersistAndRetrieve" computerName="wangdingyudeMacBook-Pro" duration="00:00:00.0198651" startTime="2026-06-04T12:04:38.9478450+08:00" endTime="2026-06-04T12:04:38.9478450+08:00" testType="13cdc9d9-ddb5-4fa4-a97d-d965ccfc6d4b" outcome="Passed" testListId="8c84fa94-04c1-424b-9868-57a2d4851a1d" relativeResultsDirectory="fff73086-3e7d-4bda-b10b-51133ba00161" />
    <UnitTestResult executionId="7ca50c25-a68b-4f76-a38a-7ac235d1aa28" testId="879bb4bb-bed8-a8f1-d96c-5808ecb9af55" testName="ProtocolGateway.Tests.CircuitBreakerRecoveryTests.CircuitBreaker_Reset_ShouldCloseImmediately" computerName="wangdingyudeMacBook-Pro" duration="00:00:00.0007602" startTime="2026-06-04T12:04:41.9140610+08:00" endTime="2026-06-04T12:04:41.9140620+08:00" testType="13cdc9d9-ddb5-4fa4-a97d-d965ccfc6d4b" outcome="Passed" testListId="8c84fa94-04c1-424b-9868-57a2d4851a1d" relativeResultsDirectory="7ca50c25-a68b-4f76-a38a-7ac235d1aa28" />
    <UnitTestResult executionId="2a172a41-0c0a-4091-97c5-0e0091157ab0" testId="7bea79e9-a374-6ff9-49fd-6ee3510d83c0" testName="ProtocolGateway.Tests.Pipeline.PipelineDeadLetterManagerTests.GetMessages_ReturnsSnapshot" computerName="wangdingyudeMacBook-Pro" duration="00:00:00.0009828" startTime="2026-06-04T12:04:39.1024800+08:00" endTime="2026-06-04T12:04:39.1024800+08:00" testType="13cdc9d9-ddb5-4fa4-a97d-d965ccfc6d4b" outcome="Passed" testListId="8c84fa94-04c1-424b-9868-57a2d4851a1d" relativeResultsDirectory="2a172a41-0c0a-4091-97c5-0e0091157ab0" />
    <UnitTestResult executionId="bfa2b0b3-44a7-40fc-910a-4d9e3b2b12e6" testId="b6bac7d2-bd2c-840c-5ba9-7f6496fbe285" testName="ProtocolGateway.Tests.PipelineMetricsCollectorTests.SlidingWindow_ExceedsCapacity_DiscardsOldest" computerName="wangdingyudeMacBook-Pro" duration="00:00:00.0007552" startTime="2026-06-04T12:04:38.6345090+08:00" endTime="2026-06-04T12:04:38.6345100+08:00" testType="13cdc9d9-ddb5-4fa4-a97d-d965ccfc6d4b" outcome="Passed" testListId="8c84fa94-04c1-424b-9868-57a2d4851a1d" relativeResultsDirectory="bfa2b0b3-44a7-40fc-910a-4d9e3b2b12e6" />
    <UnitTestResult executionId="2b966914-abaf-4ccd-9b8b-89e32a8ae63f" testId="8f3e9ce1-3849-d04f-c9b3-ac9f2f36f57a" testName="ProtocolGateway.Tests.Pipeline.MessageRouterTests.Route_MatchingRule_ReturnsOutputNames" computerName="wangdingyudeMacBook-Pro" duration="00:00:00.0025690" startTime="2026-06-04T12:04:38.5809150+08:00" endTime="2026-06-04T12:04:38.5809150+08:00" testType="13cdc9d9-ddb5-4fa4-a97d-d965ccfc6d4b" outcome="Passed" testListId="8c84fa94-04c1-424b-9868-57a2d4851a1d" relativeResultsDirectory="2b966914-abaf-4ccd-9b8b-89e32a8ae63f" />
    <UnitTestResult executionId="6af5581c-d27b-49c5-bb3d-640e4ba80a00" testId="adaec61d-fd95-3132-62d7-298a10180ca0" testName="ProtocolGateway.Tests.MessageTests.GetHexContent_ShouldReturnHexString" computerName="wangdingyudeMacBook-Pro" duration="00:00:00.0003276" startTime="2026-06-04T12:04:38.6380730+08:00" endTime="2026-06-04T12:04:38.6380740+08:00" testType="13cdc9d9-ddb5-4fa4-a97d-d965ccfc6d4b" outcome="Passed" testListId="8c84fa94-04c1-424b-9868-57a2d4851a1d" relativeResultsDirectory="6af5581c-d27b-49c5-bb3d-640e4ba80a00" />
    <UnitTestResult executionId="e1874b5e-a42d-48d6-b9cf-e041fc4c2d6f" testId="9c4f70f3-bf03-ffe1-4367-58932d8ab215" testName="ProtocolGateway.Tests.Transformers.DeadbandTransformerTests.Build_NoWrites_PassesThrough" computerName="wangdingyudeMacBook-Pro" duration="00:00:00.0016461" startTime="2026-06-04T12:04:38.6973520+08:00" endTime="2026-06-04T12:04:38.6973530+08:00" testType="13cdc9d9-ddb5-4fa4-a97d-d965ccfc6d4b" outcome="Passed" testListId="8c84fa94-04c1-424b-9868-57a2d4851a1d" relativeResultsDirectory="e1874b5e-a42d-48d6-b9cf-e041fc4c2d6f" />
    <UnitTestResult executionId="6333af25-588b-4b9c-b2c6-d2424ae0aa15" testId="fd38d04f-0d0e-2c39-712f-f04e62a20766" testName="ProtocolGateway.Tests.CancellationOnlyShutdownTests.IndustrialOutputPluginBase_RapidStartStop_DoesNotLeak" computerName="wangdingyudeMacBook-Pro" duration="00:00:00.2535039" startTime="2026-06-04T12:04:38.6906530+08:00" endTime="2026-06-04T12:04:38.6906540+08:00" testType="13cdc9d9-ddb5-4fa4-a97d-d965ccfc6d4b" outcome="Passed" testListId="8c84fa94-04c1-424b-9868-57a2d4851a1d" relativeResultsDirectory="6333af25-588b-4b9c-b2c6-d2424ae0aa15" />
    <UnitTestResult executionId="1ffb0a5a-bd15-4951-b29f-06d869bcdce4" testId="fe44ea76-822b-5d50-5b32-96f2b4798d96" testName="ProtocolGateway.Tests.Transformers.SamplingTransformerTests.Build_Interval1_PassesAllMessages" computerName="wangdingyudeMacBook-Pro" duration="00:00:00.0035026" startTime="2026-06-04T12:04:38.6291790+08:00" endTime="2026-06-04T12:04:38.6291790+08:00" testType="13cdc9d9-ddb5-4fa4-a97d-d965ccfc6d4b" outcome="Passed" testListId="8c84fa94-04c1-424b-9868-57a2d4851a1d" relativeResultsDirectory="1ffb0a5a-bd15-4951-b29f-06d869bcdce4" />
    <UnitTestResult executionId="81cb7627-9ab7-453b-9b10-5b51a1e5133d" testId="d266f6cc-3199-5c32-9dbe-905cf14d77ab" testName="ProtocolGateway.Tests.PipelineMetricsCollectorTests.RecordSuccess_ShouldTrackLatencyPercentiles" computerName="wangdingyudeMacBook-Pro" duration="00:00:00.0007476" startTime="2026-06-04T12:04:38.6350620+08:00" endTime="2026-06-04T12:04:38.6350620+08:00" testType="13cdc9d9-ddb5-4fa4-a97d-d965ccfc6d4b" outcome="Passed" testListId="8c84fa94-04c1-424b-9868-57a2d4851a1d" relativeResultsDirectory="81cb7627-9ab7-453b-9b10-5b51a1e5133d" />
    <UnitTestResult executionId="8100e6de-8690-4236-aa96-851437a93abb" testId="880037b3-796a-5c27-cd1a-7e4ba0e384de" testName="ProtocolGateway.Tests.PipelineConcurrencyTests.Pipeline_FailedMessagesGoToDeadLetterQueue" computerName="wangdingyudeMacBook-Pro" duration="00:00:01.0046886" startTime="2026-06-04T12:04:40.6213700+08:00" endTime="2026-06-04T12:04:40.6213710+08:00" testType="13cdc9d9-ddb5-4fa4-a97d-d965ccfc6d4b" outcome="Passed" testListId="8c84fa94-04c1-424b-9868-57a2d4851a1d" relativeResultsDirectory="8100e6de-8690-4236-aa96-851437a93abb" />
    <UnitTestResult executionId="17a0c43d-f4de-48e6-ab10-3fa81e77515b" testId="6de93efa-c778-8b5e-ee0e-4511d71a888b" testName="ProtocolGateway.Tests.MessageIntentTests.Message_DefaultIntent_IsForward" computerName="wangdingyudeMacBook-Pro" duration="00:00:00.0668900" startTime="2026-06-04T12:04:38.6383390+08:00" endTime="2026-06-04T12:04:38.6383390+08:00" testType="13cdc9d9-ddb5-4fa4-a97d-d965ccfc6d4b" outcome="Passed" testListId="8c84fa94-04c1-424b-9868-57a2d4851a1d" relativeResultsDirectory="17a0c43d-f4de-48e6-ab10-3fa81e77515b" />
    <UnitTestResult executionId="e11cd92b-62e9-4d90-b84b-b46bd2bb5de5" testId="15179fda-02d9-4f07-241c-4b6a5776d4a1" testName="ProtocolGateway.Tests.Transformers.DeadbandTransformerTests.Build_PerTypeDeadband_UsesSpecificThreshold" computerName="wangdingyudeMacBook-Pro" duration="00:00:00.0140883" startTime="2026-06-04T12:04:38.6571880+08:00" endTime="2026-06-04T12:04:38.6571880+08:00" testType="13cdc9d9-ddb5-4fa4-a97d-d965ccfc6d4b" outcome="Passed" testListId="8c84fa94-04c1-424b-9868-57a2d4851a1d" relativeResultsDirectory="e11cd92b-62e9-4d90-b84b-b46bd2bb5de5" />
    <UnitTestResult executionId="51d52b4f-5663-4bf9-9976-5026978453f1" testId="5d3537d7-a0f1-5387-46c2-9e4de0b987c1" testName="ProtocolGateway.Tests.Pipeline.MessageRouterTests.RuleCount_ReturnsCorrectCount" computerName="wangdingyudeMacBook-Pro" duration="00:00:00.0643949" startTime="2026-06-04T12:04:38.5745560+08:00" endTime="2026-06-04T12:04:38.5745560+08:00" testType="13cdc9d9-ddb5-4fa4-a97d-d965ccfc6d4b" outcome="Passed" testListId="8c84fa94-04c1-424b-9868-57a2d4851a1d" relativeResultsDirectory="51d52b4f-5663-4bf9-9976-5026978453f1" />
    <UnitTestResult executionId="28bff5d0-17bf-49ba-8e40-513c4558f1eb" testId="d2109583-d97c-1e83-d024-90eb79098d70" testName="ProtocolGateway.Tests.Transformers.TransformerConcurrencyTests.DeadbandTransformer_ConcurrentAccess_NoDataLoss" computerName="wangdingyudeMacBook-Pro" duration="00:00:00.0086268" startTime="2026-06-04T12:04:38.6931530+08:00" endTime="2026-06-04T12:04:38.6931530+08:00" testType="13cdc9d9-ddb5-4fa4-a97d-d965ccfc6d4b" outcome="Passed" testListId="8c84fa94-04c1-424b-9868-57a2d4851a1d" relativeResultsDirectory="28bff5d0-17bf-49ba-8e40-513c4558f1eb" />
    <UnitTestResult executionId="dd6bde4f-ebbe-4522-83be-7350aeb0e869" testId="5d3d95ba-faf7-909a-7fa7-6e5a43a3809b" testName="ProtocolGateway.Tests.Transformers.SamplingTransformerTests.Build_IntervalNegative_Throws" computerName="wangdingyudeMacBook-Pro" duration="00:00:00.0010095" startTime="2026-06-04T12:04:38.6293220+08:00" endTime="2026-06-04T12:04:38.6293220+08:00" testType="13cdc9d9-ddb5-4fa4-a97d-d965ccfc6d4b" outcome="Passed" testListId="8c84fa94-04c1-424b-9868-57a2d4851a1d" relativeResultsDirectory="dd6bde4f-ebbe-4522-83be-7350aeb0e869" />
    <UnitTestResult executionId="06dfde34-c64d-4aa1-a78f-b29f4f5cf493" testId="765a26e1-ec4d-506e-dad8-b8f268dca22b" testName="ProtocolGateway.Tests.Transformers.DeadbandTransformerTests.Reset_ClearsHistory" computerName="wangdingyudeMacBook-Pro" duration="00:00:00.0319362" startTime="2026-06-04T12:04:38.6956410+08:00" endTime="2026-06-04T12:04:38.6956410+08:00" testType="13cdc9d9-ddb5-4fa4-a97d-d965ccfc6d4b" outcome="Passed" testListId="8c84fa94-04c1-424b-9868-57a2d4851a1d" relativeResultsDirectory="06dfde34-c64d-4aa1-a78f-b29f4f5cf493" />
    <UnitTestResult executionId="c04418a3-ce1d-4645-8509-2566a310b478" testId="a7847287-0710-69d7-695d-4b7cbc937822" testName="ProtocolGateway.Tests.Transformers.TransformerConcurrencyTests.TimeBasedSamplingTransformer_ConcurrentHighLoad_NoException" computerName="wangdingyudeMacBook-Pro" duration="00:00:00.0180411" startTime="2026-06-04T12:04:38.6505260+08:00" endTime="2026-06-04T12:04:38.6505260+08:00" testType="13cdc9d9-ddb5-4fa4-a97d-d965ccfc6d4b" outcome="Passed" testListId="8c84fa94-04c1-424b-9868-57a2d4851a1d" relativeResultsDirectory="c04418a3-ce1d-4645-8509-2566a310b478" />
    <UnitTestResult executionId="fa648a35-9875-4ac7-91e5-93fc5490109e" testId="d5878782-e061-e77c-c8c1-2ca12524eb45" testName="ProtocolGateway.Tests.CircuitBreakerTests.CircuitBreaker_Open_AfterRecoveryTime_BecomesHalfOpen" computerName="wangdingyudeMacBook-Pro" duration="00:00:00.0604350" startTime="2026-06-04T12:04:38.7425150+08:00" endTime="2026-06-04T12:04:38.7425150+08:00" testType="13cdc9d9-ddb5-4fa4-a97d-d965ccfc6d4b" outcome="Passed" testListId="8c84fa94-04c1-424b-9868-57a2d4851a1d" relativeResultsDirectory="fa648a35-9875-4ac7-91e5-93fc5490109e" />
    <UnitTestResult executionId="7ff3fd19-8796-4a85-b0f3-76e0c0f81dc7" testId="a201c963-6bec-4dc7-382e-be848a8e564a" testName="ProtocolGateway.Tests.CircuitBreakerTests.CircuitBreaker_ConcurrentIsOpen_ThreadSafe" computerName="wangdingyudeMacBook-Pro" duration="00:00:00.0652457" startTime="2026-06-04T12:04:38.8072670+08:00" endTime="2026-06-04T12:04:38.8072670+08:00" testType="13cdc9d9-ddb5-4fa4-a97d-d965ccfc6d4b" outcome="Passed" testListId="8c84fa94-04c1-424b-9868-57a2d4851a1d" relativeResultsDirectory="7ff3fd19-8796-4a85-b0f3-76e0c0f81dc7" />
    <UnitTestResult executionId="4e0c3ade-850a-4aa6-872c-fdc859485fa0" testId="fc258b93-1a85-1b51-51fc-d712b61c4a45" testName="ProtocolGateway.Tests.MessageTests.SetHexContent_ShouldConvertHexStringToBytes" computerName="wangdingyudeMacBook-Pro" duration="00:00:00.0010358" startTime="2026-06-04T12:04:38.6322610+08:00" endTime="2026-06-04T12:04:38.6322610+08:00" testType="13cdc9d9-ddb5-4fa4-a97d-d965ccfc6d4b" outcome="Passed" testListId="8c84fa94-04c1-424b-9868-57a2d4851a1d" relativeResultsDirectory="4e0c3ade-850a-4aa6-872c-fdc859485fa0" />
    <UnitTestResult executionId="0034fd33-47b4-416a-8d05-9959bf19099c" testId="ec93d28a-aaba-5f4c-2842-2ae370facd44" testName="ProtocolGateway.Tests.ResilientPipelineTests.ProcessAsync_SuccessfulSend_NoDeadLetter" computerName="wangdingyudeMacBook-Pro" duration="00:00:00.1029222" startTime="2026-06-04T12:04:38.7966000+08:00" endTime="2026-06-04T12:04:38.7966000+08:00" testType="13cdc9d9-ddb5-4fa4-a97d-d965ccfc6d4b" outcome="Passed" testListId="8c84fa94-04c1-424b-9868-57a2d4851a1d" relativeResultsDirectory="0034fd33-47b4-416a-8d05-9959bf19099c" />
    <UnitTestResult executionId="3fa6e2c6-bc02-4b88-b7b8-12b58736e0fb" testId="01831fdb-9e0a-a446-68b4-2ee302264ee3" testName="ProtocolGateway.Tests.ResilientPipelineTests.NoMatchingRoute_MessageNotSent" computerName="wangdingyudeMacBook-Pro" duration="00:00:00.1138305" startTime="2026-06-04T12:04:38.6937170+08:00" endTime="2026-06-04T12:04:38.6937180+08:00" testType="13cdc9d9-ddb5-4fa4-a97d-d965ccfc6d4b" outcome="Passed" testListId="8c84fa94-04c1-424b-9868-57a2d4851a1d" relativeResultsDirectory="3fa6e2c6-bc02-4b88-b7b8-12b58736e0fb" />
    <UnitTestResult executionId="aed7d864-e109-4924-ab4e-9b7cffdef871" testId="f2a4bf44-08f6-d264-5d52-3890a5d2bca3" testName="ProtocolGateway.Tests.Transformers.TransformerConcurrencyTests.DeadbandTransformer_ConcurrentSameAddress_CorrectFiltering" computerName="wangdingyudeMacBook-Pro" duration="00:00:00.0144974" startTime="2026-06-04T12:04:38.6843370+08:00" endTime="2026-06-04T12:04:38.6843370+08:00" testType="13cdc9d9-ddb5-4fa4-a97d-d965ccfc6d4b" outcome="Passed" testListId="8c84fa94-04c1-424b-9868-57a2d4851a1d" relativeResultsDirectory="aed7d864-e109-4924-ab4e-9b7cffdef871" />
    <UnitTestResult executionId="1423751b-37ba-4ca0-998e-2886b99565a4" testId="bb6df901-ced4-fcc1-f439-ccf3596bc44f" testName="ProtocolGateway.Tests.CircuitBreakerTests.CircuitBreaker_ThresholdOfOne_FailsImmediately" computerName="wangdingyudeMacBook-Pro" duration="00:00:00.0198279" startTime="2026-06-04T12:04:38.4998070+08:00" endTime="2026-06-04T12:04:38.4999210+08:00" testType="13cdc9d9-ddb5-4fa4-a97d-d965ccfc6d4b" outcome="Passed" testListId="8c84fa94-04c1-424b-9868-57a2d4851a1d" relativeResultsDirectory="1423751b-37ba-4ca0-998e-2886b99565a4" />
    <UnitTestResult executionId="21d42c43-7ef3-4dd9-b84f-582965f87f30" testId="323dbac8-0256-c1d7-8e70-afc9277322b7" testName="ProtocolGateway.Tests.CircuitBreakerTests.CircuitBreaker_RecordSuccess_RemainsClosed" computerName="wangdingyudeMacBook-Pro" duration="00:00:00.0056349" startTime="2026-06-04T12:04:38.6805010+08:00" endTime="2026-06-04T12:04:38.6805020+08:00" testType="13cdc9d9-ddb5-4fa4-a97d-d965ccfc6d4b" outcome="Passed" testListId="8c84fa94-04c1-424b-9868-57a2d4851a1d" relativeResultsDirectory="21d42c43-7ef3-4dd9-b84f-582965f87f30" />
    <UnitTestResult executionId="8bacd0ca-6516-4fd3-9a5a-9faa1c99ed1b" testId="11b73bcc-9f71-5ec1-f3f2-4bfaf4af7ab4" testName="ProtocolGateway.Tests.CancellationOnlyShutdownTests.TcpOutputPlugin_OnStop_OnlyUsesCancellationToken" computerName="wangdingyudeMacBook-Pro" duration="00:00:00.2118717" startTime="2026-06-04T12:04:38.9029900+08:00" endTime="2026-06-04T12:04:38.9029900+08:00" testType="13cdc9d9-ddb5-4fa4-a97d-d965ccfc6d4b" outcome="Passed" testListId="8c84fa94-04c1-424b-9868-57a2d4851a1d" relativeResultsDirectory="8bacd0ca-6516-4fd3-9a5a-9faa1c99ed1b" />
    <UnitTestResult executionId="abd45fbe-cf41-4882-a7de-a35554447df6" testId="1e92e861-068b-0543-4588-29b3efe12c78" testName="ProtocolGateway.Tests.Transformers.TransformerConcurrencyTests.TimeBasedSamplingTransformer_ConcurrentAccess_NoRaceCondition" computerName="wangdingyudeMacBook-Pro" duration="00:00:00.1054520" startTime="2026-06-04T12:04:38.6387590+08:00" endTime="2026-06-04T12:04:38.6387590+08:00" testType="13cdc9d9-ddb5-4fa4-a97d-d965ccfc6d4b" outcome="Passed" testListId="8c84fa94-04c1-424b-9868-57a2d4851a1d" relativeResultsDirectory="abd45fbe-cf41-4882-a7de-a35554447df6" />
    <UnitTestResult executionId="55071491-949b-4c75-acae-7e76ac8e1721" testId="12e4fa9f-9a81-3993-efca-73299623e81c" testName="ProtocolGateway.Tests.Pipeline.MessageRouterTests.Route_HigherPriorityRuleMatchesFirst" computerName="wangdingyudeMacBook-Pro" duration="00:00:00.0107904" startTime="2026-06-04T12:04:38.5814920+08:00" endTime="2026-06-04T12:04:38.5814920+08:00" testType="13cdc9d9-ddb5-4fa4-a97d-d965ccfc6d4b" outcome="Passed" testListId="8c84fa94-04c1-424b-9868-57a2d4851a1d" relativeResultsDirectory="55071491-949b-4c75-acae-7e76ac8e1721" />
    <UnitTestResult executionId="857350c6-6dae-4f25-afe8-89648cf7fa52" testId="4025698d-69a6-6a8d-aca1-b127e1676731" testName="ProtocolGateway.Tests.MessageIntentTests.Message_SetIntent_Persists" computerName="wangdingyudeMacBook-Pro" duration="00:00:00.0002737" startTime="2026-06-04T12:04:38.6425540+08:00" endTime="2026-06-04T12:04:38.6425540+08:00" testType="13cdc9d9-ddb5-4fa4-a97d-d965ccfc6d4b" outcome="Passed" testListId="8c84fa94-04c1-424b-9868-57a2d4851a1d" relativeResultsDirectory="857350c6-6dae-4f25-afe8-89648cf7fa52" />
    <UnitTestResult executionId="cb0f9590-dc8c-4d20-b7c4-868de553dc16" testId="dbb13880-df59-4ad1-9708-903272a42dd7" testName="ProtocolGateway.Tests.DeadLetterStoreAsyncTests.AddAsync_RetentionPurge_RemovesExpired" computerName="wangdingyudeMacBook-Pro" duration="00:00:00.1221714" startTime="2026-06-04T12:04:38.9275180+08:00" endTime="2026-06-04T12:04:38.9275180+08:00" testType="13cdc9d9-ddb5-4fa4-a97d-d965ccfc6d4b" outcome="Passed" testListId="8c84fa94-04c1-424b-9868-57a2d4851a1d" relativeResultsDirectory="cb0f9590-dc8c-4d20-b7c4-868de553dc16" />
    <UnitTestResult executionId="d7afdac5-86d0-4eb1-bb22-d1f7311d258d" testId="9e433422-43ff-90f6-bef3-c3f21e45f11d" testName="ProtocolGateway.Tests.MessageTests.Topic_ShouldBeSettable" computerName="wangdingyudeMacBook-Pro" duration="00:00:00.0002542" startTime="2026-06-04T12:04:38.6327020+08:00" endTime="2026-06-04T12:04:38.6327020+08:00" testType="13cdc9d9-ddb5-4fa4-a97d-d965ccfc6d4b" outcome="Passed" testListId="8c84fa94-04c1-424b-9868-57a2d4851a1d" relativeResultsDirectory="d7afdac5-86d0-4eb1-bb22-d1f7311d258d" />
    <UnitTestResult executionId="9d3c2340-3898-4446-85cd-a06b04321188" testId="b7d02c6b-19bd-f154-c4ae-6d2504dfd9eb" testName="ProtocolGateway.Tests.MessageIntentTests.Message_Clone_PreservesIntent" computerName="wangdingyudeMacBook-Pro" duration="00:00:00.0072315" startTime="2026-06-04T12:04:38.5833980+08:00" endTime="2026-06-04T12:04:38.5833980+08:00" testType="13cdc9d9-ddb5-4fa4-a97d-d965ccfc6d4b" outcome="Passed" testListId="8c84fa94-04c1-424b-9868-57a2d4851a1d" relativeResultsDirectory="9d3c2340-3898-4446-85cd-a06b04321188" />
    <UnitTestResult executionId="b686e6a6-50a7-4c21-a136-d414d46b5033" testId="87466c69-a06c-0c93-2104-2e9fb4e84e4a" testName="ProtocolGateway.Tests.MessageImmutabilityTests.SetTextContent_ShouldSetPayloadAndContentType" computerName="wangdingyudeMacBook-Pro" duration="00:00:00.0009819" startTime="2026-06-04T12:04:38.5811510+08:00" endTime="2026-06-04T12:04:38.5811520+08:00" testType="13cdc9d9-ddb5-4fa4-a97d-d965ccfc6d4b" outcome="Passed" testListId="8c84fa94-04c1-424b-9868-57a2d4851a1d" relativeResultsDirectory="b686e6a6-50a7-4c21-a136-d414d46b5033" />
    <UnitTestResult executionId="0e56deb4-7d9b-40a2-ac56-beba5fef8fb9" testId="eee789a9-8065-976d-cdcf-ec2954ecc8bf" testName="ProtocolGateway.Tests.MessageImmutabilityTests.SetPayload_ShouldSetPayload" computerName="wangdingyudeMacBook-Pro" duration="00:00:00.0008856" startTime="2026-06-04T12:04:38.5812760+08:00" endTime="2026-06-04T12:04:38.5812760+08:00" testType="13cdc9d9-ddb5-4fa4-a97d-d965ccfc6d4b" outcome="Passed" testListId="8c84fa94-04c1-424b-9868-57a2d4851a1d" relativeResultsDirectory="0e56deb4-7d9b-40a2-ac56-beba5fef8fb9" />
[...]
[2026-06-04T12:04:42.4328160+08:00] [WARN] [PipelineSendStrategy] Failed to send to 'failing-mock' (attempt 1/4): Simulated failure
System.InvalidOperationException: Simulated failure
   at ProtocolGateway.Tests.ResilientPipelineTests.FailingMockOutput.SendAsync(Message message, CancellationToken cancellationToken) in /Users/dingyuwang/0-X/ZL.PlcSimulator/src/ProtocolGateway/tests/ProtocolGateway.Tests/ResilientPipelineTests.cs:line 351
   at ProtocolGateway.PipelineSendStrategy.SendAsync(IOutputPlugin output, Message message, String traceId, CircuitBreaker breaker, Action`2 onDeadLetter, CancellationToken ct) in /Users/dingyuwang/0-X/ZL.PlcSimulator/src/ProtocolGateway/src/ProtocolGateway/Pipeline/PipelineSendStrategy.cs:line 47
[2026-06-04T12:04:42.4330800+08:00] [WARN] [PipelineSendStrategy] Failed to send to 'failing-mock' (attempt 1/4): Simulated failure
System.InvalidOperationException: Simulated failure
   at ProtocolGateway.Tests.ResilientPipelineTests.FailingMockOutput.SendAsync(Message message, CancellationToken cancellationToken) in /Users/dingyuwang/0-X/ZL.PlcSimulator/src/ProtocolGateway/tests/ProtocolGateway.Tests/ResilientPipelineTests.cs:line 351
   at ProtocolGateway.PipelineSendStrategy.SendAsync(IOutputPlugin output, Message message, String traceId, CircuitBreaker breaker, Action`2 onDeadLetter, CancellationToken ct) in /Users/dingyuwang/0-X/ZL.PlcSimulator/src/ProtocolGateway/src/ProtocolGateway/Pipeline/PipelineSendStrategy.cs:line 47
[2026-06-04T12:04:42.4340890+08:00] [WARN] [PipelineSendStrategy] Failed to send to 'failing-mock' (attempt 1/4): Simulated failure
System.InvalidOperationException: Simulated failure
   at ProtocolGateway.Tests.ResilientPipelineTests.FailingMockOutput.SendAsync(Message message, CancellationToken cancellationToken) in /Users/dingyuwang/0-X/ZL.PlcSimulator/src/ProtocolGateway/tests/ProtocolGateway.Tests/ResilientPipelineTests.cs:line 351
   at ProtocolGateway.PipelineSendStrategy.SendAsync(IOutputPlugin output, Message message, String traceId, CircuitBreaker breaker, Action`2 onDeadLetter, CancellationToken ct) in /Users/dingyuwang/0-X/ZL.PlcSimulator/src/ProtocolGateway/src/ProtocolGateway/Pipeline/PipelineSendStrategy.cs:line 47
[2026-06-04T12:04:42.5341300+08:00] [WARN] [PipelineSendStrategy] Failed to send to 'failing-mock' (attempt 2/4): Simulated failure
System.InvalidOperationException: Simulated failure
   at ProtocolGateway.Tests.ResilientPipelineTests.FailingMockOutput.SendAsync(Message message, CancellationToken cancellationToken) in /Users/dingyuwang/0-X/ZL.PlcSimulator/src/ProtocolGateway/tests/ProtocolGateway.Tests/ResilientPipelineTests.cs:line 351
   at ProtocolGateway.PipelineSendStrategy.SendAsync(IOutputPlugin output, Message message, String traceId, CircuitBreaker breaker, Action`2 onDeadLetter, CancellationToken ct) in /Users/dingyuwang/0-X/ZL.PlcSimulator/src/ProtocolGateway/src/ProtocolGateway/Pipeline/PipelineSendStrategy.cs:line 47
[2026-06-04T12:04:42.5341640+08:00] [WARN] [PipelineSendStrategy] Failed to send to 'failing-mock' (attempt 2/4): Simulated failure
System.InvalidOperationException: Simulated failure
   at ProtocolGateway.Tests.ResilientPipelineTests.FailingMockOutput.SendAsync(Message message, CancellationToken cancellationToken) in /Users/dingyuwang/0-X/ZL.PlcSimulator/src/ProtocolGateway/tests/ProtocolGateway.Tests/ResilientPipelineTests.cs:line 351
   at ProtocolGateway.PipelineSendStrategy.SendAsync(IOutputPlugin output, Message message, String traceId, CircuitBreaker breaker, Action`2 onDeadLetter, CancellationToken ct) in /Users/dingyuwang/0-X/ZL.PlcSimulator/src/ProtocolGateway/src/ProtocolGateway/Pipeline/PipelineSendStrategy.cs:line 47
[2026-06-04T12:04:42.5343730+08:00] [WARN] [PipelineSendStrategy] Failed to send to 'failing-mock' (attempt 2/4): Simulated failure
System.InvalidOperationException: Simulated failure
   at ProtocolGateway.Tests.ResilientPipelineTests.FailingMockOutput.SendAsync(Message message, CancellationToken cancellationToken) in /Users/dingyuwang/0-X/ZL.PlcSimulator/src/ProtocolGateway/tests/ProtocolGateway.Tests/ResilientPipelineTests.cs:line 351
   at ProtocolGateway.PipelineSendStrategy.SendAsync(IOutputPlugin output, Message message, String traceId, CircuitBreaker breaker, Action`2 onDeadLetter, CancellationToken ct) in /Users/dingyuwang/0-X/ZL.PlcSimulator/src/ProtocolGateway/src/ProtocolGateway/Pipeline/PipelineSendStrategy.cs:line 47
[2026-06-04T12:04:42.5341390+08:00] [WARN] [PipelineSendStrategy] Failed to send to 'failing-mock' (attempt 2/4): Simulated failure
System.InvalidOperationException: Simulated failure
   at ProtocolGateway.Tests.ResilientPipelineTests.FailingMockOutput.SendAsync(Message message, CancellationToken cancellationToken) in /Users/dingyuwang/0-X/ZL.PlcSimulator/src/ProtocolGateway/tests/ProtocolGateway.Tests/ResilientPipelineTests.cs:line 351
   at ProtocolGateway.PipelineSendStrategy.SendAsync(IOutputPlugin output, Message message, String traceId, CircuitBreaker breaker, Action`2 onDeadLetter, CancellationToken ct) in /Users/dingyuwang/0-X/ZL.PlcSimulator/src/ProtocolGateway/src/ProtocolGateway/Pipeline/PipelineSendStrategy.cs:line 47
[2026-06-04T12:04:42.7350060+08:00] [WARN] [PipelineSendStrategy] Failed to send to 'failing-mock' (attempt 3/4): Simulated failure
System.InvalidOperationException: Simulated failure
   at ProtocolGateway.Tests.ResilientPipelineTests.FailingMockOutput.SendAsync(Message message, CancellationToken cancellationToken) in /Users/dingyuwang/0-X/ZL.PlcSimulator/src/ProtocolGateway/tests/ProtocolGateway.Tests/ResilientPipelineTests.cs:line 351
   at ProtocolGateway.PipelineSendStrategy.SendAsync(IOutputPlugin output, Message message, String traceId, CircuitBreaker breaker, Action`2 onDeadLetter, CancellationToken ct) in /Users/dingyuwang/0-X/ZL.PlcSimulator/src/ProtocolGateway/src/ProtocolGateway/Pipeline/PipelineSendStrategy.cs:line 47
[2026-06-04T12:04:42.7350530+08:00] [WARN] [PipelineSendStrategy] Failed to send to 'failing-mock' (attempt 3/4): Simulated failure
System.InvalidOperationException: Simulated failure
   at ProtocolGateway.Tests.ResilientPipelineTests.FailingMockOutput.SendAsync(Message message, CancellationToken cancellationToken) in /Users/dingyuwang/0-X/ZL.PlcSimulator/src/ProtocolGateway/tests/ProtocolGateway.Tests/ResilientPipelineTests.cs:line 351
   at ProtocolGateway.PipelineSendStrategy.SendAsync(IOutputPlugin output, Message message, String traceId, CircuitBreaker breaker, Action`2 onDeadLetter, CancellationToken ct) in /Users/dingyuwang/0-X/ZL.PlcSimulator/src/ProtocolGateway/src/ProtocolGateway/Pipeline/PipelineSendStrategy.cs:line 47
[2026-06-04T12:04:42.7350760+08:00] [WARN] [PipelineSendStrategy] Failed to send to 'failing-mock' (attempt 3/4): Simulated failure
System.InvalidOperationException: Simulated failure
   at ProtocolGateway.Tests.ResilientPipelineTests.FailingMockOutput.SendAsync(Message message, CancellationToken cancellationToken) in /Users/dingyuwang/0-X/ZL.PlcSimulator/src/ProtocolGateway/tests/ProtocolGateway.Tests/ResilientPipelineTests.cs:line 351
   at ProtocolGateway.PipelineSendStrategy.SendAsync(IOutputPlugin output, Message message, String traceId, CircuitBreaker breaker, Action`2 onDeadLetter, CancellationToken ct) in /Users/dingyuwang/0-X/ZL.PlcSimulator/src/ProtocolGateway/src/ProtocolGateway/Pipeline/PipelineSendStrategy.cs:line 47
[2026-06-04T12:04:42.7351370+08:00] [WARN] [PipelineSendStrategy] Failed to send to 'failing-mock' (attempt 3/4): Simulated failure
System.InvalidOperationException: Simulated failure
   at ProtocolGateway.Tests.ResilientPipelineTests.FailingMockOutput.SendAsync(Message message, CancellationToken cancellationToken) in /Users/dingyuwang/0-X/ZL.PlcSimulator/src/ProtocolGateway/tests/ProtocolGateway.Tests/ResilientPipelineTests.cs:line 351
   at ProtocolGateway.PipelineSendStrategy.SendAsync(IOutputPlugin output, Message message, String traceId, CircuitBreaker breaker, Action`2 onDeadLetter, CancellationToken ct) in /Users/dingyuwang/0-X/ZL.PlcSimulator/src/ProtocolGateway/src/ProtocolGateway/Pipeline/PipelineSendStrategy.cs:line 47
[2026-06-04T12:04:43.1357350+08:00] [WARN] [PipelineSendStrategy] Failed to send to 'failing-mock' (attempt 4/4): Simulated failure
System.InvalidOperationException: Simulated failure
   at ProtocolGateway.Tests.ResilientPipelineTests.FailingMockOutput.SendAsync(Message message, CancellationToken cancellationToken) in /Users/dingyuwang/0-X/ZL.PlcSimulator/src/ProtocolGateway/tests/ProtocolGateway.Tests/ResilientPipelineTests.cs:line 351
   at ProtocolGateway.PipelineSendStrategy.SendAsync(IOutputPlugin output, Message message, String traceId, CircuitBreaker breaker, Action`2 onDeadLetter, CancellationToken ct) in /Users/dingyuwang/0-X/ZL.PlcSimulator/src/ProtocolGateway/src/ProtocolGateway/Pipeline/PipelineSendStrategy.cs:line 47
[2026-06-04T12:04:43.1357350+08:00] [WARN] [PipelineSendStrategy] Failed to send to 'failing-mock' (attempt 4/4): Simulated failure
System.InvalidOperationException: Simulated failure
   at ProtocolGateway.Tests.ResilientPipelineTests.FailingMockOutput.SendAsync(Message message, CancellationToken cancellationToken) in /Users/dingyuwang/0-X/ZL.PlcSimulator/src/ProtocolGateway/tests/ProtocolGateway.Tests/ResilientPipelineTests.cs:line 351
   at ProtocolGateway.PipelineSendStrategy.SendAsync(IOutputPlugin output, Message message, String traceId, CircuitBreaker breaker, Action`2 onDeadLetter, CancellationToken ct) in /Users/dingyuwang/0-X/ZL.PlcSimulator/src/ProtocolGateway/src/ProtocolGateway/Pipeline/PipelineSendStrategy.cs:line 47
[2026-06-04T12:04:43.1363290+08:00] [WARN] [PipelineSendStrategy] Circuit breaker OPENED for output 'failing-mock'.
[2026-06-04T12:04:43.1360840+08:00] [WARN] [PipelineSendStrategy] Circuit breaker OPENED for output 'failing-mock'.
[2026-06-04T12:04:43.1365950+08:00] [WARN] [ResilientMessagePipeline] Circuit breaker is OPEN for output 'failing-mock', message sent to dead letter queue.
[2026-06-04T12:04:43.1366610+08:00] [WARN] [ResilientMessagePipeline] Circuit breaker is OPEN for output 'failing-mock', message sent to dead letter queue.
[2026-06-04T12:04:43.1368710+08:00] [WARN] [PipelineSendStrategy] Failed to send to 'failing-mock' (attempt 4/4): Simulated failure
System.InvalidOperationException: Simulated failure
   at ProtocolGateway.Tests.ResilientPipelineTests.FailingMockOutput.SendAsync(Message message, CancellationToken cancellationToken) in /Users/dingyuwang/0-X/ZL.PlcSimulator/src/ProtocolGateway/tests/ProtocolGateway.Tests/ResilientPipelineTests.cs:line 351
   at ProtocolGateway.PipelineSendStrategy.SendAsync(IOutputPlugin output, Message message, String traceId, CircuitBreaker breaker, Action`2 onDeadLetter, CancellationToken ct) in /Users/dingyuwang/0-X/ZL.PlcSimulator/src/ProtocolGateway/src/ProtocolGateway/Pipeline/PipelineSendStrategy.cs:line 47
[2026-06-04T12:04:43.1368720+08:00] [WARN] [PipelineSendStrategy] Failed to send to 'failing-mock' (attempt 4/4): Simulated failure
System.InvalidOperationException: Simulated failure
   at ProtocolGateway.Tests.ResilientPipelineTests.FailingMockOutput.SendAsync(Message message, CancellationToken cancellationToken) in /Users/dingyuwang/0-X/ZL.PlcSimulator/src/ProtocolGateway/tests/ProtocolGateway.Tests/ResilientPipelineTests.cs:line 351
   at ProtocolGateway.PipelineSendStrategy.SendAsync(IOutputPlugin output, Message message, String traceId, CircuitBreaker breaker, Action`2 onDeadLetter, CancellationToken ct) in /Users/dingyuwang/0-X/ZL.PlcSimulator/src/ProtocolGateway/src/ProtocolGateway/Pipeline/PipelineSendStrategy.cs:line 47
[2026-06-04T12:04:43.1370600+08:00] [WARN] [PipelineSendStrategy] Circuit breaker OPENED for output 'failing-mock'.
[2026-06-04T12:04:43.1372270+08:00] [WARN] [PipelineSendStrategy] Circuit breaker OPENED for output 'failing-mock'.
[2026-06-04T12:04:43.2640440+08:00] [WARN] [PipelineSendStrategy] Failed to send to 'failing-mock' (attempt 1/4): Simulated failure
System.InvalidOperationException: Simulated failure
   at ProtocolGateway.Tests.ResilientPipelineTests.FailingMockOutput.SendAsync(Message message, CancellationToken cancellationToken) in /Users/dingyuwang/0-X/ZL.PlcSimulator/src/ProtocolGateway/tests/ProtocolGateway.Tests/ResilientPipelineTests.cs:line 351
   at ProtocolGateway.PipelineSendStrategy.SendAsync(IOutputPlugin output, Message message, String traceId, CircuitBreaker breaker, Action`2 onDeadLetter, CancellationToken ct) in /Users/dingyuwang/0-X/ZL.PlcSimulator/src/ProtocolGateway/src/ProtocolGateway/Pipeline/PipelineSendStrategy.cs:line 47
[xUnit.net 00:00:05.80]       System.NullReferenceException : Object reference not set to an instance of an object.
[xUnit.net 00:00:05.80]       Stack Trace:
[xUnit.net 00:00:05.80]         /Users/dingyuwang/0-X/ZL.PlcSimulator/src/ProtocolGateway/src/ProtocolGateway/Pipeline/ResilientMessagePipeline.cs(220,0): at ProtocolGateway.ResilientMessagePipeline.&lt;StartAsync&gt;b__64_0()
[xUnit.net 00:00:05.80]            at System.Threading.Tasks.Task`1.InnerInvoke()
[xUnit.net 00:00:05.80]            at System.Threading.ExecutionContext.RunFromThreadPoolDispatchLoop(Thread threadPoolThread, ExecutionContext executionContext, ContextCallback callback, Object state)
[xUnit.net 00:00:05.80]         --- End of stack trace from previous location ---
[xUnit.net 00:00:05.80]            at System.Threading.ExecutionContext.RunFromThreadPoolDispatchLoop(Thread threadPoolThread, ExecutionContext executionContext, ContextCallback callback, Object state)
[xUnit.net 00:00:05.80]            at System.Threading.Tasks.Task.ExecuteWithThreadLocal(Task&amp; currentTaskSlot, Thread threadPoolThread)
[xUnit.net 00:00:05.80]         --- End of stack trace from previous location ---
[xUnit.net 00:00:05.80]         /Users/dingyuwang/0-X/ZL.PlcSimulator/src/ProtocolGateway/src/ProtocolGateway/Pipeline/ResilientMessagePipeline.cs(261,0): at ProtocolGateway.ResilientMessagePipeline.StopAsync()
[xUnit.net 00:00:05.80]         /Users/dingyuwang/0-X/ZL.PlcSimulator/src/ProtocolGateway/tests/ProtocolGateway.Tests/PipelineConcurrencyTests.cs(173,0): at ProtocolGateway.Tests.PipelineConcurrencyTests.Pipeline_ProcessAsync_AfterStop_IsIgnored()
[xUnit.net 00:00:05.80]         --- End of stack trace from previous location ---
[2026-06-04T12:04:43.3645430+08:00] [WARN] [PipelineSendStrategy] Failed to send to 'failing-mock' (attempt 2/4): Simulated failure
System.InvalidOperationException: Simulated failure
   at ProtocolGateway.Tests.ResilientPipelineTests.FailingMockOutput.SendAsync(Message message, CancellationToken cancellationToken) in /Users/dingyuwang/0-X/ZL.PlcSimulator/src/ProtocolGateway/tests/ProtocolGateway.Tests/ResilientPipelineTests.cs:line 351
   at ProtocolGateway.PipelineSendStrategy.SendAsync(IOutputPlugin output, Message message, String traceId, CircuitBreaker breaker, Action`2 onDeadLetter, CancellationToken ct) in /Users/dingyuwang/0-X/ZL.PlcSimulator/src/ProtocolGateway/src/ProtocolGateway/Pipeline/PipelineSendStrategy.cs:line 47
[2026-06-04T12:04:43.5174510+08:00] [WARN] [PipelineSendStrategy] Failed to send to 'slow-out' (attempt 1/1): Send to 'slow-out' timed out after 100ms
System.TimeoutException: Send to 'slow-out' timed out after 100ms
   at ProtocolGateway.PipelineSendStrategy.SendAsync(IOutputPlugin output, Message message, String traceId, CircuitBreaker breaker, Action`2 onDeadLetter, CancellationToken ct) in /Users/dingyuwang/0-X/ZL.PlcSimulator/src/ProtocolGateway/src/ProtocolGateway/Pipeline/PipelineSendStrategy.cs:line 60
[2026-06-04T12:04:43.5313550+08:00] [WARN] [PipelineSendStrategy] Failed to send to 'failing-out' (attempt 1/1): always fails
System.IO.IOException: always fails
   at ProtocolGateway.PipelineSendStrategy.SendAsync(IOutputPlugin output, Message message, String traceId, CircuitBreaker breaker, Action`2 onDeadLetter, CancellationToken ct) in /Users/dingyuwang/0-X/ZL.PlcSimulator/src/ProtocolGateway/src/ProtocolGateway/Pipeline/PipelineSendStrategy.cs:line 52
[2026-06-04T12:04:43.5321670+08:00] [WARN] [PipelineSendStrategy] Failed to send to 'failing-out' (attempt 1/1): always fails
System.IO.IOException: always fails
   at ProtocolGateway.PipelineSendStrategy.SendAsync(IOutputPlugin output, Message message, String traceId, CircuitBreaker breaker, Action`2 onDeadLetter, CancellationToken ct) in /Users/dingyuwang/0-X/ZL.PlcSimulator/src/ProtocolGateway/src/ProtocolGateway/Pipeline/PipelineSendStrategy.cs:line 52
[2026-06-04T12:04:43.5324080+08:00] [WARN] [PipelineSendStrategy] Circuit breaker OPENED for output 'failing-out'.
[2026-06-04T12:04:43.5357480+08:00] [WARN] [PipelineSendStrategy] Failed to send to 'failing-out' (attempt 1/3): always fails
System.IO.IOException: always fails
   at ProtocolGateway.PipelineSendStrategy.SendAsync(IOutputPlugin output, Message message, String traceId, CircuitBreaker breaker, Action`2 onDeadLetter, CancellationToken ct) in /Users/dingyuwang/0-X/ZL.PlcSimulator/src/ProtocolGateway/src/ProtocolGateway/Pipeline/PipelineSendStrategy.cs:line 52
[2026-06-04T12:04:43.5474670+08:00] [WARN] [PipelineSendStrategy] Failed to send to 'failing-out' (attempt 2/3): always fails
System.IO.IOException: always fails
   at ProtocolGateway.PipelineSendStrategy.SendAsync(IOutputPlugin output, Message message, String traceId, CircuitBreaker breaker, Action`2 onDeadLetter, CancellationToken ct) in /Users/dingyuwang/0-X/ZL.PlcSimulator/src/ProtocolGateway/src/ProtocolGateway/Pipeline/PipelineSendStrategy.cs:line 52
[2026-06-04T12:04:43.5651460+08:00] [WARN] [PipelineSendStrategy] Failed to send to 'failing-mock' (attempt 3/4): Simulated failure
System.InvalidOperationException: Simulated failure
   at ProtocolGateway.Tests.ResilientPipelineTests.FailingMockOutput.SendAsync(Message message, CancellationToken cancellationToken) in /Users/dingyuwang/0-X/ZL.PlcSimulator/src/ProtocolGateway/tests/ProtocolGateway.Tests/ResilientPipelineTests.cs:line 351
   at ProtocolGateway.PipelineSendStrategy.SendAsync(IOutputPlugin output, Message message, String traceId, CircuitBreaker breaker, Action`2 onDeadLetter, CancellationToken ct) in /Users/dingyuwang/0-X/ZL.PlcSimulator/src/ProtocolGateway/src/ProtocolGateway/Pipeline/PipelineSendStrategy.cs:line 47
[2026-06-04T12:04:43.5676010+08:00] [WARN] [PipelineSendStrategy] Failed to send to 'failing-out' (attempt 3/3): always fails
System.IO.IOException: always fails
   at ProtocolGateway.PipelineSendStrategy.SendAsync(IOutputPlugin output, Message message, String traceId, CircuitBreaker breaker, Action`2 onDeadLetter, CancellationToken ct) in /Users/dingyuwang/0-X/ZL.PlcSimulator/src/ProtocolGateway/src/ProtocolGateway/Pipeline/PipelineSendStrategy.cs:line 52
[2026-06-04T12:04:43.9656540+08:00] [WARN] [PipelineSendStrategy] Failed to send to 'failing-mock' (attempt 4/4): Simulated failure
System.InvalidOperationException: Simulated failure
   at ProtocolGateway.Tests.ResilientPipelineTests.FailingMockOutput.SendAsync(Message message, CancellationToken cancellationToken) in /Users/dingyuwang/0-X/ZL.PlcSimulator/src/ProtocolGateway/tests/ProtocolGateway.Tests/ResilientPipelineTests.cs:line 351
   at ProtocolGateway.PipelineSendStrategy.SendAsync(IOutputPlugin output, Message message, String traceId, CircuitBreaker breaker, Action`2 onDeadLetter, CancellationToken ct) in /Users/dingyuwang/0-X/ZL.PlcSimulator/src/ProtocolGateway/src/ProtocolGateway/Pipeline/PipelineSendStrategy.cs:line 47
[xUnit.net 00:00:07.31]   Finished:    ProtocolGateway.Tests
</StdOut>
    </Output>
    <RunInfos>
      <RunInfo computerName="wangdingyudeMacBook-Pro" outcome="Error" timestamp="2026-06-04T12:04:43.2724130+08:00">
        <Text>[xUnit.net 00:00:05.80]     ProtocolGateway.Tests.PipelineConcurrencyTests.Pipeline_ProcessAsync_AfterStop_IsIgnored [FAIL]</Text>
      </RunInfo>
    </RunInfos>
  </ResultSummary>
</TestRun>