<?xml version="1.0" encoding="utf-8"?>
<TestRun id="73c7009a-26cf-4007-b576-b145e68635a1" name="@wangdingyudeMacBook-Pro 2026-06-04 11:55:06" xmlns="http://microsoft.com/schemas/VisualStudio/TeamTest/2010">
  <Times creation="2026-06-04T11:55:07.5919090+08:00" queuing="2026-06-04T11:55:07.5919090+08:00" start="2026-06-04T11:55:02.2837570+08:00" finish="2026-06-04T11:55:12.8465690+08:00" />
  <TestSettings name="default" id="5062a348-0475-4af3-9fd7-2fb7efce85e1">
    <Deployment runDeploymentRoot="_wangdingyudeMacBook-Pro_2026-06-04_11_55_06" />
  </TestSettings>
  <Results>
    <UnitTestResult executionId="e9357012-a1b4-4ef2-b6d2-723115a0412e" testId="db81e8dd-6146-9f0f-9f28-dfc4873166d8" testName="ProtocolGateway.Tests.CircuitBreakerTests.CircuitBreaker_HalfOpen_RecordSuccess_BecomesClosed" computerName="wangdingyudeMacBook-Pro" duration="00:00:00.0954779" startTime="2026-06-04T11:55:06.4247530+08:00" endTime="2026-06-04T11:55:06.4247530+08:00" testType="13cdc9d9-ddb5-4fa4-a97d-d965ccfc6d4b" outcome="Passed" testListId="8c84fa94-04c1-424b-9868-57a2d4851a1d" relativeResultsDirectory="e9357012-a1b4-4ef2-b6d2-723115a0412e" />
    <UnitTestResult executionId="122a3c12-84a1-4a1a-9fef-4b0982e44962" testId="a201c963-6bec-4dc7-382e-be848a8e564a" testName="ProtocolGateway.Tests.CircuitBreakerTests.CircuitBreaker_ConcurrentIsOpen_ThreadSafe" computerName="wangdingyudeMacBook-Pro" duration="00:00:00.0720534" startTime="2026-06-04T11:55:06.6772560+08:00" endTime="2026-06-04T11:55:06.6772560+08:00" testType="13cdc9d9-ddb5-4fa4-a97d-d965ccfc6d4b" outcome="Passed" testListId="8c84fa94-04c1-424b-9868-57a2d4851a1d" relativeResultsDirectory="122a3c12-84a1-4a1a-9fef-4b0982e44962" />
    <UnitTestResult executionId="745e9751-95af-4b5e-b99b-4bd635ff0d2e" testId="11b73bcc-9f71-5ec1-f3f2-4bfaf4af7ab4" testName="ProtocolGateway.Tests.CancellationOnlyShutdownTests.TcpOutputPlugin_OnStop_OnlyUsesCancellationToken" computerName="wangdingyudeMacBook-Pro" duration="00:00:00.2341575" startTime="2026-06-04T11:55:06.8271330+08:00" endTime="2026-06-04T11:55:06.8271340+08:00" testType="13cdc9d9-ddb5-4fa4-a97d-d965ccfc6d4b" outcome="Passed" testListId="8c84fa94-04c1-424b-9868-57a2d4851a1d" relativeResultsDirectory="745e9751-95af-4b5e-b99b-4bd635ff0d2e" />
    <UnitTestResult executionId="c651f83a-5735-4ac9-9e71-dc17bde57d70" testId="232065f1-d75b-9a2d-3698-1607ee5b875b" testName="ProtocolGateway.Tests.MessageTests.ContentConversion_ShouldHandleVariousInputs(content: &quot;&quot;, contentType: &quot;json&quot;)" computerName="wangdingyudeMacBook-Pro" duration="00:00:00.0008978" startTime="2026-06-04T11:55:06.3932250+08:00" endTime="2026-06-04T11:55:06.3932250+08:00" testType="13cdc9d9-ddb5-4fa4-a97d-d965ccfc6d4b" outcome="Passed" testListId="8c84fa94-04c1-424b-9868-57a2d4851a1d" relativeResultsDirectory="c651f83a-5735-4ac9-9e71-dc17bde57d70" />
    <UnitTestResult executionId="f5084df7-2623-48d9-a156-e80b00f11f54" testId="f4fa3c62-f7d0-699f-4c5d-333584948e63" testName="ProtocolGateway.Tests.ResilientPipelineTests.CircuitBreaker_Reset_ClearsState" computerName="wangdingyudeMacBook-Pro" duration="00:00:00.5077483" startTime="2026-06-04T11:55:07.6008390+08:00" endTime="2026-06-04T11:55:07.6008400+08:00" testType="13cdc9d9-ddb5-4fa4-a97d-d965ccfc6d4b" outcome="Failed" testListId="8c84fa94-04c1-424b-9868-57a2d4851a1d" relativeResultsDirectory="f5084df7-2623-48d9-a156-e80b00f11f54">
      <Output>
        <ErrorInfo>
          <Message>Assert.Equal() Failure: Values differ
Expected: Open
Actual:   Closed</Message>
          <StackTrace>   at ProtocolGateway.Tests.ResilientPipelineTests.CircuitBreaker_Reset_ClearsState() in /Users/dingyuwang/0-X/ZL.PlcSimulator/src/ProtocolGateway/tests/ProtocolGateway.Tests/ResilientPipelineTests.cs:line 136
--- End of stack trace from previous location ---</StackTrace>
        </ErrorInfo>
      </Output>
    </UnitTestResult>
    <UnitTestResult executionId="627f346d-5799-4ddd-b7e1-15aa2351725f" testId="e5aea07c-ebdf-4dd1-536f-aabaa98b3a58" testName="ProtocolGateway.Tests.MessageIntentTests.Message_TagWriteIntent_WithWrites" computerName="wangdingyudeMacBook-Pro" duration="00:00:00.0023109" startTime="2026-06-04T11:55:06.4188850+08:00" endTime="2026-06-04T11:55:06.4188850+08:00" testType="13cdc9d9-ddb5-4fa4-a97d-d965ccfc6d4b" outcome="Passed" testListId="8c84fa94-04c1-424b-9868-57a2d4851a1d" relativeResultsDirectory="627f346d-5799-4ddd-b7e1-15aa2351725f" />
    <UnitTestResult executionId="0d15ad64-a0b8-4a09-b722-509cf0891739" testId="3715234b-0028-b241-c305-789c1af7801f" testName="ProtocolGateway.Tests.MessageTests.SetTextContent_ShouldSetPayloadAndContentType" computerName="wangdingyudeMacBook-Pro" duration="00:00:00.0005540" startTime="2026-06-04T11:55:06.4130100+08:00" endTime="2026-06-04T11:55:06.4130100+08:00" testType="13cdc9d9-ddb5-4fa4-a97d-d965ccfc6d4b" outcome="Passed" testListId="8c84fa94-04c1-424b-9868-57a2d4851a1d" relativeResultsDirectory="0d15ad64-a0b8-4a09-b722-509cf0891739" />
    <UnitTestResult executionId="0a1fb70c-c06c-4df4-a33d-27ce8edb2a62" testId="e5b1c9d3-f25a-5587-e1d8-861459b526ce" testName="ProtocolGateway.Tests.ResilientPipelineTests.GetCircuitBreakerState_UnknownOutput_ReturnsClosed" computerName="wangdingyudeMacBook-Pro" duration="00:00:00.0044304" startTime="2026-06-04T11:55:06.6714210+08:00" endTime="2026-06-04T11:55:06.6714210+08:00" testType="13cdc9d9-ddb5-4fa4-a97d-d965ccfc6d4b" outcome="Passed" testListId="8c84fa94-04c1-424b-9868-57a2d4851a1d" relativeResultsDirectory="0a1fb70c-c06c-4df4-a33d-27ce8edb2a62" />
    <UnitTestResult executionId="5e8eb545-a9e5-4ce8-bac6-0b3731ca3b43" testId="f2a4bf44-08f6-d264-5d52-3890a5d2bca3" testName="ProtocolGateway.Tests.Transformers.TransformerConcurrencyTests.DeadbandTransformer_ConcurrentSameAddress_CorrectFiltering" computerName="wangdingyudeMacBook-Pro" duration="00:00:00.0062696" startTime="2026-06-04T11:55:06.5476290+08:00" endTime="2026-06-04T11:55:06.5476290+08:00" testType="13cdc9d9-ddb5-4fa4-a97d-d965ccfc6d4b" outcome="Passed" testListId="8c84fa94-04c1-424b-9868-57a2d4851a1d" relativeResultsDirectory="5e8eb545-a9e5-4ce8-bac6-0b3731ca3b43" />
    <UnitTestResult executionId="0d859d65-f619-463c-8b7f-c19cc97164c6" testId="c2525f5c-0647-e15c-fa15-83f810e2b94b" testName="ProtocolGateway.Tests.MessageTests.ContentConversion_ShouldHandleVariousInputs(content: &quot;not-json&quot;, contentType: &quot;json&quot;)" computerName="wangdingyudeMacBook-Pro" duration="00:00:00.0000542" startTime="2026-06-04T11:55:06.4049790+08:00" endTime="2026-06-04T11:55:06.4049800+08:00" testType="13cdc9d9-ddb5-4fa4-a97d-d965ccfc6d4b" outcome="Passed" testListId="8c84fa94-04c1-424b-9868-57a2d4851a1d" relativeResultsDirectory="0d859d65-f619-463c-8b7f-c19cc97164c6" />
    <UnitTestResult executionId="b024ce9f-2aea-47ae-8b3c-b4041e350775" testId="cc097caa-20f8-33ac-aad1-e5d068946a2d" testName="ProtocolGateway.Tests.Pipeline.PipelineSendStrategyTests.CreateFailureResult_ContainsDiagnosticInfo" computerName="wangdingyudeMacBook-Pro" duration="00:00:00.0007075" startTime="2026-06-04T11:55:11.5475960+08:00" endTime="2026-06-04T11:55:11.5475970+08:00" testType="13cdc9d9-ddb5-4fa4-a97d-d965ccfc6d4b" outcome="Passed" testListId="8c84fa94-04c1-424b-9868-57a2d4851a1d" relativeResultsDirectory="b024ce9f-2aea-47ae-8b3c-b4041e350775" />
    <UnitTestResult executionId="472f5057-395b-4a8d-a22b-712af5634d16" testId="4b750073-16f2-f913-bb16-44768bfa2f3c" testName="ProtocolGateway.Tests.MessageTests.GetJsonContent_ShouldThrowOnWrongContentType" computerName="wangdingyudeMacBook-Pro" duration="00:00:00.0018865" startTime="2026-06-04T11:55:06.4080570+08:00" endTime="2026-06-04T11:55:06.4080570+08:00" testType="13cdc9d9-ddb5-4fa4-a97d-d965ccfc6d4b" outcome="Passed" testListId="8c84fa94-04c1-424b-9868-57a2d4851a1d" relativeResultsDirectory="472f5057-395b-4a8d-a22b-712af5634d16" />
    <UnitTestResult executionId="7ad4d535-b0d6-489e-ba0e-4f2a899fee28" testId="c4607461-f44f-341e-e2d2-ed1ef7e1ad90" testName="ProtocolGateway.Tests.MessageTests.Clone_ShouldCreateDeepCopy" computerName="wangdingyudeMacBook-Pro" duration="00:00:00.0048107" startTime="2026-06-04T11:55:06.4157930+08:00" endTime="2026-06-04T11:55:06.4157940+08:00" testType="13cdc9d9-ddb5-4fa4-a97d-d965ccfc6d4b" outcome="Passed" testListId="8c84fa94-04c1-424b-9868-57a2d4851a1d" relativeResultsDirectory="7ad4d535-b0d6-489e-ba0e-4f2a899fee28" />
    <UnitTestResult executionId="6479ff93-1730-4aaf-b68c-3d04c24d3823" testId="044b1a6b-3f6d-6be0-ddc1-25677d1cfcfa" testName="ProtocolGateway.Tests.ResilientPipelineTests.ProcessAsync_OutputFails_MessageGoesToDeadLetterQueue" computerName="wangdingyudeMacBook-Pro" duration="00:00:00.1057396" startTime="2026-06-04T11:55:07.0911350+08:00" endTime="2026-06-04T11:55:07.0911350+08:00" testType="13cdc9d9-ddb5-4fa4-a97d-d965ccfc6d4b" outcome="Failed" testListId="8c84fa94-04c1-424b-9868-57a2d4851a1d" relativeResultsDirectory="6479ff93-1730-4aaf-b68c-3d04c24d3823">
      <Output>
        <ErrorInfo>
          <Message>Assert.NotEmpty() Failure: Collection was empty</Message>
          <StackTrace>   at ProtocolGateway.Tests.ResilientPipelineTests.ProcessAsync_OutputFails_MessageGoesToDeadLetterQueue() in /Users/dingyuwang/0-X/ZL.PlcSimulator/src/ProtocolGateway/tests/ProtocolGateway.Tests/ResilientPipelineTests.cs:line 64
--- End of stack trace from previous location ---</StackTrace>
        </ErrorInfo>
      </Output>
    </UnitTestResult>
    <UnitTestResult executionId="94e76878-3038-4026-9f1d-eedd8d858985" testId="a6a13f88-8be5-cbbf-3be6-c8ebf484e045" testName="ProtocolGateway.Tests.Pipeline.PipelineSendStrategyTests.SendAsync_RepeatedFailures_OpensCircuitBreaker" computerName="wangdingyudeMacBook-Pro" duration="00:00:00.0041129" startTime="2026-06-04T11:55:11.5085340+08:00" endTime="2026-06-04T11:55:11.5085350+08:00" testType="13cdc9d9-ddb5-4fa4-a97d-d965ccfc6d4b" outcome="Passed" testListId="8c84fa94-04c1-424b-9868-57a2d4851a1d" relativeResultsDirectory="94e76878-3038-4026-9f1d-eedd8d858985" />
    <UnitTestResult executionId="75bd144b-9c8a-4023-8ca7-9dabd48257f7" testId="e2f8a39e-4bfd-708a-5980-7a7e34aaf267" testName="ProtocolGateway.Tests.PipelineConcurrencyTests.Pipeline_ProcessAsync_NullMessage_IsIgnored" computerName="wangdingyudeMacBook-Pro" duration="00:00:00.0105781" startTime="2026-06-04T11:55:07.4905860+08:00" endTime="2026-06-04T11:55:07.4905860+08:00" testType="13cdc9d9-ddb5-4fa4-a97d-d965ccfc6d4b" outcome="Passed" testListId="8c84fa94-04c1-424b-9868-57a2d4851a1d" relativeResultsDirectory="75bd144b-9c8a-4023-8ca7-9dabd48257f7" />
    <UnitTestResult executionId="546f402f-31c7-4b1b-b035-e0f9d82a134f" testId="f80da1a3-c7b6-320c-9779-08b4e73dfa95" testName="ProtocolGateway.Tests.Pipeline.PipelineSendStrategyTests.CreateCircuitOpenResult_HasCorrectStatus" computerName="wangdingyudeMacBook-Pro" duration="00:00:00.0004449" startTime="2026-06-04T11:55:11.5091990+08:00" endTime="2026-06-04T11:55:11.5092000+08:00" testType="13cdc9d9-ddb5-4fa4-a97d-d965ccfc6d4b" outcome="Passed" testListId="8c84fa94-04c1-424b-9868-57a2d4851a1d" relativeResultsDirectory="546f402f-31c7-4b1b-b035-e0f9d82a134f" />
    <UnitTestResult executionId="1ca240b0-4efb-4e9c-89d0-0b82515bddba" testId="066fa46e-4ff9-2acb-397b-427678b0d091" testName="ProtocolGateway.Tests.MessageIntentTests.Message_Writes_DefaultEmptyList" computerName="wangdingyudeMacBook-Pro" duration="00:00:00.0271840" startTime="2026-06-04T11:55:06.3496880+08:00" endTime="2026-06-04T11:55:06.3496880+08:00" testType="13cdc9d9-ddb5-4fa4-a97d-d965ccfc6d4b" outcome="Passed" testListId="8c84fa94-04c1-424b-9868-57a2d4851a1d" relativeResultsDirectory="1ca240b0-4efb-4e9c-89d0-0b82515bddba" />
    <UnitTestResult executionId="a9bb98fd-2d2f-4d28-9bfe-e344425eeb0f" testId="28d7b0fe-c591-1274-738b-a4a5c2aafbf7" testName="ProtocolGateway.Tests.PipelineMetricsCollectorTests.Reset_ShouldClearAllCounters" computerName="wangdingyudeMacBook-Pro" duration="00:00:00.0030718" startTime="2026-06-04T11:55:06.4104220+08:00" endTime="2026-06-04T11:55:06.4104230+08:00" testType="13cdc9d9-ddb5-4fa4-a97d-d965ccfc6d4b" outcome="Passed" testListId="8c84fa94-04c1-424b-9868-57a2d4851a1d" relativeResultsDirectory="a9bb98fd-2d2f-4d28-9bfe-e344425eeb0f" />
    <UnitTestResult executionId="b53cd41f-b2c5-46b3-a5ba-eadab909818c" testId="82c9fbd2-abb8-f316-4bfd-dc7c9305d535" testName="ProtocolGateway.Tests.GatewayMetricsSnapshotIntegrationTests.GatewayMetricsSnapshot_HasPipelineMetricsProperty" computerName="wangdingyudeMacBook-Pro" duration="00:00:00.0020235" startTime="2026-06-04T11:55:06.4601850+08:00" endTime="2026-06-04T11:55:06.4601850+08:00" testType="13cdc9d9-ddb5-4fa4-a97d-d965ccfc6d4b" outcome="Passed" testListId="8c84fa94-04c1-424b-9868-57a2d4851a1d" relativeResultsDirectory="b53cd41f-b2c5-46b3-a5ba-eadab909818c" />
    <UnitTestResult executionId="0d78e607-e3a3-4171-b5e2-2e6ae4841ae8" testId="6fbf95a1-7053-6c02-dbef-744d50608c83" testName="ProtocolGateway.Tests.Transformers.DeadbandTransformerTests.Build_BoolType_NeverFiltered" computerName="wangdingyudeMacBook-Pro" duration="00:00:00.0022200" startTime="2026-06-04T11:55:06.4236140+08:00" endTime="2026-06-04T11:55:06.4236140+08:00" testType="13cdc9d9-ddb5-4fa4-a97d-d965ccfc6d4b" outcome="Passed" testListId="8c84fa94-04c1-424b-9868-57a2d4851a1d" relativeResultsDirectory="0d78e607-e3a3-4171-b5e2-2e6ae4841ae8" />
    <UnitTestResult executionId="3e3d0abc-8d3b-483e-a8d8-e8278998b46d" testId="b378ce77-3467-d92b-cbae-8d9ed9756951" testName="ProtocolGateway.Tests.MessageIntentTests.MessageIntent_EnumValues_AreCorrect" computerName="wangdingyudeMacBook-Pro" duration="00:00:00.0278839" startTime="2026-06-04T11:55:06.4184820+08:00" endTime="2026-06-04T11:55:06.4184820+08:00" testType="13cdc9d9-ddb5-4fa4-a97d-d965ccfc6d4b" outcome="Passed" testListId="8c84fa94-04c1-424b-9868-57a2d4851a1d" relativeResultsDirectory="3e3d0abc-8d3b-483e-a8d8-e8278998b46d" />
    <UnitTestResult executionId="aa438c7c-39a3-4984-84f2-7eca6f4571f8" testId="4694a930-22bd-1dbf-87f8-deac985b5795" testName="ProtocolGateway.Tests.CircuitBreakerTests.CircuitBreaker_RecordFailure_BelowThreshold_RemainsClosed" computerName="wangdingyudeMacBook-Pro" duration="00:00:00.0003219" startTime="2026-06-04T11:55:06.5438580+08:00" endTime="2026-06-04T11:55:06.5438580+08:00" testType="13cdc9d9-ddb5-4fa4-a97d-d965ccfc6d4b" outcome="Passed" testListId="8c84fa94-04c1-424b-9868-57a2d4851a1d" relativeResultsDirectory="aa438c7c-39a3-4984-84f2-7eca6f4571f8" />
    <UnitTestResult executionId="059676c2-6b3c-405a-9132-c7ffeabdc8ed" testId="b7d02c6b-19bd-f154-c4ae-6d2504dfd9eb" testName="ProtocolGateway.Tests.MessageIntentTests.Message_Clone_PreservesIntent" computerName="wangdingyudeMacBook-Pro" duration="00:00:00.0217128" startTime="2026-06-04T11:55:06.4085300+08:00" endTime="2026-06-04T11:55:06.4085310+08:00" testType="13cdc9d9-ddb5-4fa4-a97d-d965ccfc6d4b" outcome="Passed" testListId="8c84fa94-04c1-424b-9868-57a2d4851a1d" relativeResultsDirectory="059676c2-6b3c-405a-9132-c7ffeabdc8ed" />
    <UnitTestResult executionId="332f2ffb-2bf1-4ecd-abae-5ab60bb6feeb" testId="c3401d53-47b1-c490-5672-8ba19292fb4d" testName="ProtocolGateway.Tests.PipelineMetricsCollectorTests.RecordFilteredAndDeadLetter_ShouldTrackCounts" computerName="wangdingyudeMacBook-Pro" duration="00:00:00.0012966" startTime="2026-06-04T11:55:06.4558770+08:00" endTime="2026-06-04T11:55:06.4558770+08:00" testType="13cdc9d9-ddb5-4fa4-a97d-d965ccfc6d4b" outcome="Passed" testListId="8c84fa94-04c1-424b-9868-57a2d4851a1d" relativeResultsDirectory="332f2ffb-2bf1-4ecd-abae-5ab60bb6feeb" />
    <UnitTestResult executionId="1e3c3152-32f2-455b-bc01-0daaf1d67d88" testId="8f07b101-aea8-d172-549d-c6410c2a3898" testName="ProtocolGateway.Tests.Transformers.DeadbandTransformerTests.Build_MultiTag_PartialFilter" computerName="wangdingyudeMacBook-Pro" duration="00:00:00.0033504" startTime="2026-06-04T11:55:06.4335570+08:00" endTime="2026-06-04T11:55:06.4335570+08:00" testType="13cdc9d9-ddb5-4fa4-a97d-d965ccfc6d4b" outcome="Passed" testListId="8c84fa94-04c1-424b-9868-57a2d4851a1d" relativeResultsDirectory="1e3c3152-32f2-455b-bc01-0daaf1d67d88" />
    <UnitTestResult executionId="69df4bbd-c075-407a-b106-08eeafb68f5c" testId="076b1e36-501c-6632-c152-1b2329fedfed" testName="ProtocolGateway.Tests.DeadLetterStoreAsyncTests.AddAsync_NullEntry_IsIgnored" computerName="wangdingyudeMacBook-Pro" duration="00:00:00.3221788" startTime="2026-06-04T11:55:06.6032650+08:00" endTime="2026-06-04T11:55:06.6032650+08:00" testType="13cdc9d9-ddb5-4fa4-a97d-d965ccfc6d4b" outcome="Passed" testListId="8c84fa94-04c1-424b-9868-57a2d4851a1d" relativeResultsDirectory="69df4bbd-c075-407a-b106-08eeafb68f5c" />
    <UnitTestResult executionId="f933c914-d4dc-443f-a9e8-bb48d2b45267" testId="2c9c35e3-ff53-8f2f-c5ca-249996e7e609" testName="ProtocolGateway.Tests.Transformers.TransformerConcurrencyTests.SamplingTransformer_ConcurrentHighLoad_NoException" computerName="wangdingyudeMacBook-Pro" duration="00:00:00.0421931" startTime="2026-06-04T11:55:06.6273650+08:00" endTime="2026-06-04T11:55:06.6273650+08:00" testType="13cdc9d9-ddb5-4fa4-a97d-d965ccfc6d4b" outcome="Passed" testListId="8c84fa94-04c1-424b-9868-57a2d4851a1d" relativeResultsDirectory="f933c914-d4dc-443f-a9e8-bb48d2b45267" />
    <UnitTestResult executionId="db0a3ebb-7726-4936-a437-40af0c6b01dc" testId="e7dc4b9f-46d4-b56a-a30b-59f968f3a61c" testName="ProtocolGateway.Tests.MessageImmutabilityTests.SetJsonContent_ShouldSetPayloadAndContentType" computerName="wangdingyudeMacBook-Pro" duration="00:00:00.0203371" startTime="2026-06-04T11:55:06.3317890+08:00" endTime="2026-06-04T11:55:06.3318950+08:00" testType="13cdc9d9-ddb5-4fa4-a97d-d965ccfc6d4b" outcome="Passed" testListId="8c84fa94-04c1-424b-9868-57a2d4851a1d" relativeResultsDirectory="db0a3ebb-7726-4936-a437-40af0c6b01dc" />
    <UnitTestResult executionId="0d644664-b6e5-4416-a822-cfda0a9aeb5d" testId="8132f474-b32e-b83a-ed1e-20e61415bdca" testName="ProtocolGateway.Tests.MessageIntentTests.TagWrite_RecordProperties_AreCorrect" computerName="wangdingyudeMacBook-Pro" duration="00:00:00.0013276" startTime="2026-06-04T11:55:06.4106760+08:00" endTime="2026-06-04T11:55:06.4106760+08:00" testType="13cdc9d9-ddb5-4fa4-a97d-d965ccfc6d4b" outcome="Passed" testListId="8c84fa94-04c1-424b-9868-57a2d4851a1d" relativeResultsDirectory="0d644664-b6e5-4416-a822-cfda0a9aeb5d" />
    <UnitTestResult executionId="365aa30c-b53f-431d-8b8c-363ff3bd5b9a" testId="4025698d-69a6-6a8d-aca1-b127e1676731" testName="ProtocolGateway.Tests.MessageIntentTests.Message_SetIntent_Persists" computerName="wangdingyudeMacBook-Pro" duration="00:00:00.0006108" startTime="2026-06-04T11:55:06.4191070+08:00" endTime="2026-06-04T11:55:06.4191070+08:00" testType="13cdc9d9-ddb5-4fa4-a97d-d965ccfc6d4b" outcome="Passed" testListId="8c84fa94-04c1-424b-9868-57a2d4851a1d" relativeResultsDirectory="365aa30c-b53f-431d-8b8c-363ff3bd5b9a" />
    <UnitTestResult executionId="c3a81953-2dd7-4534-a7b4-868d0887216f" testId="8e04802b-9eda-9f5d-d7cf-1164ec3b2b28" testName="ProtocolGateway.Tests.Transformers.DeadbandTransformerTests.Build_AbsoluteDeadband_LargeChange_Passes" computerName="wangdingyudeMacBook-Pro" duration="00:00:00.0191986" startTime="2026-06-04T11:55:06.4108720+08:00" endTime="2026-06-04T11:55:06.4108720+08:00" testType="13cdc9d9-ddb5-4fa4-a97d-d965ccfc6d4b" outcome="Passed" testListId="8c84fa94-04c1-424b-9868-57a2d4851a1d" relativeResultsDirectory="c3a81953-2dd7-4534-a7b4-868d0887216f" />
    <UnitTestResult executionId="f7f7c3a9-6dae-4b7e-bbf4-6c6c6e5c546f" testId="d5878782-e061-e77c-c8c1-2ca12524eb45" testName="ProtocolGateway.Tests.CircuitBreakerTests.CircuitBreaker_Open_AfterRecoveryTime_BecomesHalfOpen" computerName="wangdingyudeMacBook-Pro" duration="00:00:00.0615496" startTime="2026-06-04T11:55:06.6053240+08:00" endTime="2026-06-04T11:55:06.6053250+08:00" testType="13cdc9d9-ddb5-4fa4-a97d-d965ccfc6d4b" outcome="Passed" testListId="8c84fa94-04c1-424b-9868-57a2d4851a1d" relativeResultsDirectory="f7f7c3a9-6dae-4b7e-bbf4-6c6c6e5c546f" />
    <UnitTestResult executionId="4710b844-1a94-4d01-b471-b6827e8c7535" testId="4dd1acd4-dd7e-7e61-f0b5-af889a32c0fb" testName="ProtocolGateway.Tests.Pipeline.PipelineDeadLetterManagerTests.Add_QueueFull_DropsOldest" computerName="wangdingyudeMacBook-Pro" duration="00:00:00.0382879" startTime="2026-06-04T11:55:06.4330270+08:00" endTime="2026-06-04T11:55:06.4330280+08:00" testType="13cdc9d9-ddb5-4fa4-a97d-d965ccfc6d4b" outcome="Passed" testListId="8c84fa94-04c1-424b-9868-57a2d4851a1d" relativeResultsDirectory="4710b844-1a94-4d01-b471-b6827e8c7535" />
    <UnitTestResult executionId="e772d645-8311-407a-bd09-db4655de2163" testId="a8f73ab0-443a-c264-9403-2c392ab0b25a" testName="ProtocolGateway.Tests.DeadLetterStoreAsyncTests.AddAsync_TruncatesLongPayloads" computerName="wangdingyudeMacBook-Pro" duration="00:00:00.0239803" startTime="2026-06-04T11:55:06.8435120+08:00" endTime="2026-06-04T11:55:06.8435120+08:00" testType="13cdc9d9-ddb5-4fa4-a97d-d965ccfc6d4b" outcome="Passed" testListId="8c84fa94-04c1-424b-9868-57a2d4851a1d" relativeResultsDirectory="e772d645-8311-407a-bd09-db4655de2163" />
    <UnitTestResult executionId="60caca2f-60b9-43c5-a472-71120606b793" testId="0c5784a2-a381-064e-1701-e2696e8c2ad6" testName="ProtocolGateway.Tests.Pipeline.MessageRouterTests.Route_ContinueMatching_MergesOutputs" computerName="wangdingyudeMacBook-Pro" duration="00:00:00.0033929" startTime="2026-06-04T11:55:06.4187660+08:00" endTime="2026-06-04T11:55:06.4187660+08:00" testType="13cdc9d9-ddb5-4fa4-a97d-d965ccfc6d4b" outcome="Passed" testListId="8c84fa94-04c1-424b-9868-57a2d4851a1d" relativeResultsDirectory="60caca2f-60b9-43c5-a472-71120606b793" />
    <UnitTestResult executionId="71d56b72-1da5-493a-8879-7bbbde54e7be" testId="7fac5fd6-3f60-6bdf-a3a9-1a3559164655" testName="ProtocolGateway.Tests.ResilientPipelineTests.Transformer_ReturningNull_DropsMessage" computerName="wangdingyudeMacBook-Pro" duration="00:00:00.1046747" startTime="2026-06-04T11:55:08.5319210+08:00" endTime="2026-06-04T11:55:08.5319220+08:00" testType="13cdc9d9-ddb5-4fa4-a97d-d965ccfc6d4b" outcome="Passed" testListId="8c84fa94-04c1-424b-9868-57a2d4851a1d" relativeResultsDirectory="71d56b72-1da5-493a-8879-7bbbde54e7be" />
    <UnitTestResult executionId="4d9476f0-cc5c-4d9c-9717-1d36c9608ec6" testId="8f3e9ce1-3849-d04f-c9b3-ac9f2f36f57a" testName="ProtocolGateway.Tests.Pipeline.MessageRouterTests.Route_MatchingRule_ReturnsOutputNames" computerName="wangdingyudeMacBook-Pro" duration="00:00:00.0106655" startTime="2026-06-04T11:55:06.4127210+08:00" endTime="2026-06-04T11:55:06.4127210+08:00" testType="13cdc9d9-ddb5-4fa4-a97d-d965ccfc6d4b" outcome="Passed" testListId="8c84fa94-04c1-424b-9868-57a2d4851a1d" relativeResultsDirectory="4d9476f0-cc5c-4d9c-9717-1d36c9608ec6" />
    <UnitTestResult executionId="9e5eca9b-110d-4af1-90b2-f65e21fa45dc" testId="be5de011-fae7-bbe4-dc16-b436c60ce461" testName="ProtocolGateway.Tests.ResilientPipelineTests.StartAsync_StopsAsync_LifecycleCompletes" computerName="wangdingyudeMacBook-Pro" duration="00:00:00.0412463" startTime="2026-06-04T11:55:06.4599840+08:00" endTime="2026-06-04T11:55:06.4599840+08:00" testType="13cdc9d9-ddb5-4fa4-a97d-d965ccfc6d4b" outcome="Passed" testListId="8c84fa94-04c1-424b-9868-57a2d4851a1d" relativeResultsDirectory="9e5eca9b-110d-4af1-90b2-f65e21fa45dc" />
    <UnitTestResult executionId="8bb97981-a36e-491a-a005-c347a4dce508" testId="fe44ea76-822b-5d50-5b32-96f2b4798d96" testName="ProtocolGateway.Tests.Transformers.SamplingTransformerTests.Build_Interval1_PassesAllMessages" computerName="wangdingyudeMacBook-Pro" duration="00:00:00.0111270" startTime="2026-06-04T11:55:06.4197740+08:00" endTime="2026-06-04T11:55:06.4197740+08:00" testType="13cdc9d9-ddb5-4fa4-a97d-d965ccfc6d4b" outcome="Passed" testListId="8c84fa94-04c1-424b-9868-57a2d4851a1d" relativeResultsDirectory="8bb97981-a36e-491a-a005-c347a4dce508" />
    <UnitTestResult executionId="9ce88dff-c353-4775-9e4e-4d9a8f1c5464" testId="e22bad8a-dfb9-183b-8a09-93e35281450a" testName="ProtocolGateway.Tests.CircuitBreakerTests.CircuitBreaker_ConcurrentRecordFailure_ThreadSafe" computerName="wangdingyudeMacBook-Pro" duration="00:00:00.0030073" startTime="2026-06-04T11:55:06.7418170+08:00" endTime="2026-06-04T11:55:06.7418170+08:00" testType="13cdc9d9-ddb5-4fa4-a97d-d965ccfc6d4b" outcome="Passed" testListId="8c84fa94-04c1-424b-9868-57a2d4851a1d" relativeResultsDirectory="9ce88dff-c353-4775-9e4e-4d9a8f1c5464" />
    <UnitTestResult executionId="b6a1a3c5-ed20-4273-acb8-51923a0ffbdf" testId="8e83b613-e3c3-4c75-e9dd-57169717b40c" testName="ProtocolGateway.Tests.Pipeline.MessageRouterTests.Route_NoRules_ReturnsEmpty" computerName="wangdingyudeMacBook-Pro" duration="00:00:00.0010161" startTime="2026-06-04T11:55:06.4105510+08:00" endTime="2026-06-04T11:55:06.4105510+08:00" testType="13cdc9d9-ddb5-4fa4-a97d-d965ccfc6d4b" outcome="Passed" testListId="8c84fa94-04c1-424b-9868-57a2d4851a1d" relativeResultsDirectory="b6a1a3c5-ed20-4273-acb8-51923a0ffbdf" />
    <UnitTestResult executionId="13cbd2eb-9eb9-43aa-b19e-1c785944d959" testId="578dd05a-2825-35dc-dfb6-fe0ad64a5ad7" testName="ProtocolGateway.Tests.PipelineConcurrencyTests.Pipeline_TestSendAsync_WaitsForSlowMessage" computerName="wangdingyudeMacBook-Pro" duration="00:00:00.2025594" startTime="2026-06-04T11:55:12.6508680+08:00" endTime="2026-06-04T11:55:12.6508680+08:00" testType="13cdc9d9-ddb5-4fa4-a97d-d965ccfc6d4b" outcome="Passed" testListId="8c84fa94-04c1-424b-9868-57a2d4851a1d" relativeResultsDirectory="13cbd2eb-9eb9-43aa-b19e-1c785944d959" />
    <UnitTestResult executionId="b193ed6b-4233-4d2a-a540-b7198337e9cc" testId="b30654af-908d-120b-eaa6-aef606f0ccf6" testName="ProtocolGateway.Tests.Transformers.TimeBasedSamplingTransformerTests.Build_OneSecondInterval_PassesAfterInterval" computerName="wangdingyudeMacBook-Pro" duration="00:00:00.0188064" startTime="2026-06-04T11:55:06.4213540+08:00" endTime="2026-06-04T11:55:06.4213540+08:00" testType="13cdc9d9-ddb5-4fa4-a97d-d965ccfc6d4b" outcome="Passed" testListId="8c84fa94-04c1-424b-9868-57a2d4851a1d" relativeResultsDirectory="b193ed6b-4233-4d2a-a540-b7198337e9cc" />
    <UnitTestResult executionId="9582b100-29ca-4c37-a022-8a26c2a23cbc" testId="45a627d8-9a92-9dcc-d546-36b22acb7fad" testName="ProtocolGateway.Tests.Pipeline.MessageRouterTests.Route_DeduplicatesOutputNames" computerName="wangdingyudeMacBook-Pro" duration="00:00:00.0022001" startTime="2026-06-04T11:55:06.4166460+08:00" endTime="2026-06-04T11:55:06.4166470+08:00" testType="13cdc9d9-ddb5-4fa4-a97d-d965ccfc6d4b" outcome="Passed" testListId="8c84fa94-04c1-424b-9868-57a2d4851a1d" relativeResultsDirectory="9582b100-29ca-4c37-a022-8a26c2a23cbc" />
    <UnitTestResult executionId="d3349f9e-104f-40dc-9ec2-97ec9413743b" testId="dbb13880-df59-4ad1-9708-903272a42dd7" testName="ProtocolGateway.Tests.DeadLetterStoreAsyncTests.AddAsync_RetentionPurge_RemovesExpired" computerName="wangdingyudeMacBook-Pro" duration="00:00:00.1641164" startTime="2026-06-04T11:55:06.7671810+08:00" endTime="2026-06-04T11:55:06.7671810+08:00" testType="13cdc9d9-ddb5-4fa4-a97d-d965ccfc6d4b" outcome="Passed" testListId="8c84fa94-04c1-424b-9868-57a2d4851a1d" relativeResultsDirectory="d3349f9e-104f-40dc-9ec2-97ec9413743b" />
    <UnitTestResult executionId="e2039c1e-9809-4bbf-bb3e-d3cb46c276cb" testId="01831fdb-9e0a-a446-68b4-2ee302264ee3" testName="ProtocolGateway.Tests.ResilientPipelineTests.NoMatchingRoute_MessageNotSent" computerName="wangdingyudeMacBook-Pro" duration="00:00:00.1164645" startTime="2026-06-04T11:55:06.5600380+08:00" endTime="2026-06-04T11:55:06.5600390+08:00" testType="13cdc9d9-ddb5-4fa4-a97d-d965ccfc6d4b" outcome="Passed" testListId="8c84fa94-04c1-424b-9868-57a2d4851a1d" relativeResultsDirectory="e2039c1e-9809-4bbf-bb3e-d3cb46c276cb" />
    <UnitTestResult executionId="ac9e26eb-f40a-4e5c-90f5-6dd7c418b0bd" testId="b374cbf4-f79f-1c76-5f0b-9cee1d1e979c" testName="ProtocolGateway.Tests.Transformers.TimeBasedSamplingTransformerTests.Reset_RestartsTimer" computerName="wangdingyudeMacBook-Pro" duration="00:00:00.0035064" startTime="2026-06-04T11:55:06.4219730+08:00" endTime="2026-06-04T11:55:06.4219730+08:00" testType="13cdc9d9-ddb5-4fa4-a97d-d965ccfc6d4b" outcome="Passed" testListId="8c84fa94-04c1-424b-9868-57a2d4851a1d" relativeResultsDirectory="ac9e26eb-f40a-4e5c-90f5-6dd7c418b0bd" />
    <UnitTestResult executionId="7ad6bbe2-49d2-4bb4-b2d2-7b48e89b77ae" testId="d2109583-d97c-1e83-d024-90eb79098d70" testName="ProtocolGateway.Tests.Transformers.TransformerConcurrencyTests.DeadbandTransformer_ConcurrentAccess_NoDataLoss" computerName="wangdingyudeMacBook-Pro" duration="00:00:00.0134280" startTime="2026-06-04T11:55:06.5611000+08:00" endTime="2026-06-04T11:55:06.5611010+08:00" testType="13cdc9d9-ddb5-4fa4-a97d-d965ccfc6d4b" outcome="Passed" testListId="8c84fa94-04c1-424b-9868-57a2d4851a1d" relativeResultsDirectory="7ad6bbe2-49d2-4bb4-b2d2-7b48e89b77ae" />
    <UnitTestResult executionId="1b186406-4e3d-4e1a-a7af-ab5f48c821b6" testId="27ded398-0f10-743f-bbe6-2ff170cef024" testName="ProtocolGateway.Tests.Transformers.SamplingTransformerTests.Reset_RestartsCounting" computerName="wangdingyudeMacBook-Pro" duration="00:00:00.0166434" startTime="2026-06-04T11:55:06.4161580+08:00" endTime="2026-06-04T11:55:06.4161600+08:00" testType="13cdc9d9-ddb5-4fa4-a97d-d965ccfc6d4b" outcome="Passed" testListId="8c84fa94-04c1-424b-9868-57a2d4851a1d" relativeResultsDirectory="1b186406-4e3d-4e1a-a7af-ab5f48c821b6" />
    <UnitTestResult executionId="dcbca4ae-1e88-43ac-bfce-bebb7efb39c0" testId="948339be-8929-c19f-8d39-7cdae7c83fe9" testName="ProtocolGateway.Tests.Transformers.DeadbandTransformerTests.Build_RelativeDeadband_SmallPercentChange_Filtered" computerName="wangdingyudeMacBook-Pro" duration="00:00:00.0266924" startTime="2026-06-04T11:55:06.3457260+08:00" endTime="2026-06-04T11:55:06.3457260+08:00" testType="13cdc9d9-ddb5-4fa4-a97d-d965ccfc6d4b" outcome="Passed" testListId="8c84fa94-04c1-424b-9868-57a2d4851a1d" relativeResultsDirectory="dcbca4ae-1e88-43ac-bfce-bebb7efb39c0" />
    <UnitTestResult executionId="e4471fe0-ca0f-4775-883a-2f58ab4c7c85" testId="f582f7e3-b9f0-af99-e6c7-f291cd628df2" testName="ProtocolGateway.Tests.Pipeline.PipelineSendStrategyTests.SendAsync_Failure_RetriesThenDeadLetters" computerName="wangdingyudeMacBook-Pro" duration="00:00:00.0366522" startTime="2026-06-04T11:55:11.5461260+08:00" endTime="2026-06-04T11:55:11.5461260+08:00" testType="13cdc9d9-ddb5-4fa4-a97d-d965ccfc6d4b" outcome="Passed" testListId="8c84fa94-04c1-424b-9868-57a2d4851a1d" relativeResultsDirectory="e4471fe0-ca0f-4775-883a-2f58ab4c7c85" />
    <UnitTestResult executionId="48e29e38-2dde-4891-988b-f9c1cb6ffba6" testId="6945abed-96dd-b229-7812-dde0de8bbf12" testName="ProtocolGateway.Tests.Transformers.SamplingTransformerTests.Build_Interval5_PassesEveryFifth" computerName="wangdingyudeMacBook-Pro" duration="00:00:00.0019079" startTime="2026-06-04T11:55:06.4216540+08:00" endTime="2026-06-04T11:55:06.4216540+08:00" testType="13cdc9d9-ddb5-4fa4-a97d-d965ccfc6d4b" outcome="Passed" testListId="8c84fa94-04c1-424b-9868-57a2d4851a1d" relativeResultsDirectory="48e29e38-2dde-4891-988b-f9c1cb6ffba6" />
    <UnitTestResult executionId="63a9ebb0-130f-47bf-83e9-086baa3b611f" testId="aa0fa90a-abd1-c43c-cd08-64dc98016979" testName="ProtocolGateway.Tests.DeadLetterStoreAsyncTests.AddAsync_ExceedsMaxRows_TrimsOldest" computerName="wangdingyudeMacBook-Pro" duration="00:00:00.0527844" startTime="2026-06-04T11:55:06.8964880+08:00" endTime="2026-06-04T11:55:06.8964880+08:00" testType="13cdc9d9-ddb5-4fa4-a97d-d965ccfc6d4b" outcome="Passed" testListId="8c84fa94-04c1-424b-9868-57a2d4851a1d" relativeResultsDirectory="63a9ebb0-130f-47bf-83e9-086baa3b611f" />
    <UnitTestResult executionId="42b5a0d9-6173-4de3-ab2e-8113a53cd341" testId="39702ef0-4d5a-d203-b243-a28b4d1f7640" testName="ProtocolGateway.Tests.PipelineConcurrencyTests.Pipeline_ProcessesMultipleConcurrentMessages" computerName="wangdingyudeMacBook-Pro" duration="00:00:00.5056231" startTime="2026-06-04T11:55:07.4796140+08:00" endTime="2026-06-04T11:55:07.4796150+08:00" testType="13cdc9d9-ddb5-4fa4-a97d-d965ccfc6d4b" outcome="Passed" testListId="8c84fa94-04c1-424b-9868-57a2d4851a1d" relativeResultsDirectory="42b5a0d9-6173-4de3-ab2e-8113a53cd341" />
    <UnitTestResult executionId="d88fbb79-e1e8-42bb-b6fb-f0fb23a325c3" testId="cee08d1e-f664-14b9-1bd7-e4f541b849ae" testName="ProtocolGateway.Tests.Pipeline.PipelineSendStrategyTests.CreateSkippedResult_HasCorrectStatus" computerName="wangdingyudeMacBook-Pro" duration="00:00:00.0101300" startTime="2026-06-04T11:55:06.4812530+08:00" endTime="2026-06-04T11:55:06.4812540+08:00" testType="13cdc9d9-ddb5-4fa4-a97d-d965ccfc6d4b" outcome="Passed" testListId="8c84fa94-04c1-424b-9868-57a2d4851a1d" relativeResultsDirectory="d88fbb79-e1e8-42bb-b6fb-f0fb23a325c3" />
    <UnitTestResult executionId="a90c2ad7-7dd0-4efa-a173-339f854e356e" testId="bd443eb5-7e73-85bd-5405-26c9216d2ac7" testName="ProtocolGateway.Tests.Pipeline.PipelineDeadLetterManagerTests.Add_QueueFullWithStore_PersistsEvicted" computerName="wangdingyudeMacBook-Pro" duration="00:00:00.1343401" startTime="2026-06-04T11:55:06.9306980+08:00" endTime="2026-06-04T11:55:06.9306980+08:00" testType="13cdc9d9-ddb5-4fa4-a97d-d965ccfc6d4b" outcome="Passed" testListId="8c84fa94-04c1-424b-9868-57a2d4851a1d" relativeResultsDirectory="a90c2ad7-7dd0-4efa-a173-339f854e356e" />
    <UnitTestResult executionId="e54b11db-0496-4e7c-a328-28e22f3d2035" testId="765a26e1-ec4d-506e-dad8-b8f268dca22b" testName="ProtocolGateway.Tests.Transformers.DeadbandTransformerTests.Reset_ClearsHistory" computerName="wangdingyudeMacBook-Pro" duration="00:00:00.0211445" startTime="2026-06-04T11:55:06.4284310+08:00" endTime="2026-06-04T11:55:06.4284320+08:00" testType="13cdc9d9-ddb5-4fa4-a97d-d965ccfc6d4b" outcome="Passed" testListId="8c84fa94-04c1-424b-9868-57a2d4851a1d" relativeResultsDirectory="e54b11db-0496-4e7c-a328-28e22f3d2035" />
    <UnitTestResult executionId="5744583c-6162-47e8-a335-f2c18adec95c" testId="168a0ed7-51d8-662e-5971-e02aa9068302" testName="ProtocolGateway.Tests.PipelineConcurrencyTests.Pipeline_ProcessesMessagesFromMultipleThreads" computerName="wangdingyudeMacBook-Pro" duration="00:00:00.5315433" startTime="2026-06-04T11:55:06.9735460+08:00" endTime="2026-06-04T11:55:06.9735470+08:00" testType="13cdc9d9-ddb5-4fa4-a97d-d965ccfc6d4b" outcome="Passed" testListId="8c84fa94-04c1-424b-9868-57a2d4851a1d" relativeResultsDirectory="5744583c-6162-47e8-a335-f2c18adec95c" />
    <UnitTestResult executionId="294d4923-850f-4a9e-b649-81e7a9cdc3c8" testId="b6bac7d2-bd2c-840c-5ba9-7f6496fbe285" testName="ProtocolGateway.Tests.PipelineMetricsCollectorTests.SlidingWindow_ExceedsCapacity_DiscardsOldest" computerName="wangdingyudeMacBook-Pro" duration="00:00:00.0214248" startTime="2026-06-04T11:55:06.4529830+08:00" endTime="2026-06-04T11:55:06.4529830+08:00" testType="13cdc9d9-ddb5-4fa4-a97d-d965ccfc6d4b" outcome="Failed" testListId="8c84fa94-04c1-424b-9868-57a2d4851a1d" relativeResultsDirectory="294d4923-850f-4a9e-b649-81e7a9cdc3c8">
      <Output>
        <ErrorInfo>
          <Message>Assert.Equal() Failure: Values differ
Expected: 1000
Actual:   100</Message>
          <StackTrace>   at ProtocolGateway.Tests.PipelineMetricsCollectorTests.SlidingWindow_ExceedsCapacity_DiscardsOldest() in /Users/dingyuwang/0-X/ZL.PlcSimulator/src/ProtocolGateway/tests/ProtocolGateway.Tests/ArchitectureFixesTests.cs:line 236
   at System.RuntimeMethodHandle.InvokeMethod(Object target, Void** arguments, Signature sig, Boolean isConstructor)
   at System.Reflection.MethodBaseInvoker.InvokeWithNoArgs(Object obj, BindingFlags invokeAttr)</StackTrace>
        </ErrorInfo>
      </Output>
    </UnitTestResult>
    <UnitTestResult executionId="bd6b2957-1017-4790-a3dc-6bac6274a191" testId="879bb4bb-bed8-a8f1-d96c-5808ecb9af55" testName="ProtocolGateway.Tests.CircuitBreakerRecoveryTests.CircuitBreaker_Reset_ShouldCloseImmediately" computerName="wangdingyudeMacBook-Pro" duration="00:00:00.0023788" startTime="2026-06-04T11:55:09.8555750+08:00" endTime="2026-06-04T11:55:09.8555750+08:00" testType="13cdc9d9-ddb5-4fa4-a97d-d965ccfc6d4b" outcome="Passed" testListId="8c84fa94-04c1-424b-9868-57a2d4851a1d" relativeResultsDirectory="bd6b2957-1017-4790-a3dc-6bac6274a191" />
    <UnitTestResult executionId="bdbe8439-d812-41ab-8f65-8337a81a96b2" testId="35c3fa8a-35ab-d1f3-38aa-ae6f325f275b" testName="ProtocolGateway.Tests.Transformers.DeadbandTransformerTests.Build_StringType_NeverFiltered" computerName="wangdingyudeMacBook-Pro" duration="00:00:00.0406706" startTime="2026-06-04T11:55:06.4215050+08:00" endTime="2026-06-04T11:55:06.4215050+08:00" testType="13cdc9d9-ddb5-4fa4-a97d-d965ccfc6d4b" outcome="Passed" testListId="8c84fa94-04c1-424b-9868-57a2d4851a1d" relativeResultsDirectory="bdbe8439-d812-41ab-8f65-8337a81a96b2" />
    <UnitTestResult executionId="b03ea355-e6b4-47c3-b4d0-32c98e43ce0a" testId="fac5a928-9f51-b86b-eda4-82c6da0988c6" testName="ProtocolGateway.Tests.ResilientPipelineTests.ClearDeadLetterQueue_RemovesAllEntries" computerName="wangdingyudeMacBook-Pro" duration="00:00:00.1050384" startTime="2026-06-04T11:55:08.3211050+08:00" endTime="2026-06-04T11:55:08.3211060+08:00" testType="13cdc9d9-ddb5-4fa4-a97d-d965ccfc6d4b" outcome="Failed" testListId="8c84fa94-04c1-424b-9868-57a2d4851a1d" relativeResultsDirectory="b03ea355-e6b4-47c3-b4d0-32c98e43ce0a">
      <Output>
        <ErrorInfo>
          <Message>Assert.NotEmpty() Failure: Collection was empty</Message>
          <StackTrace>   at ProtocolGateway.Tests.ResilientPipelineTests.ClearDeadLetterQueue_RemovesAllEntries() in /Users/dingyuwang/0-X/ZL.PlcSimulator/src/ProtocolGateway/tests/ProtocolGateway.Tests/ResilientPipelineTests.cs:line 86
--- End of stack trace from previous location ---</StackTrace>
        </ErrorInfo>
      </Output>
    </UnitTestResult>
    <UnitTestResult executionId="30a5f02c-5ce4-4884-a7bd-c728cb7dd2ca" testId="d859fbca-b992-3740-6f65-0baee1abbbd0" testName="ProtocolGateway.Tests.Transformers.TimeBasedSamplingTransformerTests.Build_100MsInterval_RateLimiting" computerName="wangdingyudeMacBook-Pro" duration="00:00:00.0039252" startTime="2026-06-04T11:55:06.4242260+08:00" endTime="2026-06-04T11:55:06.4242260+08:00" testType="13cdc9d9-ddb5-4fa4-a97d-d965ccfc6d4b" outcome="Passed" testListId="8c84fa94-04c1-424b-9868-57a2d4851a1d" relativeResultsDirectory="30a5f02c-5ce4-4884-a7bd-c728cb7dd2ca" />
    <UnitTestResult executionId="c3e993db-ddc2-42bd-acc8-af65f9b0dbbd" testId="208ff53a-47f0-2661-1b10-7336d13d80d4" testName="ProtocolGateway.Tests.ResilientPipelineTests.CircuitBreaker_OpensAfterRepeatedFailures" computerName="wangdingyudeMacBook-Pro" duration="00:00:00.5059610" startTime="2026-06-04T11:55:08.1075360+08:00" endTime="2026-06-04T11:55:08.1075360+08:00" testType="13cdc9d9-ddb5-4fa4-a97d-d965ccfc6d4b" outcome="Failed" testListId="8c84fa94-04c1-424b-9868-57a2d4851a1d" relativeResultsDirectory="c3e993db-ddc2-42bd-acc8-af65f9b0dbbd">
      <Output>
        <ErrorInfo>
          <Message>Assert.Equal() Failure: Values differ
Expected: Open
Actual:   Closed</Message>
          <StackTrace>   at ProtocolGateway.Tests.ResilientPipelineTests.CircuitBreaker_OpensAfterRepeatedFailures() in /Users/dingyuwang/0-X/ZL.PlcSimulator/src/ProtocolGateway/tests/ProtocolGateway.Tests/ResilientPipelineTests.cs:line 114
--- End of stack trace from previous location ---</StackTrace>
        </ErrorInfo>
      </Output>
    </UnitTestResult>
    <UnitTestResult executionId="267f23fa-5171-4d64-9fbe-343395bdfcf5" testId="adaec61d-fd95-3132-62d7-298a10180ca0" testName="ProtocolGateway.Tests.MessageTests.GetHexContent_ShouldReturnHexString" computerName="wangdingyudeMacBook-Pro" duration="00:00:00.0016223" startTime="2026-06-04T11:55:06.4159250+08:00" endTime="2026-06-04T11:55:06.4159250+08:00" testType="13cdc9d9-ddb5-4fa4-a97d-d965ccfc6d4b" outcome="Passed" testListId="8c84fa94-04c1-424b-9868-57a2d4851a1d" relativeResultsDirectory="267f23fa-5171-4d64-9fbe-343395bdfcf5" />
    <UnitTestResult executionId="e3f22569-9be5-4c99-97f4-52caefbc6c86" testId="6f2b8d0a-a542-8a1f-d8ec-692be5d706c8" testName="ProtocolGateway.Tests.ResilientPipelineTests.MultipleOutputs_OneFails_OtherSucceeds" computerName="wangdingyudeMacBook-Pro" duration="00:00:00.3068533" startTime="2026-06-04T11:55:06.9823560+08:00" endTime="2026-06-04T11:55:06.9823560+08:00" testType="13cdc9d9-ddb5-4fa4-a97d-d965ccfc6d4b" outcome="Failed" testListId="8c84fa94-04c1-424b-9868-57a2d4851a1d" relativeResultsDirectory="e3f22569-9be5-4c99-97f4-52caefbc6c86">
      <Output>
        <ErrorInfo>
          <Message>Assert.NotEmpty() Failure: Collection was empty</Message>
          <StackTrace>   at ProtocolGateway.Tests.ResilientPipelineTests.MultipleOutputs_OneFails_OtherSucceeds() in /Users/dingyuwang/0-X/ZL.PlcSimulator/src/ProtocolGateway/tests/ProtocolGateway.Tests/ResilientPipelineTests.cs:line 254
--- End of stack trace from previous location ---</StackTrace>
        </ErrorInfo>
      </Output>
    </UnitTestResult>
    <UnitTestResult executionId="75040c3c-58fc-41d6-b290-edfb5c1b94e7" testId="bab64762-8f2e-f4c9-8754-7f0b3a11dd81" testName="ProtocolGateway.Tests.CircuitBreakerTests.CircuitBreaker_InitialState_IsClosed" computerName="wangdingyudeMacBook-Pro" duration="00:00:00.0002844" startTime="2026-06-04T11:55:06.4252050+08:00" endTime="2026-06-04T11:55:06.4252050+08:00" testType="13cdc9d9-ddb5-4fa4-a97d-d965ccfc6d4b" outcome="Passed" testListId="8c84fa94-04c1-424b-9868-57a2d4851a1d" relativeResultsDirectory="75040c3c-58fc-41d6-b290-edfb5c1b94e7" />
    <UnitTestResult executionId="11f937af-9a1b-413b-910f-97da7fc82464" testId="2f807b45-b474-715f-78d3-2ea552b40e6e" testName="ProtocolGateway.Tests.MessageTests.ContentConversion_ShouldHandleVariousInputs(content: &quot;{}&quot;, contentType: &quot;text&quot;)" computerName="wangdingyudeMacBook-Pro" duration="00:00:00.0009675" startTime="2026-06-04T11:55:06.3934540+08:00" endTime="2026-06-04T11:55:06.3934540+08:00" testType="13cdc9d9-ddb5-4fa4-a97d-d965ccfc6d4b" outcome="Passed" testListId="8c84fa94-04c1-424b-9868-57a2d4851a1d" relativeResultsDirectory="11f937af-9a1b-413b-910f-97da7fc82464" />
    <UnitTestResult executionId="ee761e80-55b9-438d-8bc6-9e9485d7eba0" testId="eee789a9-8065-976d-cdcf-ec2954ecc8bf" testName="ProtocolGateway.Tests.MessageImmutabilityTests.SetPayload_ShouldSetPayload" computerName="wangdingyudeMacBook-Pro" duration="00:00:00.0006099" startTime="2026-06-04T11:55:06.4084590+08:00" endTime="2026-06-04T11:55:06.4084600+08:00" testType="13cdc9d9-ddb5-4fa4-a97d-d965ccfc6d4b" outcome="Passed" testListId="8c84fa94-04c1-424b-9868-57a2d4851a1d" relativeResultsDirectory="ee761e80-55b9-438d-8bc6-9e9485d7eba0" />
    <UnitTestResult executionId="838fcf71-ef66-4a60-a1d1-9526de59f372" testId="610d3f42-88b8-be71-378d-a26fc85f1477" testName="ProtocolGateway.Tests.Transformers.DeadbandTransformerTests.Build_AbsoluteDeadband_SmallChange_Filtered" computerName="wangdingyudeMacBook-Pro" duration="00:00:00.0032727" startTime="2026-06-04T11:55:06.4584520+08:00" endTime="2026-06-04T11:55:06.4584520+08:00" testType="13cdc9d9-ddb5-4fa4-a97d-d965ccfc6d4b" outcome="Passed" testListId="8c84fa94-04c1-424b-9868-57a2d4851a1d" relativeResultsDirectory="838fcf71-ef66-4a60-a1d1-9526de59f372" />
    <UnitTestResult executionId="e3ab3d59-c5c1-4859-b995-cd00b9f53901" testId="55882243-e6a7-4276-dbc6-004264789563" testName="ProtocolGateway.Tests.MessageIntentTests.TagWrite_NullAlias_Allowed" computerName="wangdingyudeMacBook-Pro" duration="00:00:00.0075698" startTime="2026-06-04T11:55:06.3927970+08:00" endTime="2026-06-04T11:55:06.3927970+08:00" testType="13cdc9d9-ddb5-4fa4-a97d-d965ccfc6d4b" outcome="Passed" testListId="8c84fa94-04c1-424b-9868-57a2d4851a1d" relativeResultsDirectory="e3ab3d59-c5c1-4859-b995-cd00b9f53901" />
    <UnitTestResult executionId="897bd91c-dc0b-473e-9e4a-a9d204e8e814" testId="9581ffdf-916b-3d8f-fd5e-24a3d0a0786d" testName="ProtocolGateway.Tests.CircuitBreakerTests.CircuitBreaker_Open_BeforeRecoveryTime_RemainsOpen" computerName="wangdingyudeMacBook-Pro" duration="00:00:00.1021567" startTime="2026-06-04T11:55:06.5434190+08:00" endTime="2026-06-04T11:55:06.5434200+08:00" testType="13cdc9d9-ddb5-4fa4-a97d-d965ccfc6d4b" outcome="Passed" testListId="8c84fa94-04c1-424b-9868-57a2d4851a1d" relativeResultsDirectory="897bd91c-dc0b-473e-9e4a-a9d204e8e814" />
    <UnitTestResult executionId="7d670538-8394-4323-a502-323ad4663e67" testId="f9eb5695-ab43-65d9-36fb-001488c7f2d5" testName="ProtocolGateway.Tests.Pipeline.PipelineSendStrategyTests.SendAsync_Timeout_FailsWithTimeoutException" computerName="wangdingyudeMacBook-Pro" duration="00:00:05.0092829" startTime="2026-06-04T11:55:11.4916370+08:00" endTime="2026-06-04T11:55:11.4916370+08:00" testType="13cdc9d9-ddb5-4fa4-a97d-d965ccfc6d4b" outcome="Passed" testListId="8c84fa94-04c1-424b-9868-57a2d4851a1d" relativeResultsDirectory="7d670538-8394-4323-a502-323ad4663e67" />
    <UnitTestResult executionId="eef1fae8-6bbb-48ae-839b-09b765c69ccf" testId="488e52ed-f7a6-eb18-29e6-ae29ce43b803" testName="ProtocolGateway.Tests.Pipeline.MessageRouterTests.Route_NonMatchingRule_ReturnsEmpty" computerName="wangdingyudeMacBook-Pro" duration="00:00:00.0139118" startTime="2026-06-04T11:55:06.4100620+08:00" endTime="2026-06-04T11:55:06.4100620+08:00" testType="13cdc9d9-ddb5-4fa4-a97d-d965ccfc6d4b" outcome="Passed" testListId="8c84fa94-04c1-424b-9868-57a2d4851a1d" relativeResultsDirectory="eef1fae8-6bbb-48ae-839b-09b765c69ccf" />
    <UnitTestResult executionId="348413b8-bdf6-4779-8d63-1dd989a75f8b" testId="ef026896-0323-cb4d-ea75-8e1cdd6f82b5" testName="ProtocolGateway.Tests.MessageTests.Constructor_ShouldInitializeWithDefaults" computerName="wangdingyudeMacBook-Pro" duration="00:00:00.0133971" startTime="2026-06-04T11:55:06.4121800+08:00" endTime="2026-06-04T11:55:06.4121800+08:00" testType="13cdc9d9-ddb5-4fa4-a97d-d965ccfc6d4b" outcome="Passed" testListId="8c84fa94-04c1-424b-9868-57a2d4851a1d" relativeResultsDirectory="348413b8-bdf6-4779-8d63-1dd989a75f8b" />
    <UnitTestResult executionId="b44a099c-f78c-4fac-8f83-0eac21db3ab8" testId="7bea79e9-a374-6ff9-49fd-6ee3510d83c0" testName="ProtocolGateway.Tests.Pipeline.PipelineDeadLetterManagerTests.GetMessages_ReturnsSnapshot" computerName="wangdingyudeMacBook-Pro" duration="00:00:00.0012495" startTime="2026-06-04T11:55:06.9322090+08:00" endTime="2026-06-04T11:55:06.9322100+08:00" testType="13cdc9d9-ddb5-4fa4-a97d-d965ccfc6d4b" outcome="Passed" testListId="8c84fa94-04c1-424b-9868-57a2d4851a1d" relativeResultsDirectory="b44a099c-f78c-4fac-8f83-0eac21db3ab8" />
    <UnitTestResult executionId="e4ad78f6-5b93-4bdf-9a9a-c8e0280abddb" testId="cd987268-3c1e-309b-83e8-6ff339432026" testName="ProtocolGateway.Tests.CircuitBreakerRecoveryTests.CircuitBreaker_Open_RejectsImmediately" computerName="wangdingyudeMacBook-Pro" duration="00:00:01.8715496" startTime="2026-06-04T11:55:08.2813160+08:00" endTime="2026-06-04T11:55:08.2813160+08:00" testType="13cdc9d9-ddb5-4fa4-a97d-d965ccfc6d4b" outcome="Passed" testListId="8c84fa94-04c1-424b-9868-57a2d4851a1d" relativeResultsDirectory="e4ad78f6-5b93-4bdf-9a9a-c8e0280abddb" />
    <UnitTestResult executionId="a70fb365-84f9-48bc-9674-9f98e716d87c" testId="954ad5a2-3e7d-b4dc-fe52-616a04cd5b8e" testName="ProtocolGateway.Tests.CircuitBreakerTests.CircuitBreaker_RecordFailure_ReachesThreshold_BecomesOpen" computerName="wangdingyudeMacBook-Pro" duration="00:00:00.0003844" startTime="2026-06-04T11:55:06.4249380+08:00" endTime="2026-06-04T11:55:06.4249380+08:00" testType="13cdc9d9-ddb5-4fa4-a97d-d965ccfc6d4b" outcome="Passed" testListId="8c84fa94-04c1-424b-9868-57a2d4851a1d" relativeResultsDirectory="a70fb365-84f9-48bc-9674-9f98e716d87c" />
    <UnitTestResult executionId="50c7af91-df03-415c-a363-585520e535a6" testId="d70dcf6e-68fb-074a-f890-16fae4d4f7df" testName="ProtocolGateway.Tests.MessageImmutabilityTests.Metadata_IsAlwaysInitialized" computerName="wangdingyudeMacBook-Pro" duration="00:00:00.0115283" startTime="2026-06-04T11:55:06.4081790+08:00" endTime="2026-06-04T11:55:06.4081790+08:00" testType="13cdc9d9-ddb5-4fa4-a97d-d965ccfc6d4b" outcome="Passed" testListId="8c84fa94-04c1-424b-9868-57a2d4851a1d" relativeResultsDirectory="50c7af91-df03-415c-a363-585520e535a6" />
    <UnitTestResult executionId="ad1e223e-e3e0-4e5e-b8d9-b627b153b17e" testId="1492fabc-120d-1da8-ea5d-050adfa2c853" testName="ProtocolGateway.Tests.CircuitBreakerTests.CircuitBreaker_Reset_ClearsFailureCount" computerName="wangdingyudeMacBook-Pro" duration="00:00:00.0015437" startTime="2026-06-04T11:55:06.4582180+08:00" endTime="2026-06-04T11:55:06.4582180+08:00" testType="13cdc9d9-ddb5-4fa4-a97d-d965ccfc6d4b" outcome="Failed" testListId="8c84fa94-04c1-424b-9868-57a2d4851a1d" relativeResultsDirectory="ad1e223e-e3e0-4e5e-b8d9-b627b153b17e">
      <Output>
        <ErrorInfo>
          <Message>Assert.False() Failure
Expected: False
Actual:   True</Message>
          <StackTrace>   at ProtocolGateway.Tests.CircuitBreakerTests.CircuitBreaker_Reset_ClearsFailureCount() in /Users/dingyuwang/0-X/ZL.PlcSimulator/src/ProtocolGateway/tests/ProtocolGateway.Tests/CircuitBreakerTests.cs:line 178
   at System.RuntimeMethodHandle.InvokeMethod(Object target, Void** arguments, Signature sig, Boolean isConstructor)
   at System.Reflection.MethodBaseInvoker.InvokeWithNoArgs(Object obj, BindingFlags invokeAttr)</StackTrace>
        </ErrorInfo>
      </Output>
    </UnitTestResult>
    <UnitTestResult executionId="40284abb-d32b-410a-8a97-0e927fa58724" testId="6696108c-e892-cebc-26ea-6ccd79e6cb1a" testName="ProtocolGateway.Tests.Pipeline.MessageRouterTests.Route_NullCondition_ReturnsFalse" computerName="wangdingyudeMacBook-Pro" duration="00:00:00.0193410" startTime="2026-06-04T11:55:06.4076340+08:00" endTime="2026-06-04T11:55:06.4076340+08:00" testType="13cdc9d9-ddb5-4fa4-a97d-d965ccfc6d4b" outcome="Passed" testListId="8c84fa94-04c1-424b-9868-57a2d4851a1d" relativeResultsDirectory="40284abb-d32b-410a-8a97-0e927fa58724" />
    <UnitTestResult executionId="6fd13524-c09a-4035-93a0-c235bac70c00" testId="1f8af55f-478f-cb59-f6b2-c6f449c195a2" testName="ProtocolGateway.Tests.DeadLetterStoreAsyncTests.AddAsync_ShouldPersistAndRetrieve" computerName="wangdingyudeMacBook-Pro" duration="00:00:00.0243469" startTime="2026-06-04T11:55:06.7917580+08:00" endTime="2026-06-04T11:55:06.7917590+08:00" testType="13cdc9d9-ddb5-4fa4-a97d-d965ccfc6d4b" outcome="Passed" testListId="8c84fa94-04c1-424b-9868-57a2d4851a1d" relativeResultsDirectory="6fd13524-c09a-4035-93a0-c235bac70c00" />
    <UnitTestResult executionId="624b2953-0438-4dc0-a96e-7363af5bc8d1" testId="bb6df901-ced4-fcc1-f439-ccf3596bc44f" testName="ProtocolGateway.Tests.CircuitBreakerTests.CircuitBreaker_ThresholdOfOne_FailsImmediately" computerName="wangdingyudeMacBook-Pro" duration="00:00:00.0196211" startTime="2026-06-04T11:55:06.3498070+08:00" endTime="2026-06-04T11:55:06.3498070+08:00" testType="13cdc9d9-ddb5-4fa4-a97d-d965ccfc6d4b" outcome="Passed" testListId="8c84fa94-04c1-424b-9868-57a2d4851a1d" relativeResultsDirectory="624b2953-0438-4dc0-a96e-7363af5bc8d1" />
    <UnitTestResult executionId="c57ce065-fa25-4fe2-aa4c-6f624062a450" testId="58353b85-7c54-46eb-24c8-22509f7451e9" testName="ProtocolGateway.Tests.MessageIntentTests.Message_ToString_ContainsIntent" computerName="wangdingyudeMacBook-Pro" duration="00:00:00.0010276" startTime="2026-06-04T11:55:06.4186440+08:00" endTime="2026-06-04T11:55:06.4186440+08:00" testType="13cdc9d9-ddb5-4fa4-a97d-d965ccfc6d4b" outcome="Passed" testListId="8c84fa94-04c1-424b-9868-57a2d4851a1d" relativeResultsDirectory="c57ce065-fa25-4fe2-aa4c-6f624062a450" />
    <UnitTestResult executionId="e12f16d3-af2d-4053-8a5a-2ce2f64a0af9" testId="1730e4c2-1ced-f143-b993-01a69291c1f9" testName="ProtocolGateway.Tests.CircuitBreakerTests.CircuitBreaker_HalfOpen_RecordFailure_StaysHalfOpenOrOpens" computerName="wangdingyudeMacBook-Pro" duration="00:00:00.0609728" startTime="2026-06-04T11:55:06.7390100+08:00" endTime="2026-06-04T11:55:06.7390100+08:00" testType="13cdc9d9-ddb5-4fa4-a97d-d965ccfc6d4b" outcome="Passed" testListId="8c84fa94-04c1-424b-9868-57a2d4851a1d" relativeResultsDirectory="e12f16d3-af2d-4053-8a5a-2ce2f64a0af9" />
    <UnitTestResult executionId="eeb87c9b-3cf3-4a9c-b242-823bd64e6c40" testId="c2bd94e4-84ee-3ef5-77be-902992e023d7" testName="ProtocolGateway.Tests.Pipeline.MessageRouterTests.Route_NonShortCircuit_MatchesAllRules" computerName="wangdingyudeMacBook-Pro" duration="00:00:00.0088224" startTime="2026-06-04T11:55:06.4144100+08:00" endTime="2026-06-04T11:55:06.4144110+08:00" testType="13cdc9d9-ddb5-4fa4-a97d-d965ccfc6d4b" outcome="Passed" testListId="8c84fa94-04c1-424b-9868-57a2d4851a1d" relativeResultsDirectory="eeb87c9b-3cf3-4a9c-b242-823bd64e6c40" />
    <UnitTestResult executionId="80f05590-f378-4ab6-84b1-481b19daa5a2" testId="522cf160-2583-f5bd-b5fa-1560a2c464bb" testName="ProtocolGateway.Tests.Pipeline.PipelineSendStrategyTests.ResolveSource_UsesMetadataSource" computerName="wangdingyudeMacBook-Pro" duration="00:00:00.0004433" startTime="2026-06-04T11:55:06.4819060+08:00" endTime="2026-06-04T11:55:06.4819070+08:00" testType="13cdc9d9-ddb5-4fa4-a97d-d965ccfc6d4b" outcome="Passed" testListId="8c84fa94-04c1-424b-9868-57a2d4851a1d" relativeResultsDirectory="80f05590-f378-4ab6-84b1-481b19daa5a2" />
    <UnitTestResult executionId="30b4f9ee-a008-47a2-adae-eb18d8a3007d" testId="40e6aaa1-b11f-58d4-87aa-9f519150c531" testName="ProtocolGateway.Tests.PipelineMetricsCollectorTests.GetSnapshot_Empty_ReturnsZeroes" computerName="wangdingyudeMacBook-Pro" duration="00:00:00.0715085" startTime="2026-06-04T11:55:06.4098960+08:00" endTime="2026-06-04T11:55:06.4098960+08:00" testType="13cdc9d9-ddb5-4fa4-a97d-d965ccfc6d4b" outcome="Passed" testListId="8c84fa94-04c1-424b-9868-57a2d4851a1d" relativeResultsDirectory="30b4f9ee-a008-47a2-adae-eb18d8a3007d" />
    <UnitTestResult executionId="17882233-3977-4cf4-a4fd-79a000943c98" testId="78417720-bb1c-8b75-15b9-1d63d1d67e73" testName="ProtocolGateway.Tests.Transformers.TimeBasedSamplingTransformerTests.Build_ZeroInterval_Throws" computerName="wangdingyudeMacBook-Pro" duration="00:00:00.0012421" startTime="2026-06-04T11:55:06.4243980+08:00" endTime="2026-06-04T11:55:06.4243980+08:00" testType="13cdc9d9-ddb5-4fa4-a97d-d965ccfc6d4b" outcome="Passed" testListId="8c84fa94-04c1-424b-9868-57a2d4851a1d" relativeResultsDirectory="17882233-3977-4cf4-a4fd-79a000943c98" />
    <UnitTestResult executionId="bb95ab80-1326-47bc-a865-446155c57465" testId="509eaf16-bfd1-1bb2-db2c-93c1f7dc874c" testName="ProtocolGateway.Tests.Pipeline.PipelineSendStrategyTests.ResolveSource_NullMessage_ReturnsEmpty" computerName="wangdingyudeMacBook-Pro" duration="00:00:00.0003857" startTime="2026-06-04T11:55:11.5481330+08:00" endTime="2026-06-04T11:55:11.5481330+08:00" testType="13cdc9d9-ddb5-4fa4-a97d-d965ccfc6d4b" outcome="Passed" testListId="8c84fa94-04c1-424b-9868-57a2d4851a1d" relativeResultsDirectory="bb95ab80-1326-47bc-a865-446155c57465" />
    <UnitTestResult executionId="4cf6d014-700e-431c-88c7-bc704f15c0bc" testId="aeb16337-ea77-f0b9-3f93-6eaee18f919c" testName="ProtocolGateway.Tests.Transformers.TransformerConcurrencyTests.SamplingTransformer_ConcurrentAccess_NoCounterLoss" computerName="wangdingyudeMacBook-Pro" duration="00:00:00.0115749" startTime="2026-06-04T11:55:06.5409870+08:00" endTime="2026-06-04T11:55:06.5409870+08:00" testType="13cdc9d9-ddb5-4fa4-a97d-d965ccfc6d4b" outcome="Passed" testListId="8c84fa94-04c1-424b-9868-57a2d4851a1d" relativeResultsDirectory="4cf6d014-700e-431c-88c7-bc704f15c0bc" />
    <UnitTestResult executionId="a89abc24-f033-43ec-9a72-ceed75beb4e0" testId="e0f17777-6fba-f510-ba9b-f3b107a4bab8" testName="ProtocolGateway.Tests.ResilientPipelineTests.ProcessAsync_NullMessage_IsNoOp" computerName="wangdingyudeMacBook-Pro" duration="00:00:00.0023130" startTime="2026-06-04T11:55:08.5347690+08:00" endTime="2026-06-04T11:55:08.5347690+08:00" testType="13cdc9d9-ddb5-4fa4-a97d-d965ccfc6d4b" outcome="Passed" testListId="8c84fa94-04c1-424b-9868-57a2d4851a1d" relativeResultsDirectory="a89abc24-f033-43ec-9a72-ceed75beb4e0" />
    <UnitTestResult executionId="74393815-375e-49fe-8964-112441dbafab" testId="f2a8ba2f-a2ab-ac2f-2e4b-58e945ebfba1" testName="ProtocolGateway.Tests.Transformers.DeadbandTransformerTests.Build_ZeroDeadband_PassesAllMessagesThrough" computerName="wangdingyudeMacBook-Pro" duration="00:00:00.0159629" startTime="2026-06-04T11:55:06.4055870+08:00" endTime="2026-06-04T11:55:06.4055870+08:00" testType="13cdc9d9-ddb5-4fa4-a97d-d965ccfc6d4b" outcome="Passed" testListId="8c84fa94-04c1-424b-9868-57a2d4851a1d" relativeResultsDirectory="74393815-375e-49fe-8964-112441dbafab" />
    <UnitTestResult executionId="8718f755-e930-4fc4-8966-83c1575249a7" testId="9f06f760-84b6-83ba-6fd9-081506e7104d" testName="ProtocolGateway.Tests.Pipeline.PipelineDeadLetterManagerTests.Clear_EmptiesQueue" computerName="wangdingyudeMacBook-Pro" duration="00:00:00.0019738" startTime="2026-06-04T11:55:06.4348840+08:00" endTime="2026-06-04T11:55:06.4348840+08:00" testType="13cdc9d9-ddb5-4fa4-a97d-d965ccfc6d4b" outcome="Passed" testListId="8c84fa94-04c1-424b-9868-57a2d4851a1d" relativeResultsDirectory="8718f755-e930-4fc4-8966-83c1575249a7" />
    <UnitTestResult executionId="e824dfc4-3241-467c-9246-b281570c2083" testId="a7847287-0710-69d7-695d-4b7cbc937822" testName="ProtocolGateway.Tests.Transformers.TransformerConcurrencyTests.TimeBasedSamplingTransformer_ConcurrentHighLoad_NoException" computerName="wangdingyudeMacBook-Pro" duration="00:00:00.0356842" startTime="2026-06-04T11:55:06.5281930+08:00" endTime="2026-06-04T11:55:06.5281930+08:00" testType="13cdc9d9-ddb5-4fa4-a97d-d965ccfc6d4b" outcome="Passed" testListId="8c84fa94-04c1-424b-9868-57a2d4851a1d" relativeResultsDirectory="e824dfc4-3241-467c-9246-b281570c2083" />
    <UnitTestResult executionId="e3b1c668-2af3-46df-a881-61e0d5f9ecd6" testId="c579c723-9313-4e82-2a3d-394cf1d55f61" testName="ProtocolGateway.Tests.PipelineConcurrencyTests.Pipeline_BackpressureBlocksWhenChannelFull" computerName="wangdingyudeMacBook-Pro" duration="00:00:02.0149453" startTime="2026-06-04T11:55:10.5123260+08:00" endTime="2026-06-04T11:55:10.5123260+08:00" testType="13cdc9d9-ddb5-4fa4-a97d-d965ccfc6d4b" outcome="Passed" testListId="8c84fa94-04c1-424b-9868-57a2d4851a1d" relativeResultsDirectory="e3b1c668-2af3-46df-a881-61e0d5f9ecd6" />
    <UnitTestResult executionId="07f62413-feff-43d5-beb2-dd41e3993ff2" testId="9e433422-43ff-90f6-bef3-c3f21e45f11d" testName="ProtocolGateway.Tests.MessageTests.Topic_ShouldBeSettable" computerName="wangdingyudeMacBook-Pro" duration="00:00:00.0003259" startTime="2026-06-04T11:55:06.4063330+08:00" endTime="2026-06-04T11:55:06.4063330+08:00" testType="13cdc9d9-ddb5-4fa4-a97d-d965ccfc6d4b" outcome="Passed" testListId="8c84fa94-04c1-424b-9868-57a2d4851a1d" relativeResultsDirectory="07f62413-feff-43d5-beb2-dd41e3993ff2" />
    <UnitTestResult executionId="2a5b7446-8e44-4120-9537-6886d6a2bf9e" testId="9c4f70f3-bf03-ffe1-4367-58932d8ab215" testName="ProtocolGateway.Tests.Transformers.DeadbandTransformerTests.Build_NoWrites_PassesThrough" computerName="wangdingyudeMacBook-Pro" duration="00:00:00.0021059" startTime="2026-06-04T11:55:06.4300220+08:00" endTime="2026-06-04T11:55:06.4300220+08:00" testType="13cdc9d9-ddb5-4fa4-a97d-d965ccfc6d4b" outcome="Passed" testListId="8c84fa94-04c1-424b-9868-57a2d4851a1d" relativeResultsDirectory="2a5b7446-8e44-4120-9537-6886d6a2bf9e" />
    <UnitTestResult executionId="d9916c09-0d85-44b0-8e0b-d0e52f71f304" testId="d266f6cc-3199-5c32-9dbe-905cf14d77ab" testName="ProtocolGateway.Tests.PipelineMetricsCollectorTests.RecordSuccess_ShouldTrackLatencyPercentiles" computerName="wangdingyudeMacBook-Pro" duration="00:00:00.0034592" startTime="2026-06-04T11:55:06.4585980+08:00" endTime="2026-06-04T11:55:06.4585990+08:00" testType="13cdc9d9-ddb5-4fa4-a97d-d965ccfc6d4b" outcome="Passed" testListId="8c84fa94-04c1-424b-9868-57a2d4851a1d" relativeResultsDirectory="d9916c09-0d85-44b0-8e0b-d0e52f71f304" />
    <UnitTestResult executionId="94fcc788-5f17-45c3-b146-35e0d9d3b0af" testId="15504c97-8083-b43d-5939-d5bac077aa93" testName="ProtocolGateway.Tests.PipelineConcurrencyTests.Pipeline_NoMessagesLostUnderLoad" computerName="wangdingyudeMacBook-Pro" duration="00:00:01.0056970" startTime="2026-06-04T11:55:12.1396020+08:00" endTime="2026-06-04T11:55:12.1396020+08:00" testType="13cdc9d9-ddb5-4fa4-a97d-d965ccfc6d4b" outcome="Passed" testListId="8c84fa94-04c1-424b-9868-57a2d4851a1d" relativeResultsDirectory="94fcc788-5f17-45c3-b146-35e0d9d3b0af" />
    <UnitTestResult executionId="e5c279a9-3426-49ad-b2ea-b4211ff8715d" testId="87466c69-a06c-0c93-2104-2e9fb4e84e4a" testName="ProtocolGateway.Tests.MessageImmutabilityTests.SetTextContent_ShouldSetPayloadAndContentType" computerName="wangdingyudeMacBook-Pro" duration="00:00:00.0006411" startTime="2026-06-04T11:55:06.4083310+08:00" endTime="2026-06-04T11:55:06.4083310+08:00" testType="13cdc9d9-ddb5-4fa4-a97d-d965ccfc6d4b" outcome="Passed" testListId="8c84fa94-04c1-424b-9868-57a2d4851a1d" relativeResultsDirectory="e5c279a9-3426-49ad-b2ea-b4211ff8715d" />
    <UnitTestResult executionId="0e117fab-0084-4755-a3d2-76cc14933594" testId="bd991887-587a-69d5-3654-7689101faeb4" testName="ProtocolGateway.Tests.CircuitBreakerRecoveryTests.CircuitBreaker_HalfOpen_Success_ResetsToClosed" computerName="wangdingyudeMacBook-Pro" duration="00:00:01.5708228" startTime="2026-06-04T11:55:09.8524520+08:00" endTime="2026-06-04T11:55:09.8524520+08:00" testType="13cdc9d9-ddb5-4fa4-a97d-d965ccfc6d4b" outcome="Passed" testListId="8c84fa94-04c1-424b-9868-57a2d4851a1d" relativeResultsDirectory="0e117fab-0084-4755-a3d2-76cc14933594" />
    <UnitTestResult executionId="71499bef-6f41-467a-b4d6-c42ef01697a6" testId="ec93d28a-aaba-5f4c-2842-2ae370facd44" testName="ProtocolGateway.Tests.ResilientPipelineTests.ProcessAsync_SuccessfulSend_NoDeadLetter" computerName="wangdingyudeMacBook-Pro" duration="00:00:00.1064995" startTime="2026-06-04T11:55:06.6669930+08:00" endTime="2026-06-04T11:55:06.6669930+08:00" testType="13cdc9d9-ddb5-4fa4-a97d-d965ccfc6d4b" outcome="Passed" testListId="8c84fa94-04c1-424b-9868-57a2d4851a1d" relativeResultsDirectory="71499bef-6f41-467a-b4d6-c42ef01697a6" />
    <UnitTestResult executionId="6b0a340e-a5e4-472b-9b99-ac139298a3ed" testId="acbae9b5-196a-d40e-0ae0-fd3f5c06963b" testName="ProtocolGateway.Tests.PipelineConcurrencyTests.Pipeline_FilterBlocksMatchingMessages" computerName="wangdingyudeMacBook-Pro" duration="00:00:00.3049790" startTime="2026-06-04T11:55:11.1263070+08:00" endTime="2026-06-04T11:55:11.1263070+08:00" testType="13cdc9d9-ddb5-4fa4-a97d-d965ccfc6d4b" outcome="Passed" testListId="8c84fa94-04c1-424b-9868-57a2d4851a1d" relativeResultsDirectory="6b0a340e-a5e4-472b-9b99-ac139298a3ed" />
    <UnitTestResult executionId="b6e050b4-0ba1-4f46-ae95-bdc179da4934" testId="7f5a8abc-be0a-9354-03ec-fe05c9cf641a" testName="ProtocolGateway.Tests.CancellationOnlyShutdownTests.IndustrialOutputPluginBase_OnStop_OnlyUsesCancellationToken" computerName="wangdingyudeMacBook-Pro" duration="00:00:00.0027625" startTime="2026-06-04T11:55:06.8305360+08:00" endTime="2026-06-04T11:55:06.8305360+08:00" testType="13cdc9d9-ddb5-4fa4-a97d-d965ccfc6d4b" outcome="Passed" testListId="8c84fa94-04c1-424b-9868-57a2d4851a1d" relativeResultsDirectory="b6e050b4-0ba1-4f46-ae95-bdc179da4934" />
    <UnitTestResult executionId="24c4b7d4-178e-4587-8632-7b7efcf2de89" testId="6311bbdc-8fb0-537b-7420-493f9a01826a" testName="ProtocolGateway.Tests.MessageTests.SetJsonContent_ShouldSetPayloadAndContentType" computerName="wangdingyudeMacBook-Pro" duration="00:00:00.0006986" startTime="2026-06-04T11:55:06.3930810+08:00" endTime="2026-06-04T11:55:06.3930810+08:00" testType="13cdc9d9-ddb5-4fa4-a97d-d965ccfc6d4b" outcome="Passed" testListId="8c84fa94-04c1-424b-9868-57a2d4851a1d" relativeResultsDirectory="24c4b7d4-178e-4587-8632-7b7efcf2de89" />
    <UnitTestResult executionId="d5fa5cb9-735e-473e-9692-33777589bed5" testId="e83756e1-d532-a908-00ae-1977fe9ff134" testName="ProtocolGateway.Tests.PipelineMetricsCollectorTests.RecordSuccess_Multiple_ShouldTrackTotal" computerName="wangdingyudeMacBook-Pro" duration="00:00:00.0034918" startTime="2026-06-04T11:55:06.4123500+08:00" endTime="2026-06-04T11:55:06.4123500+08:00" testType="13cdc9d9-ddb5-4fa4-a97d-d965ccfc6d4b" outcome="Passed" testListId="8c84fa94-04c1-424b-9868-57a2d4851a1d" relativeResultsDirectory="d5fa5cb9-735e-473e-9692-33777589bed5" />
    <UnitTestResult executionId="716d9bb7-4f3c-4c78-8f22-3e498ae3e1eb" testId="8b9fa237-cd59-18dd-dfbb-a754316d9cc0" testName="ProtocolGateway.Tests.MessageTests.SetHexContent_ShouldThrowOnOddLength" computerName="wangdingyudeMacBook-Pro" duration="00:00:00.0029313" startTime="2026-06-04T11:55:06.4078580+08:00" endTime="2026-06-04T11:55:06.4078590+08:00" testType="13cdc9d9-ddb5-4fa4-a97d-d965ccfc6d4b" outcome="Passed" testListId="8c84fa94-04c1-424b-9868-57a2d4851a1d" relativeResultsDirectory="716d9bb7-4f3c-4c78-8f22-3e498ae3e1eb" />
    <UnitTestResult executionId="84d7c1c4-b773-4650-815e-c8cb5fe7c521" testId="323dbac8-0256-c1d7-8e70-afc9277322b7" testName="ProtocolGateway.Tests.CircuitBreakerTests.CircuitBreaker_RecordSuccess_RemainsClosed" computerName="wangdingyudeMacBook-Pro" duration="00:00:00.0003890" startTime="2026-06-04T11:55:06.5437070+08:00" endTime="2026-06-04T11:55:06.5437070+08:00" testType="13cdc9d9-ddb5-4fa4-a97d-d965ccfc6d4b" outcome="Passed" testListId="8c84fa94-04c1-424b-9868-57a2d4851a1d" relativeResultsDirectory="84d7c1c4-b773-4650-815e-c8cb5fe7c521" />
    <UnitTestResult executionId="a792613b-ee21-4d84-a23c-55a7ceb065d7" testId="393af03b-041e-d2b9-dc44-df0f48c7e384" testName="ProtocolGateway.Tests.Pipeline.PipelineDeadLetterManagerTests.Add_WithoutStore_NoException" computerName="wangdingyudeMacBook-Pro" duration="00:00:00.0007867" startTime="2026-06-04T11:55:06.4553270+08:00" endTime="2026-06-04T11:55:06.4553270+08:00" testType="13cdc9d9-ddb5-4fa4-a97d-d965ccfc6d4b" outcome="Passed" testListId="8c84fa94-04c1-424b-9868-57a2d4851a1d" relativeResultsDirectory="a792613b-ee21-4d84-a23c-55a7ceb065d7" />
    <UnitTestResult executionId="4a217ebc-083d-44af-9234-5f5d8849f64c" testId="ec431d29-9632-63f2-2d91-94683d1873ab" testName="ProtocolGateway.Tests.Transformers.DeadbandTransformerTests.Build_FirstValue_NeverFiltered" computerName="wangdingyudeMacBook-Pro" duration="00:00:00.0018261" startTime="2026-06-04T11:55:06.4061730+08:00" endTime="2026-06-04T11:55:06.4061730+08:00" testType="13cdc9d9-ddb5-4fa4-a97d-d965ccfc6d4b" outcome="Passed" testListId="8c84fa94-04c1-424b-9868-57a2d4851a1d" relativeResultsDirectory="4a217ebc-083d-44af-9234-5f5d8849f64c" />
    <UnitTestResult executionId="4d451f51-99a0-4763-9e3f-50071e6fe284" testId="fd38d04f-0d0e-2c39-712f-f04e62a20766" testName="ProtocolGateway.Tests.CancellationOnlyShutdownTests.IndustrialOutputPluginBase_RapidStartStop_DoesNotLeak" computerName="wangdingyudeMacBook-Pro" duration="00:00:00.2003432" startTime="2026-06-04T11:55:06.5929960+08:00" endTime="2026-06-04T11:55:06.5929960+08:00" testType="13cdc9d9-ddb5-4fa4-a97d-d965ccfc6d4b" outcome="Passed" testListId="8c84fa94-04c1-424b-9868-57a2d4851a1d" relativeResultsDirectory="4d451f51-99a0-4763-9e3f-50071e6fe284" />
    <UnitTestResult executionId="5da7f3fd-dc88-44a7-8bcb-c59e5c6b729d" testId="1e92e861-068b-0543-4588-29b3efe12c78" testName="ProtocolGateway.Tests.Transformers.TransformerConcurrencyTests.TimeBasedSamplingTransformer_ConcurrentAccess_NoRaceCondition" computerName="wangdingyudeMacBook-Pro" duration="00:00:00.0295878" startTime="2026-06-04T11:55:06.4870590+08:00" endTime="2026-06-04T11:55:06.4870600+08:00" testType="13cdc9d9-ddb5-4fa4-a97d-d965ccfc6d4b" outcome="Passed" testListId="8c84fa94-04c1-424b-9868-57a2d4851a1d" relativeResultsDirectory="5da7f3fd-dc88-44a7-8bcb-c59e5c6b729d" />
    <UnitTestResult executionId="83cb4ee3-7471-4d43-ae7e-9fa783616a07" testId="a655ed0f-641f-7844-309f-5c85e649f606" testName="ProtocolGateway.Tests.Pipeline.PipelineSendStrategyTests.SendAsync_Success_FirstAttempt" computerName="wangdingyudeMacBook-Pro" duration="00:00:00.0020415" startTime="2026-06-04T11:55:11.5042210+08:00" endTime="2026-06-04T11:55:11.5042210+08:00" testType="13cdc9d9-ddb5-4fa4-a97d-d965ccfc6d4b" outcome="Passed" testListId="8c84fa94-04c1-424b-9868-57a2d4851a1d" relativeResultsDirectory="83cb4ee3-7471-4d43-ae7e-9fa783616a07" />
    <UnitTestResult executionId="593422b7-f2a6-4575-8a6a-072a20a7eb75" testId="12e4fa9f-9a81-3993-efca-73299623e81c" testName="ProtocolGateway.Tests.Pipeline.MessageRouterTests.Route_HigherPriorityRuleMatchesFirst" computerName="wangdingyudeMacBook-Pro" duration="00:00:00.0055853" startTime="2026-06-04T11:55:06.4163030+08:00" endTime="2026-06-04T11:55:06.4163030+08:00" testType="13cdc9d9-ddb5-4fa4-a97d-d965ccfc6d4b" outcome="Passed" testListId="8c84fa94-04c1-424b-9868-57a2d4851a1d" relativeResultsDirectory="593422b7-f2a6-4575-8a6a-072a20a7eb75" />
    <UnitTestResult executionId="7e22eddb-7ca8-4ad9-845b-510a79c0d2f5" testId="bde92b0d-d929-c7b4-ad46-9d4c1fb46810" testName="ProtocolGateway.Tests.MessageImmutabilityTests.TraceId_Property_ReadsAndWritesMetadata" computerName="wangdingyudeMacBook-Pro" duration="00:00:00.0109234" startTime="2026-06-04T11:55:06.3933310+08:00" endTime="2026-06-04T11:55:06.3933310+08:00" testType="13cdc9d9-ddb5-4fa4-a97d-d965ccfc6d4b" outcome="Passed" testListId="8c84fa94-04c1-424b-9868-57a2d4851a1d" relativeResultsDirectory="7e22eddb-7ca8-4ad9-845b-510a79c0d2f5" />
    <UnitTestResult executionId="c99f4e1a-ee8d-465e-9b80-73d85be9c68b" testId="630b6d43-297c-ddf4-3f42-dd443f759a81" testName="ProtocolGateway.Tests.Pipeline.PipelineSendStrategyTests.ResolveSource_FallsBackToTopic" computerName="wangdingyudeMacBook-Pro" duration="00:00:00.0003794" startTime="2026-06-04T11:55:11.5466960+08:00" endTime="2026-06-04T11:55:11.5466960+08:00" testType="13cdc9d9-ddb5-4fa4-a97d-d965ccfc6d4b" outcome="Passed" testListId="8c84fa94-04c1-424b-9868-57a2d4851a1d" relativeResultsDirectory="c99f4e1a-ee8d-465e-9b80-73d85be9c68b" />
    <UnitTestResult executionId="45ef0d9c-56b2-4234-b862-a0e43edee6ed" testId="182f94f8-c121-1109-024d-9212e8ba1f49" testName="ProtocolGateway.Tests.Transformers.SamplingTransformerTests.Build_IntervalZero_Throws" computerName="wangdingyudeMacBook-Pro" duration="00:00:00.0008265" startTime="2026-06-04T11:55:06.4218000+08:00" endTime="2026-06-04T11:55:06.4218000+08:00" testType="13cdc9d9-ddb5-4fa4-a97d-d965ccfc6d4b" outcome="Passed" testListId="8c84fa94-04c1-424b-9868-57a2d4851a1d" relativeResultsDirectory="45ef0d9c-56b2-4234-b862-a0e43edee6ed" />
    <UnitTestResult executionId="6f71da80-949a-4df9-951a-56bae57dd2cd" testId="18655c62-87be-7d7c-f182-fae079e54043" testName="ProtocolGateway.Tests.MessageTests.ToString_ShouldReturnFormattedString" computerName="wangdingyudeMacBook-Pro" duration="00:00:00.0504220" startTime="2026-06-04T11:55:06.3929570+08:00" endTime="2026-06-04T11:55:06.3929570+08:00" testType="13cdc9d9-ddb5-4fa4-a97d-d965ccfc6d4b" outcome="Passed" testListId="8c84fa94-04c1-424b-9868-57a2d4851a1d" relativeResultsDirectory="6f71da80-949a-4df9-951a-56bae57dd2cd" />
    <UnitTestResult executionId="1eef7a11-af81-4024-bf2c-d6af68fe0d27" testId="b8627ddc-2aba-a406-0407-dfbd52ff4072" testName="ProtocolGateway.Tests.DeadLetterStoreAsyncTests.ClearAsync_ShouldRemoveAllEntries" computerName="wangdingyudeMacBook-Pro" duration="00:00:00.0272663" startTime="2026-06-04T11:55:06.8192490+08:00" endTime="2026-06-04T11:55:06.8192490+08:00" testType="13cdc9d9-ddb5-4fa4-a97d-d965ccfc6d4b" outcome="Passed" testListId="8c84fa94-04c1-424b-9868-57a2d4851a1d" relativeResultsDirectory="1eef7a11-af81-4024-bf2c-d6af68fe0d27" />
    <UnitTestResult executionId="e58cd75a-7df6-4b80-9ee6-9f3c6a288233" testId="225767d5-8f47-a3fe-85f7-4ebc0d2c458a" testName="ProtocolGateway.Tests.MessageImmutabilityTests.Clone_ShouldCreateIndependentCopy" computerName="wangdingyudeMacBook-Pro" duration="00:00:00.0013251" startTime="2026-06-04T11:55:06.4054230+08:00" endTime="2026-06-04T11:55:06.4054230+08:00" testType="13cdc9d9-ddb5-4fa4-a97d-d965ccfc6d4b" outcome="Passed" testListId="8c84fa94-04c1-424b-9868-57a2d4851a1d" relativeResultsDirectory="e58cd75a-7df6-4b80-9ee6-9f3c6a288233" />
    <UnitTestResult executionId="1e819df0-8788-4474-9784-e53b26acda1b" testId="fc617297-2800-1ab2-8fc8-26f2e16ef426" testName="ProtocolGateway.Tests.Pipeline.PipelineDeadLetterManagerTests.Add_WithStore_PersistsOnce" computerName="wangdingyudeMacBook-Pro" duration="00:00:00.3577180" startTime="2026-06-04T11:55:06.7961470+08:00" endTime="2026-06-04T11:55:06.7961470+08:00" testType="13cdc9d9-ddb5-4fa4-a97d-d965ccfc6d4b" outcome="Passed" testListId="8c84fa94-04c1-424b-9868-57a2d4851a1d" relativeResultsDirectory="1e819df0-8788-4474-9784-e53b26acda1b" />
    <UnitTestResult executionId="143f5d06-091d-4654-993e-b14b0b1641ce" testId="2875f3c6-d9b0-2c39-ff70-d0a55da853c8" testName="ProtocolGateway.Tests.Pipeline.PipelineDeadLetterManagerTests.Add_IncrementsRetryCount" computerName="wangdingyudeMacBook-Pro" duration="00:00:00.0008433" startTime="2026-06-04T11:55:06.9332670+08:00" endTime="2026-06-04T11:55:06.9332680+08:00" testType="13cdc9d9-ddb5-4fa4-a97d-d965ccfc6d4b" outcome="Passed" testListId="8c84fa94-04c1-424b-9868-57a2d4851a1d" relativeResultsDirectory="143f5d06-091d-4654-993e-b14b0b1641ce" />
    <UnitTestResult executionId="4e9234bd-a26d-4f78-9744-a6c8f71f8a42" testId="fc258b93-1a85-1b51-51fc-d712b61c4a45" testName="ProtocolGateway.Tests.MessageTests.SetHexContent_ShouldConvertHexStringToBytes" computerName="wangdingyudeMacBook-Pro" duration="00:00:00.0016628" startTime="2026-06-04T11:55:06.4058020+08:00" endTime="2026-06-04T11:55:06.4058020+08:00" testType="13cdc9d9-ddb5-4fa4-a97d-d965ccfc6d4b" outcome="Passed" testListId="8c84fa94-04c1-424b-9868-57a2d4851a1d" relativeResultsDirectory="4e9234bd-a26d-4f78-9744-a6c8f71f8a42" />
    <UnitTestResult executionId="a2ad7e26-6f3d-400d-a6b2-ab455f6c11b1" testId="9f2a1e77-4b5b-4b42-440e-55a18d582d9a" testName="ProtocolGateway.Tests.ResilientPipelineTests.Filter_RemovesFilteredMessages" computerName="wangdingyudeMacBook-Pro" duration="00:00:00.1075510" startTime="2026-06-04T11:55:08.4268570+08:00" endTime="2026-06-04T11:55:08.4268570+08:00" testType="13cdc9d9-ddb5-4fa4-a97d-d965ccfc6d4b" outcome="Passed" testListId="8c84fa94-04c1-424b-9868-57a2d4851a1d" relativeResultsDirectory="a2ad7e26-6f3d-400d-a6b2-ab455f6c11b1" />
    <UnitTestResult executionId="9de6abfa-3629-4ebd-815e-e0a8ece559a7" testId="6de93efa-c778-8b5e-ee0e-4511d71a888b" testName="ProtocolGateway.Tests.MessageIntentTests.Message_DefaultIntent_IsForward" computerName="wangdingyudeMacBook-Pro" duration="00:00:00.0034476" startTime="2026-06-04T11:55:06.4102640+08:00" endTime="2026-06-04T11:55:06.4102650+08:00" testType="13cdc9d9-ddb5-4fa4-a97d-d965ccfc6d4b" outcome="Passed" testListId="8c84fa94-04c1-424b-9868-57a2d4851a1d" relativeResultsDirectory="9de6abfa-3629-4ebd-815e-e0a8ece559a7" />
    <UnitTestResult executionId="8f5c0c0b-8a98-48ad-9795-b50bf4c5db13" testId="f2678454-c848-9df9-3e3a-55eb1659ddd9" testName="ProtocolGateway.Tests.PipelineConcurrencyTests.Pipeline_RouteRuleDirectsToSpecificOutput" computerName="wangdingyudeMacBook-Pro" duration="00:00:00.3081048" startTime="2026-06-04T11:55:10.8206630+08:00" endTime="2026-06-04T11:55:10.8206640+08:00" testType="13cdc9d9-ddb5-4fa4-a97d-d965ccfc6d4b" outcome="Passed" testListId="8c84fa94-04c1-424b-9868-57a2d4851a1d" relativeResultsDirectory="8f5c0c0b-8a98-48ad-9795-b50bf4c5db13" />
    <UnitTestResult executionId="694adf4c-6d04-4df1-b618-273ad9836d0e" testId="d832b40e-84df-072a-db1c-d2b6ffe0686d" testName="ProtocolGateway.Tests.MessageTests.Clone_WithNullPayload_ShouldHandleCorrectly" computerName="wangdingyudeMacBook-Pro" duration="00:00:00.0013718" startTime="2026-06-04T11:55:06.4060370+08:00" endTime="2026-06-04T11:55:06.4060370+08:00" testType="13cdc9d9-ddb5-4fa4-a97d-d965ccfc6d4b" outcome="Passed" testListId="8c84fa94-04c1-424b-9868-57a2d4851a1d" relativeResultsDirectory="694adf4c-6d04-4df1-b618-273ad9836d0e" />
    <UnitTestResult executionId="5d73ec32-d656-4581-a62f-817887ff4eee" testId="5d3d95ba-faf7-909a-7fa7-6e5a43a3809b" testName="ProtocolGateway.Tests.Transformers.SamplingTransformerTests.Build_IntervalNegative_Throws" computerName="wangdingyudeMacBook-Pro" duration="00:00:00.0012891" startTime="2026-06-04T11:55:06.4211860+08:00" endTime="2026-06-04T11:55:06.4211860+08:00" testType="13cdc9d9-ddb5-4fa4-a97d-d965ccfc6d4b" outcome="Passed" testListId="8c84fa94-04c1-424b-9868-57a2d4851a1d" relativeResultsDirectory="5d73ec32-d656-4581-a62f-817887ff4eee" />
    <UnitTestResult executionId="b9badd1e-76b4-41dc-b0fd-e68df4083718" testId="5a46be3a-0a0f-c19f-ee8a-eaaf28efe6fa" testName="ProtocolGateway.Tests.Pipeline.PipelineSendStrategyTests.CreateSuccessResult_PopulatesAllFields" computerName="wangdingyudeMacBook-Pro" duration="00:00:00.0101522" startTime="2026-06-04T11:55:11.5019720+08:00" endTime="2026-06-04T11:55:11.5019720+08:00" testType="13cdc9d9-ddb5-4fa4-a97d-d965ccfc6d4b" outcome="Passed" testListId="8c84fa94-04c1-424b-9868-57a2d4851a1d" relativeResultsDirectory="b9badd1e-76b4-41dc-b0fd-e68df4083718" />
    <UnitTestResult executionId="abac2c7c-61cf-4edc-b80a-800598856907" testId="064de0ce-9fe3-84df-6d62-eba5804f8d04" testName="ProtocolGateway.Tests.Transformers.TransformerConcurrencyTests.DeadbandTransformer_ConcurrentDifferentAddresses_IndependentTracking" computerName="wangdingyudeMacBook-Pro" duration="00:00:00.0227009" startTime="2026-06-04T11:55:06.5841060+08:00" endTime="2026-06-04T11:55:06.5841070+08:00" testType="13cdc9d9-ddb5-4fa4-a97d-d965ccfc6d4b" outcome="Passed" testListId="8c84fa94-04c1-424b-9868-57a2d4851a1d" relativeResultsDirectory="abac2c7c-61cf-4edc-b80a-800598856907" />
    <UnitTestResult executionId="c5346632-c516-492e-b37b-37e060d9564b" testId="b458286c-abca-e73c-a296-ac819d8aa648" testName="ProtocolGateway.Tests.MessageTests.Metadata_ShouldBeModifiable" computerName="wangdingyudeMacBook-Pro" duration="00:00:00.0118128" startTime="2026-06-04T11:55:06.4128680+08:00" endTime="2026-06-04T11:55:06.4128690+08:00" testType="13cdc9d9-ddb5-4fa4-a97d-d965ccfc6d4b" outcome="Passed" testListId="8c84fa94-04c1-424b-9868-57a2d4851a1d" relativeResultsDirectory="c5346632-c516-492e-b37b-37e060d9564b" />
    <UnitTestResult executionId="446f58c1-a7cf-4672-ab9d-7bb1c9219eaa" testId="5d3537d7-a0f1-5387-46c2-9e4de0b987c1" testName="ProtocolGateway.Tests.Pipeline.MessageRouterTests.RuleCount_ReturnsCorrectCount" computerName="wangdingyudeMacBook-Pro" duration="00:00:00.0398116" startTime="2026-06-04T11:55:06.3555320+08:00" endTime="2026-06-04T11:55:06.3555320+08:00" testType="13cdc9d9-ddb5-4fa4-a97d-d965ccfc6d4b" outcome="Passed" testListId="8c84fa94-04c1-424b-9868-57a2d4851a1d" relativeResultsDirectory="446f58c1-a7cf-4672-ab9d-7bb1c9219eaa" />
    <UnitTestResult executionId="1cc02ca5-652b-4881-8df3-7b1c650d404d" testId="f587e777-ec0f-1c50-c314-0ae77267d1dc" testName="ProtocolGateway.Tests.PipelineMetricsCollectorTests.RecordFailure_ShouldTrackErrorRate" computerName="wangdingyudeMacBook-Pro" duration="00:00:00.0004171" startTime="2026-06-04T11:55:06.4598520+08:00" endTime="2026-06-04T11:55:06.4598520+08:00" testType="13cdc9d9-ddb5-4fa4-a97d-d965ccfc6d4b" outcome="Passed" testListId="8c84fa94-04c1-424b-9868-57a2d4851a1d" relativeResultsDirectory="1cc02ca5-652b-4881-8df3-7b1c650d404d" />
[...]
[2026-06-04T11:55:08.5055380+08:00] [WARN] [PipelineSendStrategy] Failed to send to 'failing-mock' (attempt 4/4): Simulated failure
System.InvalidOperationException: Simulated failure
   at ProtocolGateway.Tests.ResilientPipelineTests.FailingMockOutput.SendAsync(Message message, CancellationToken cancellationToken) in /Users/dingyuwang/0-X/ZL.PlcSimulator/src/ProtocolGateway/tests/ProtocolGateway.Tests/ResilientPipelineTests.cs:line 327
   at ProtocolGateway.PipelineSendStrategy.SendAsync(IOutputPlugin output, Message message, String traceId, CircuitBreaker breaker, Action`2 onDeadLetter, CancellationToken ct) in /Users/dingyuwang/0-X/ZL.PlcSimulator/src/ProtocolGateway/src/ProtocolGateway/Pipeline/PipelineSendStrategy.cs:line 47
[2026-06-04T11:55:08.5058980+08:00] [WARN] [PipelineSendStrategy] Circuit breaker OPENED for output 'failing-mock'.
[2026-06-04T11:55:08.5056300+08:00] [WARN] [PipelineSendStrategy] Failed to send to 'failing-mock' (attempt 4/4): Simulated failure
System.InvalidOperationException: Simulated failure
   at ProtocolGateway.Tests.ResilientPipelineTests.FailingMockOutput.SendAsync(Message message, CancellationToken cancellationToken) in /Users/dingyuwang/0-X/ZL.PlcSimulator/src/ProtocolGateway/tests/ProtocolGateway.Tests/ResilientPipelineTests.cs:line 327
   at ProtocolGateway.PipelineSendStrategy.SendAsync(IOutputPlugin output, Message message, String traceId, CircuitBreaker breaker, Action`2 onDeadLetter, CancellationToken ct) in /Users/dingyuwang/0-X/ZL.PlcSimulator/src/ProtocolGateway/src/ProtocolGateway/Pipeline/PipelineSendStrategy.cs:line 47
[2026-06-04T11:55:08.5061670+08:00] [WARN] [PipelineSendStrategy] Circuit breaker OPENED for output 'failing-mock'.
[2026-06-04T11:55:08.5057350+08:00] [WARN] [PipelineSendStrategy] Failed to send to 'failing-mock' (attempt 4/4): Simulated failure
System.InvalidOperationException: Simulated failure
   at ProtocolGateway.Tests.ResilientPipelineTests.FailingMockOutput.SendAsync(Message message, CancellationToken cancellationToken) in /Users/dingyuwang/0-X/ZL.PlcSimulator/src/ProtocolGateway/tests/ProtocolGateway.Tests/ResilientPipelineTests.cs:line 327
   at ProtocolGateway.PipelineSendStrategy.SendAsync(IOutputPlugin output, Message message, String traceId, CircuitBreaker breaker, Action`2 onDeadLetter, CancellationToken ct) in /Users/dingyuwang/0-X/ZL.PlcSimulator/src/ProtocolGateway/src/ProtocolGateway/Pipeline/PipelineSendStrategy.cs:line 47
[2026-06-04T11:55:08.5064250+08:00] [WARN] [PipelineSendStrategy] Circuit breaker OPENED for output 'failing-mock'.
[2026-06-04T11:55:08.5056740+08:00] [WARN] [PipelineSendStrategy] Failed to send to 'failing-mock' (attempt 4/4): Simulated failure
System.InvalidOperationException: Simulated failure
   at ProtocolGateway.Tests.ResilientPipelineTests.FailingMockOutput.SendAsync(Message message, CancellationToken cancellationToken) in /Users/dingyuwang/0-X/ZL.PlcSimulator/src/ProtocolGateway/tests/ProtocolGateway.Tests/ResilientPipelineTests.cs:line 327
   at ProtocolGateway.PipelineSendStrategy.SendAsync(IOutputPlugin output, Message message, String traceId, CircuitBreaker breaker, Action`2 onDeadLetter, CancellationToken ct) in /Users/dingyuwang/0-X/ZL.PlcSimulator/src/ProtocolGateway/src/ProtocolGateway/Pipeline/PipelineSendStrategy.cs:line 47
[2026-06-04T11:55:08.5067750+08:00] [WARN] [PipelineSendStrategy] Circuit breaker OPENED for output 'failing-mock'.
[2026-06-04T11:55:08.5067280+08:00] [WARN] [ResilientMessagePipeline] Circuit breaker is OPEN for output 'failing-mock', message sent to dead letter queue.
[2026-06-04T11:55:08.5068940+08:00] [WARN] [ResilientMessagePipeline] Circuit breaker is OPEN for output 'failing-mock', message sent to dead letter queue.
[2026-06-04T11:55:08.5205930+08:00] [WARN] [PipelineSendStrategy] Failed to send to 'failing-mock' (attempt 3/4): Simulated failure
System.InvalidOperationException: Simulated failure
   at ProtocolGateway.Tests.ResilientPipelineTests.FailingMockOutput.SendAsync(Message message, CancellationToken cancellationToken) in /Users/dingyuwang/0-X/ZL.PlcSimulator/src/ProtocolGateway/tests/ProtocolGateway.Tests/ResilientPipelineTests.cs:line 327
   at ProtocolGateway.PipelineSendStrategy.SendAsync(IOutputPlugin output, Message message, String traceId, CircuitBreaker breaker, Action`2 onDeadLetter, CancellationToken ct) in /Users/dingyuwang/0-X/ZL.PlcSimulator/src/ProtocolGateway/src/ProtocolGateway/Pipeline/PipelineSendStrategy.cs:line 47
[2026-06-04T11:55:08.5948170+08:00] [WARN] [PipelineSendStrategy] Failed to send to 'test-output' (attempt 3/4): fail
System.IO.IOException: fail
   at ProtocolGateway.PipelineSendStrategy.SendAsync(IOutputPlugin output, Message message, String traceId, CircuitBreaker breaker, Action`2 onDeadLetter, CancellationToken ct) in /Users/dingyuwang/0-X/ZL.PlcSimulator/src/ProtocolGateway/src/ProtocolGateway/Pipeline/PipelineSendStrategy.cs:line 52
[2026-06-04T11:55:08.6094290+08:00] [WARN] [PipelineSendStrategy] Failed to send to 'failing-mock' (attempt 3/4): Simulated failure
System.InvalidOperationException: Simulated failure
   at ProtocolGateway.Tests.ResilientPipelineTests.FailingMockOutput.SendAsync(Message message, CancellationToken cancellationToken) in /Users/dingyuwang/0-X/ZL.PlcSimulator/src/ProtocolGateway/tests/ProtocolGateway.Tests/ResilientPipelineTests.cs:line 327
   at ProtocolGateway.PipelineSendStrategy.SendAsync(IOutputPlugin output, Message message, String traceId, CircuitBreaker breaker, Action`2 onDeadLetter, CancellationToken ct) in /Users/dingyuwang/0-X/ZL.PlcSimulator/src/ProtocolGateway/src/ProtocolGateway/Pipeline/PipelineSendStrategy.cs:line 47
[2026-06-04T11:55:08.6094350+08:00] [WARN] [PipelineSendStrategy] Failed to send to 'failing-mock' (attempt 3/4): Simulated failure
System.InvalidOperationException: Simulated failure
   at ProtocolGateway.Tests.ResilientPipelineTests.FailingMockOutput.SendAsync(Message message, CancellationToken cancellationToken) in /Users/dingyuwang/0-X/ZL.PlcSimulator/src/ProtocolGateway/tests/ProtocolGateway.Tests/ResilientPipelineTests.cs:line 327
   at ProtocolGateway.PipelineSendStrategy.SendAsync(IOutputPlugin output, Message message, String traceId, CircuitBreaker breaker, Action`2 onDeadLetter, CancellationToken ct) in /Users/dingyuwang/0-X/ZL.PlcSimulator/src/ProtocolGateway/src/ProtocolGateway/Pipeline/PipelineSendStrategy.cs:line 47
[2026-06-04T11:55:08.6094720+08:00] [WARN] [PipelineSendStrategy] Failed to send to 'failing-mock' (attempt 3/4): Simulated failure
System.InvalidOperationException: Simulated failure
   at ProtocolGateway.Tests.ResilientPipelineTests.FailingMockOutput.SendAsync(Message message, CancellationToken cancellationToken) in /Users/dingyuwang/0-X/ZL.PlcSimulator/src/ProtocolGateway/tests/ProtocolGateway.Tests/ResilientPipelineTests.cs:line 327
   at ProtocolGateway.PipelineSendStrategy.SendAsync(IOutputPlugin output, Message message, String traceId, CircuitBreaker breaker, Action`2 onDeadLetter, CancellationToken ct) in /Users/dingyuwang/0-X/ZL.PlcSimulator/src/ProtocolGateway/src/ProtocolGateway/Pipeline/PipelineSendStrategy.cs:line 47
[2026-06-04T11:55:08.6094980+08:00] [WARN] [PipelineSendStrategy] Failed to send to 'failing-mock' (attempt 3/4): Simulated failure
System.InvalidOperationException: Simulated failure
   at ProtocolGateway.Tests.ResilientPipelineTests.FailingMockOutput.SendAsync(Message message, CancellationToken cancellationToken) in /Users/dingyuwang/0-X/ZL.PlcSimulator/src/ProtocolGateway/tests/ProtocolGateway.Tests/ResilientPipelineTests.cs:line 327
   at ProtocolGateway.PipelineSendStrategy.SendAsync(IOutputPlugin output, Message message, String traceId, CircuitBreaker breaker, Action`2 onDeadLetter, CancellationToken ct) in /Users/dingyuwang/0-X/ZL.PlcSimulator/src/ProtocolGateway/src/ProtocolGateway/Pipeline/PipelineSendStrategy.cs:line 47
[2026-06-04T11:55:08.9230880+08:00] [WARN] [PipelineSendStrategy] Failed to send to 'failing-mock' (attempt 4/4): Simulated failure
System.InvalidOperationException: Simulated failure
   at ProtocolGateway.Tests.ResilientPipelineTests.FailingMockOutput.SendAsync(Message message, CancellationToken cancellationToken) in /Users/dingyuwang/0-X/ZL.PlcSimulator/src/ProtocolGateway/tests/ProtocolGateway.Tests/ResilientPipelineTests.cs:line 327
   at ProtocolGateway.PipelineSendStrategy.SendAsync(IOutputPlugin output, Message message, String traceId, CircuitBreaker breaker, Action`2 onDeadLetter, CancellationToken ct) in /Users/dingyuwang/0-X/ZL.PlcSimulator/src/ProtocolGateway/src/ProtocolGateway/Pipeline/PipelineSendStrategy.cs:line 47
[2026-06-04T11:55:08.9968250+08:00] [WARN] [PipelineSendStrategy] Failed to send to 'test-output' (attempt 4/4): fail
System.IO.IOException: fail
   at ProtocolGateway.PipelineSendStrategy.SendAsync(IOutputPlugin output, Message message, String traceId, CircuitBreaker breaker, Action`2 onDeadLetter, CancellationToken ct) in /Users/dingyuwang/0-X/ZL.PlcSimulator/src/ProtocolGateway/src/ProtocolGateway/Pipeline/PipelineSendStrategy.cs:line 52
[2026-06-04T11:55:08.9986250+08:00] [WARN] [PipelineSendStrategy] Failed to send to 'test-output' (attempt 1/4): fail
System.IO.IOException: fail
   at ProtocolGateway.PipelineSendStrategy.SendAsync(IOutputPlugin output, Message message, String traceId, CircuitBreaker breaker, Action`2 onDeadLetter, CancellationToken ct) in /Users/dingyuwang/0-X/ZL.PlcSimulator/src/ProtocolGateway/src/ProtocolGateway/Pipeline/PipelineSendStrategy.cs:line 52
[2026-06-04T11:55:09.0107960+08:00] [WARN] [PipelineSendStrategy] Failed to send to 'failing-mock' (attempt 4/4): Simulated failure
System.InvalidOperationException: Simulated failure
   at ProtocolGateway.Tests.ResilientPipelineTests.FailingMockOutput.SendAsync(Message message, CancellationToken cancellationToken) in /Users/dingyuwang/0-X/ZL.PlcSimulator/src/ProtocolGateway/tests/ProtocolGateway.Tests/ResilientPipelineTests.cs:line 327
   at ProtocolGateway.PipelineSendStrategy.SendAsync(IOutputPlugin output, Message message, String traceId, CircuitBreaker breaker, Action`2 onDeadLetter, CancellationToken ct) in /Users/dingyuwang/0-X/ZL.PlcSimulator/src/ProtocolGateway/src/ProtocolGateway/Pipeline/PipelineSendStrategy.cs:line 47
[2026-06-04T11:55:09.0108840+08:00] [WARN] [PipelineSendStrategy] Failed to send to 'failing-mock' (attempt 4/4): Simulated failure
System.InvalidOperationException: Simulated failure
   at ProtocolGateway.Tests.ResilientPipelineTests.FailingMockOutput.SendAsync(Message message, CancellationToken cancellationToken) in /Users/dingyuwang/0-X/ZL.PlcSimulator/src/ProtocolGateway/tests/ProtocolGateway.Tests/ResilientPipelineTests.cs:line 327
   at ProtocolGateway.PipelineSendStrategy.SendAsync(IOutputPlugin output, Message message, String traceId, CircuitBreaker breaker, Action`2 onDeadLetter, CancellationToken ct) in /Users/dingyuwang/0-X/ZL.PlcSimulator/src/ProtocolGateway/src/ProtocolGateway/Pipeline/PipelineSendStrategy.cs:line 47
[2026-06-04T11:55:09.0109190+08:00] [WARN] [PipelineSendStrategy] Failed to send to 'failing-mock' (attempt 4/4): Simulated failure
System.InvalidOperationException: Simulated failure
   at ProtocolGateway.Tests.ResilientPipelineTests.FailingMockOutput.SendAsync(Message message, CancellationToken cancellationToken) in /Users/dingyuwang/0-X/ZL.PlcSimulator/src/ProtocolGateway/tests/ProtocolGateway.Tests/ResilientPipelineTests.cs:line 327
   at ProtocolGateway.PipelineSendStrategy.SendAsync(IOutputPlugin output, Message message, String traceId, CircuitBreaker breaker, Action`2 onDeadLetter, CancellationToken ct) in /Users/dingyuwang/0-X/ZL.PlcSimulator/src/ProtocolGateway/src/ProtocolGateway/Pipeline/PipelineSendStrategy.cs:line 47
[2026-06-04T11:55:09.0108840+08:00] [WARN] [PipelineSendStrategy] Failed to send to 'failing-mock' (attempt 4/4): Simulated failure
System.InvalidOperationException: Simulated failure
   at ProtocolGateway.Tests.ResilientPipelineTests.FailingMockOutput.SendAsync(Message message, CancellationToken cancellationToken) in /Users/dingyuwang/0-X/ZL.PlcSimulator/src/ProtocolGateway/tests/ProtocolGateway.Tests/ResilientPipelineTests.cs:line 327
   at ProtocolGateway.PipelineSendStrategy.SendAsync(IOutputPlugin output, Message message, String traceId, CircuitBreaker breaker, Action`2 onDeadLetter, CancellationToken ct) in /Users/dingyuwang/0-X/ZL.PlcSimulator/src/ProtocolGateway/src/ProtocolGateway/Pipeline/PipelineSendStrategy.cs:line 47
[2026-06-04T11:55:09.0118840+08:00] [WARN] [PipelineSendStrategy] Circuit breaker OPENED for output 'failing-mock'.
[2026-06-04T11:55:09.0111840+08:00] [WARN] [PipelineSendStrategy] Circuit breaker OPENED for output 'failing-mock'.
[2026-06-04T11:55:09.0114500+08:00] [WARN] [PipelineSendStrategy] Circuit breaker OPENED for output 'failing-mock'.
[2026-06-04T11:55:09.0116900+08:00] [WARN] [PipelineSendStrategy] Circuit breaker OPENED for output 'failing-mock'.
[2026-06-04T11:55:09.0121580+08:00] [WARN] [ResilientMessagePipeline] Circuit breaker is OPEN for output 'failing-mock', message sent to dead letter queue.
[2026-06-04T11:55:09.0122460+08:00] [WARN] [ResilientMessagePipeline] Circuit breaker is OPEN for output 'failing-mock', message sent to dead letter queue.
[2026-06-04T11:55:09.0996130+08:00] [WARN] [PipelineSendStrategy] Failed to send to 'test-output' (attempt 2/4): fail
System.IO.IOException: fail
   at ProtocolGateway.PipelineSendStrategy.SendAsync(IOutputPlugin output, Message message, String traceId, CircuitBreaker breaker, Action`2 onDeadLetter, CancellationToken ct) in /Users/dingyuwang/0-X/ZL.PlcSimulator/src/ProtocolGateway/src/ProtocolGateway/Pipeline/PipelineSendStrategy.cs:line 52
[2026-06-04T11:55:09.3001750+08:00] [WARN] [PipelineSendStrategy] Failed to send to 'test-output' (attempt 3/4): fail
System.IO.IOException: fail
   at ProtocolGateway.PipelineSendStrategy.SendAsync(IOutputPlugin output, Message message, String traceId, CircuitBreaker breaker, Action`2 onDeadLetter, CancellationToken ct) in /Users/dingyuwang/0-X/ZL.PlcSimulator/src/ProtocolGateway/src/ProtocolGateway/Pipeline/PipelineSendStrategy.cs:line 52
[2026-06-04T11:55:09.7011160+08:00] [WARN] [PipelineSendStrategy] Failed to send to 'test-output' (attempt 4/4): fail
System.IO.IOException: fail
   at ProtocolGateway.PipelineSendStrategy.SendAsync(IOutputPlugin output, Message message, String traceId, CircuitBreaker breaker, Action`2 onDeadLetter, CancellationToken ct) in /Users/dingyuwang/0-X/ZL.PlcSimulator/src/ProtocolGateway/src/ProtocolGateway/Pipeline/PipelineSendStrategy.cs:line 52
[2026-06-04T11:55:09.7014730+08:00] [WARN] [PipelineSendStrategy] Circuit breaker OPENED for output 'test-output'.
[2026-06-04T11:55:11.4889310+08:00] [WARN] [PipelineSendStrategy] Failed to send to 'slow-out' (attempt 1/1): Send to 'slow-out' timed out after 100ms
System.TimeoutException: Send to 'slow-out' timed out after 100ms
   at ProtocolGateway.PipelineSendStrategy.SendAsync(IOutputPlugin output, Message message, String traceId, CircuitBreaker breaker, Action`2 onDeadLetter, CancellationToken ct) in /Users/dingyuwang/0-X/ZL.PlcSimulator/src/ProtocolGateway/src/ProtocolGateway/Pipeline/PipelineSendStrategy.cs:line 60
[2026-06-04T11:55:11.5069910+08:00] [WARN] [PipelineSendStrategy] Failed to send to 'failing-out' (attempt 1/1): always fails
System.IO.IOException: always fails
   at ProtocolGateway.PipelineSendStrategy.SendAsync(IOutputPlugin output, Message message, String traceId, CircuitBreaker breaker, Action`2 onDeadLetter, CancellationToken ct) in /Users/dingyuwang/0-X/ZL.PlcSimulator/src/ProtocolGateway/src/ProtocolGateway/Pipeline/PipelineSendStrategy.cs:line 52
[2026-06-04T11:55:11.5078120+08:00] [WARN] [PipelineSendStrategy] Failed to send to 'failing-out' (attempt 1/1): always fails
System.IO.IOException: always fails
   at ProtocolGateway.PipelineSendStrategy.SendAsync(IOutputPlugin output, Message message, String traceId, CircuitBreaker breaker, Action`2 onDeadLetter, CancellationToken ct) in /Users/dingyuwang/0-X/ZL.PlcSimulator/src/ProtocolGateway/src/ProtocolGateway/Pipeline/PipelineSendStrategy.cs:line 52
[2026-06-04T11:55:11.5080620+08:00] [WARN] [PipelineSendStrategy] Circuit breaker OPENED for output 'failing-out'.
[2026-06-04T11:55:11.5121310+08:00] [WARN] [PipelineSendStrategy] Failed to send to 'failing-out' (attempt 1/3): always fails
System.IO.IOException: always fails
   at ProtocolGateway.PipelineSendStrategy.SendAsync(IOutputPlugin output, Message message, String traceId, CircuitBreaker breaker, Action`2 onDeadLetter, CancellationToken ct) in /Users/dingyuwang/0-X/ZL.PlcSimulator/src/ProtocolGateway/src/ProtocolGateway/Pipeline/PipelineSendStrategy.cs:line 52
[2026-06-04T11:55:11.5237090+08:00] [WARN] [PipelineSendStrategy] Failed to send to 'failing-out' (attempt 2/3): always fails
System.IO.IOException: always fails
   at ProtocolGateway.PipelineSendStrategy.SendAsync(IOutputPlugin output, Message message, String traceId, CircuitBreaker breaker, Action`2 onDeadLetter, CancellationToken ct) in /Users/dingyuwang/0-X/ZL.PlcSimulator/src/ProtocolGateway/src/ProtocolGateway/Pipeline/PipelineSendStrategy.cs:line 52
[2026-06-04T11:55:11.5451170+08:00] [WARN] [PipelineSendStrategy] Failed to send to 'failing-out' (attempt 3/3): always fails
System.IO.IOException: always fails
   at ProtocolGateway.PipelineSendStrategy.SendAsync(IOutputPlugin output, Message message, String traceId, CircuitBreaker breaker, Action`2 onDeadLetter, CancellationToken ct) in /Users/dingyuwang/0-X/ZL.PlcSimulator/src/ProtocolGateway/src/ProtocolGateway/Pipeline/PipelineSendStrategy.cs:line 52
[xUnit.net 00:00:07.43]   Finished:    ProtocolGateway.Tests
</StdOut>
    </Output>
    <RunInfos>
      <RunInfo computerName="wangdingyudeMacBook-Pro" outcome="Error" timestamp="2026-06-04T11:55:07.6337050+08:00">
        <Text>[xUnit.net 00:00:01.21]     ProtocolGateway.Tests.PipelineMetricsCollectorTests.SlidingWindow_ExceedsCapacity_DiscardsOldest [FAIL]</Text>
      </RunInfo>
      <RunInfo computerName="wangdingyudeMacBook-Pro" outcome="Error" timestamp="2026-06-04T11:55:07.6355210+08:00">
        <Text>[xUnit.net 00:00:01.22]     ProtocolGateway.Tests.CircuitBreakerTests.CircuitBreaker_Reset_ClearsFailureCount [FAIL]</Text>
      </RunInfo>
      <RunInfo computerName="wangdingyudeMacBook-Pro" outcome="Error" timestamp="2026-06-04T11:55:07.6400580+08:00">
        <Text>[xUnit.net 00:00:01.75]     ProtocolGateway.Tests.ResilientPipelineTests.MultipleOutputs_OneFails_OtherSucceeds [FAIL]</Text>
      </RunInfo>
      <RunInfo computerName="wangdingyudeMacBook-Pro" outcome="Error" timestamp="2026-06-04T11:55:07.6402420+08:00">
        <Text>[xUnit.net 00:00:01.85]     ProtocolGateway.Tests.ResilientPipelineTests.ProcessAsync_OutputFails_MessageGoesToDeadLetterQueue [FAIL]</Text>
      </RunInfo>
      <RunInfo computerName="wangdingyudeMacBook-Pro" outcome="Error" timestamp="2026-06-04T11:55:07.6407480+08:00">
        <Text>[xUnit.net 00:00:02.36]     ProtocolGateway.Tests.ResilientPipelineTests.CircuitBreaker_Reset_ClearsState [FAIL]</Text>
      </RunInfo>
      <RunInfo computerName="wangdingyudeMacBook-Pro" outcome="Error" timestamp="2026-06-04T11:55:08.1076980+08:00">
        <Text>[xUnit.net 00:00:02.87]     ProtocolGateway.Tests.ResilientPipelineTests.CircuitBreaker_OpensAfterRepeatedFailures [FAIL]</Text>
      </RunInfo>
      <RunInfo computerName="wangdingyudeMacBook-Pro" outcome="Error" timestamp="2026-06-04T11:55:08.3206690+08:00">
        <Text>[xUnit.net 00:00:03.09]     ProtocolGateway.Tests.ResilientPipelineTests.ClearDeadLetterQueue_RemovesAllEntries [FAIL]</Text>
      </RunInfo>
    </RunInfos>
  </ResultSummary>
</TestRun>